{"/Users/rachelchen/snuba/snuba/admin/static/api_client.tsx": {"path":"/Users/rachelchen/snuba/snuba/admin/static/api_client.tsx","statementMap":{"0":{"start":{"line":112,"column":18},"end":{"line":112,"column":21}},"1":{"start":{"line":114,"column":2},"end":{"line":514,"column":4}},"2":{"start":{"line":116,"column":18},"end":{"line":116,"column":38}},"3":{"start":{"line":117,"column":6},"end":{"line":117,"column":52}},"4":{"start":{"line":117,"column":39},"end":{"line":117,"column":51}},"5":{"start":{"line":120,"column":18},"end":{"line":120,"column":37}},"6":{"start":{"line":121,"column":6},"end":{"line":121,"column":52}},"7":{"start":{"line":121,"column":39},"end":{"line":121,"column":51}},"8":{"start":{"line":124,"column":18},"end":{"line":124,"column":63}},"9":{"start":{"line":125,"column":6},"end":{"line":127,"column":37}},"10":{"start":{"line":127,"column":24},"end":{"line":127,"column":36}},"11":{"start":{"line":134,"column":18},"end":{"line":134,"column":37}},"12":{"start":{"line":135,"column":21},"end":{"line":135,"column":48}},"13":{"start":{"line":137,"column":6},"end":{"line":150,"column":9}},"14":{"start":{"line":142,"column":8},"end":{"line":149,"column":null}},"15":{"start":{"line":143,"column":10},"end":{"line":143,"column":45}},"16":{"start":{"line":145,"column":10},"end":{"line":148,"column":13}},"17":{"start":{"line":146,"column":25},"end":{"line":146,"column":64}},"18":{"start":{"line":147,"column":12},"end":{"line":147,"column":36}},"19":{"start":{"line":154,"column":8},"end":{"line":157,"column":56}},"20":{"start":{"line":158,"column":6},"end":{"line":167,"column":9}},"21":{"start":{"line":162,"column":8},"end":{"line":166,"column":null}},"22":{"start":{"line":163,"column":10},"end":{"line":163,"column":17}},"23":{"start":{"line":165,"column":10},"end":{"line":165,"column":53}},"24":{"start":{"line":174,"column":18},"end":{"line":174,"column":64}},"25":{"start":{"line":175,"column":6},"end":{"line":185,"column":9}},"26":{"start":{"line":180,"column":8},"end":{"line":184,"column":null}},"27":{"start":{"line":181,"column":10},"end":{"line":181,"column":45}},"28":{"start":{"line":183,"column":10},"end":{"line":183,"column":51}},"29":{"start":{"line":188,"column":18},"end":{"line":188,"column":53}},"30":{"start":{"line":189,"column":6},"end":{"line":189,"column":52}},"31":{"start":{"line":189,"column":39},"end":{"line":189,"column":51}},"32":{"start":{"line":192,"column":18},"end":{"line":192,"column":45}},"33":{"start":{"line":193,"column":6},"end":{"line":193,"column":52}},"34":{"start":{"line":193,"column":39},"end":{"line":193,"column":51}},"35":{"start":{"line":196,"column":18},"end":{"line":196,"column":46}},"36":{"start":{"line":197,"column":6},"end":{"line":206,"column":11}},"37":{"start":{"line":198,"column":24},"end":{"line":198,"column":36}},"38":{"start":{"line":200,"column":10},"end":{"line":205,"column":12}},"39":{"start":{"line":202,"column":14},"end":{"line":204,"column":null}},"40":{"start":{"line":210,"column":18},"end":{"line":210,"column":44}},"41":{"start":{"line":211,"column":6},"end":{"line":211,"column":52}},"42":{"start":{"line":211,"column":39},"end":{"line":211,"column":51}},"43":{"start":{"line":215,"column":18},"end":{"line":215,"column":46}},"44":{"start":{"line":216,"column":6},"end":{"line":216,"column":52}},"45":{"start":{"line":216,"column":39},"end":{"line":216,"column":51}},"46":{"start":{"line":220,"column":18},"end":{"line":220,"column":43}},"47":{"start":{"line":221,"column":6},"end":{"line":221,"column":52}},"48":{"start":{"line":221,"column":39},"end":{"line":221,"column":51}},"49":{"start":{"line":225,"column":18},"end":{"line":225,"column":41}},"50":{"start":{"line":226,"column":6},"end":{"line":239,"column":9}},"51":{"start":{"line":231,"column":8},"end":{"line":238,"column":null}},"52":{"start":{"line":232,"column":10},"end":{"line":232,"column":45}},"53":{"start":{"line":234,"column":10},"end":{"line":237,"column":13}},"54":{"start":{"line":235,"column":25},"end":{"line":235,"column":71}},"55":{"start":{"line":236,"column":12},"end":{"line":236,"column":36}},"56":{"start":{"line":243,"column":18},"end":{"line":243,"column":51}},"57":{"start":{"line":244,"column":6},"end":{"line":257,"column":9}},"58":{"start":{"line":249,"column":8},"end":{"line":256,"column":null}},"59":{"start":{"line":250,"column":10},"end":{"line":250,"column":45}},"60":{"start":{"line":252,"column":10},"end":{"line":255,"column":13}},"61":{"start":{"line":253,"column":25},"end":{"line":253,"column":71}},"62":{"start":{"line":254,"column":12},"end":{"line":254,"column":36}},"63":{"start":{"line":261,"column":18},"end":{"line":261,"column":50}},"64":{"start":{"line":262,"column":6},"end":{"line":262,"column":40}},"65":{"start":{"line":263,"column":6},"end":{"line":276,"column":9}},"66":{"start":{"line":268,"column":8},"end":{"line":275,"column":null}},"67":{"start":{"line":269,"column":10},"end":{"line":269,"column":45}},"68":{"start":{"line":271,"column":10},"end":{"line":274,"column":13}},"69":{"start":{"line":272,"column":25},"end":{"line":272,"column":71}},"70":{"start":{"line":273,"column":12},"end":{"line":273,"column":36}},"71":{"start":{"line":280,"column":18},"end":{"line":280,"column":48}},"72":{"start":{"line":281,"column":6},"end":{"line":281,"column":52}},"73":{"start":{"line":281,"column":39},"end":{"line":281,"column":51}},"74":{"start":{"line":284,"column":18},"end":{"line":284,"column":57}},"75":{"start":{"line":285,"column":6},"end":{"line":295,"column":9}},"76":{"start":{"line":290,"column":8},"end":{"line":294,"column":null}},"77":{"start":{"line":291,"column":10},"end":{"line":291,"column":29}},"78":{"start":{"line":293,"column":10},"end":{"line":293,"column":64}},"79":{"start":{"line":298,"column":18},"end":{"line":298,"column":52}},"80":{"start":{"line":299,"column":6},"end":{"line":309,"column":9}},"81":{"start":{"line":304,"column":8},"end":{"line":308,"column":null}},"82":{"start":{"line":305,"column":10},"end":{"line":305,"column":29}},"83":{"start":{"line":307,"column":10},"end":{"line":307,"column":64}},"84":{"start":{"line":312,"column":18},"end":{"line":312,"column":35}},"85":{"start":{"line":313,"column":6},"end":{"line":315,"column":37}},"86":{"start":{"line":315,"column":24},"end":{"line":315,"column":36}},"87":{"start":{"line":319,"column":18},"end":{"line":319,"column":46}},"88":{"start":{"line":320,"column":6},"end":{"line":320,"column":52}},"89":{"start":{"line":320,"column":39},"end":{"line":320,"column":51}},"90":{"start":{"line":323,"column":18},"end":{"line":323,"column":56}},"91":{"start":{"line":324,"column":6},"end":{"line":332,"column":9}},"92":{"start":{"line":327,"column":8},"end":{"line":331,"column":null}},"93":{"start":{"line":328,"column":10},"end":{"line":328,"column":29}},"94":{"start":{"line":330,"column":10},"end":{"line":330,"column":64}},"95":{"start":{"line":335,"column":18},"end":{"line":335,"column":55}},"96":{"start":{"line":336,"column":6},"end":{"line":346,"column":9}},"97":{"start":{"line":341,"column":8},"end":{"line":345,"column":null}},"98":{"start":{"line":342,"column":10},"end":{"line":342,"column":29}},"99":{"start":{"line":344,"column":10},"end":{"line":344,"column":64}},"100":{"start":{"line":349,"column":18},"end":{"line":349,"column":49}},"101":{"start":{"line":350,"column":6},"end":{"line":350,"column":52}},"102":{"start":{"line":350,"column":39},"end":{"line":350,"column":51}},"103":{"start":{"line":353,"column":18},"end":{"line":353,"column":47}},"104":{"start":{"line":354,"column":6},"end":{"line":364,"column":9}},"105":{"start":{"line":359,"column":8},"end":{"line":363,"column":null}},"106":{"start":{"line":360,"column":10},"end":{"line":360,"column":29}},"107":{"start":{"line":362,"column":10},"end":{"line":362,"column":64}},"108":{"start":{"line":367,"column":18},"end":{"line":367,"column":47}},"109":{"start":{"line":368,"column":6},"end":{"line":370,"column":37}},"110":{"start":{"line":370,"column":24},"end":{"line":370,"column":36}},"111":{"start":{"line":374,"column":21},"end":{"line":378,"column":8}},"112":{"start":{"line":379,"column":26},"end":{"line":379,"column":87}},"113":{"start":{"line":380,"column":6},"end":{"line":390,"column":9}},"114":{"start":{"line":385,"column":8},"end":{"line":389,"column":null}},"115":{"start":{"line":386,"column":10},"end":{"line":386,"column":29}},"116":{"start":{"line":388,"column":10},"end":{"line":388,"column":64}},"117":{"start":{"line":394,"column":18},"end":{"line":394,"column":35}},"118":{"start":{"line":395,"column":6},"end":{"line":397,"column":37}},"119":{"start":{"line":397,"column":24},"end":{"line":397,"column":36}},"120":{"start":{"line":401,"column":18},"end":{"line":401,"column":63}},"121":{"start":{"line":402,"column":6},"end":{"line":404,"column":37}},"122":{"start":{"line":404,"column":24},"end":{"line":404,"column":36}},"123":{"start":{"line":408,"column":8},"end":{"line":408,"column":76}},"124":{"start":{"line":409,"column":6},"end":{"line":411,"column":37}},"125":{"start":{"line":411,"column":24},"end":{"line":411,"column":36}},"126":{"start":{"line":420,"column":18},"end":{"line":420,"column":54}},"127":{"start":{"line":421,"column":6},"end":{"line":434,"column":9}},"128":{"start":{"line":426,"column":8},"end":{"line":433,"column":null}},"129":{"start":{"line":427,"column":10},"end":{"line":427,"column":17}},"130":{"start":{"line":429,"column":10},"end":{"line":432,"column":13}},"131":{"start":{"line":430,"column":25},"end":{"line":430,"column":61}},"132":{"start":{"line":431,"column":12},"end":{"line":431,"column":36}},"133":{"start":{"line":442,"column":18},"end":{"line":442,"column":54}},"134":{"start":{"line":443,"column":6},"end":{"line":456,"column":9}},"135":{"start":{"line":448,"column":8},"end":{"line":455,"column":null}},"136":{"start":{"line":449,"column":10},"end":{"line":449,"column":17}},"137":{"start":{"line":451,"column":10},"end":{"line":454,"column":13}},"138":{"start":{"line":452,"column":25},"end":{"line":452,"column":64}},"139":{"start":{"line":453,"column":12},"end":{"line":453,"column":36}},"140":{"start":{"line":459,"column":18},"end":{"line":459,"column":47}},"141":{"start":{"line":460,"column":6},"end":{"line":462,"column":37}},"142":{"start":{"line":462,"column":24},"end":{"line":462,"column":36}},"143":{"start":{"line":465,"column":18},"end":{"line":465,"column":54}},"144":{"start":{"line":466,"column":6},"end":{"line":468,"column":37}},"145":{"start":{"line":468,"column":24},"end":{"line":468,"column":36}},"146":{"start":{"line":471,"column":18},"end":{"line":471,"column":54}},"147":{"start":{"line":472,"column":6},"end":{"line":492,"column":9}},"148":{"start":{"line":484,"column":8},"end":{"line":491,"column":null}},"149":{"start":{"line":485,"column":10},"end":{"line":485,"column":28}},"150":{"start":{"line":487,"column":10},"end":{"line":490,"column":13}},"151":{"start":{"line":488,"column":25},"end":{"line":488,"column":57}},"152":{"start":{"line":489,"column":12},"end":{"line":489,"column":36}},"153":{"start":{"line":495,"column":18},"end":{"line":495,"column":54}},"154":{"start":{"line":496,"column":6},"end":{"line":499,"column":37}},"155":{"start":{"line":499,"column":24},"end":{"line":499,"column":36}},"156":{"start":{"line":502,"column":18},"end":{"line":502,"column":36}},"157":{"start":{"line":503,"column":6},"end":{"line":512,"column":9}},"158":{"start":{"line":517,"column":0},"end":{"line":517,"column":22}}},"fnMap":{"0":{"name":"Client","decl":{"start":{"line":111,"column":9},"end":{"line":111,"column":15}},"loc":{"start":{"line":111,"column":15},"end":{"line":515,"column":1}}},"1":{"name":"(anonymous_1)","decl":{"start":{"line":115,"column":17},"end":{"line":115,"column":null}},"loc":{"start":{"line":115,"column":17},"end":{"line":118,"column":5}}},"2":{"name":"(anonymous_2)","decl":{"start":{"line":117,"column":29},"end":{"line":117,"column":30}},"loc":{"start":{"line":117,"column":34},"end":{"line":117,"column":43}}},"3":{"name":"(anonymous_3)","decl":{"start":{"line":119,"column":16},"end":{"line":119,"column":null}},"loc":{"start":{"line":119,"column":16},"end":{"line":122,"column":5}}},"4":{"name":"(anonymous_4)","decl":{"start":{"line":121,"column":29},"end":{"line":121,"column":30}},"loc":{"start":{"line":121,"column":34},"end":{"line":121,"column":43}}},"5":{"name":"(anonymous_5)","decl":{"start":{"line":123,"column":39},"end":{"line":123,"column":null}},"loc":{"start":{"line":123,"column":39},"end":{"line":128,"column":5}}},"6":{"name":"(anonymous_6)","decl":{"start":{"line":127,"column":14},"end":{"line":127,"column":15}},"loc":{"start":{"line":127,"column":19},"end":{"line":127,"column":28}}},"7":{"name":"(anonymous_7)","decl":{"start":{"line":129,"column":21},"end":{"line":129,"column":null}},"loc":{"start":{"line":132,"column":36},"end":{"line":151,"column":5}}},"8":{"name":"(anonymous_8)","decl":{"start":{"line":141,"column":14},"end":{"line":141,"column":15}},"loc":{"start":{"line":141,"column":18},"end":{"line":150,"column":7}}},"9":{"name":"(anonymous_9)","decl":{"start":{"line":145,"column":33},"end":{"line":145,"column":34}},"loc":{"start":{"line":145,"column":37},"end":{"line":148,"column":11}}},"10":{"name":"(anonymous_10)","decl":{"start":{"line":152,"column":18},"end":{"line":152,"column":19}},"loc":{"start":{"line":152,"column":59},"end":{"line":168,"column":5}}},"11":{"name":"(anonymous_11)","decl":{"start":{"line":161,"column":14},"end":{"line":161,"column":15}},"loc":{"start":{"line":161,"column":18},"end":{"line":167,"column":7}}},"12":{"name":"(anonymous_12)","decl":{"start":{"line":169,"column":16},"end":{"line":169,"column":null}},"loc":{"start":{"line":172,"column":36},"end":{"line":186,"column":5}}},"13":{"name":"(anonymous_13)","decl":{"start":{"line":179,"column":14},"end":{"line":179,"column":15}},"loc":{"start":{"line":179,"column":18},"end":{"line":185,"column":7}}},"14":{"name":"(anonymous_14)","decl":{"start":{"line":187,"column":21},"end":{"line":187,"column":null}},"loc":{"start":{"line":187,"column":21},"end":{"line":190,"column":5}}},"15":{"name":"(anonymous_15)","decl":{"start":{"line":189,"column":29},"end":{"line":189,"column":30}},"loc":{"start":{"line":189,"column":34},"end":{"line":189,"column":43}}},"16":{"name":"(anonymous_16)","decl":{"start":{"line":191,"column":17},"end":{"line":191,"column":null}},"loc":{"start":{"line":191,"column":17},"end":{"line":194,"column":5}}},"17":{"name":"(anonymous_17)","decl":{"start":{"line":193,"column":29},"end":{"line":193,"column":30}},"loc":{"start":{"line":193,"column":34},"end":{"line":193,"column":43}}},"18":{"name":"(anonymous_18)","decl":{"start":{"line":195,"column":24},"end":{"line":195,"column":null}},"loc":{"start":{"line":195,"column":24},"end":{"line":207,"column":5}}},"19":{"name":"(anonymous_19)","decl":{"start":{"line":198,"column":14},"end":{"line":198,"column":15}},"loc":{"start":{"line":198,"column":19},"end":{"line":198,"column":28}}},"20":{"name":"(anonymous_20)","decl":{"start":{"line":199,"column":14},"end":{"line":199,"column":15}},"loc":{"start":{"line":199,"column":18},"end":{"line":206,"column":9}}},"21":{"name":"(anonymous_21)","decl":{"start":{"line":201,"column":12},"end":{"line":201,"column":13}},"loc":{"start":{"line":201,"column":25},"end":{"line":202,"column":21}}},"22":{"name":"(anonymous_22)","decl":{"start":{"line":209,"column":26},"end":{"line":209,"column":null}},"loc":{"start":{"line":209,"column":26},"end":{"line":212,"column":5}}},"23":{"name":"(anonymous_23)","decl":{"start":{"line":211,"column":29},"end":{"line":211,"column":30}},"loc":{"start":{"line":211,"column":34},"end":{"line":211,"column":43}}},"24":{"name":"(anonymous_24)","decl":{"start":{"line":214,"column":24},"end":{"line":214,"column":null}},"loc":{"start":{"line":214,"column":24},"end":{"line":217,"column":5}}},"25":{"name":"(anonymous_25)","decl":{"start":{"line":216,"column":29},"end":{"line":216,"column":30}},"loc":{"start":{"line":216,"column":34},"end":{"line":216,"column":43}}},"26":{"name":"(anonymous_26)","decl":{"start":{"line":219,"column":21},"end":{"line":219,"column":null}},"loc":{"start":{"line":219,"column":21},"end":{"line":222,"column":5}}},"27":{"name":"(anonymous_27)","decl":{"start":{"line":221,"column":29},"end":{"line":221,"column":30}},"loc":{"start":{"line":221,"column":34},"end":{"line":221,"column":43}}},"28":{"name":"(anonymous_28)","decl":{"start":{"line":224,"column":20},"end":{"line":224,"column":21}},"loc":{"start":{"line":224,"column":39},"end":{"line":240,"column":5}}},"29":{"name":"(anonymous_29)","decl":{"start":{"line":230,"column":14},"end":{"line":230,"column":15}},"loc":{"start":{"line":230,"column":18},"end":{"line":239,"column":7}}},"30":{"name":"(anonymous_30)","decl":{"start":{"line":234,"column":33},"end":{"line":234,"column":34}},"loc":{"start":{"line":234,"column":37},"end":{"line":237,"column":11}}},"31":{"name":"(anonymous_31)","decl":{"start":{"line":242,"column":22},"end":{"line":242,"column":23}},"loc":{"start":{"line":242,"column":41},"end":{"line":258,"column":5}}},"32":{"name":"(anonymous_32)","decl":{"start":{"line":248,"column":14},"end":{"line":248,"column":15}},"loc":{"start":{"line":248,"column":18},"end":{"line":257,"column":7}}},"33":{"name":"(anonymous_33)","decl":{"start":{"line":252,"column":33},"end":{"line":252,"column":34}},"loc":{"start":{"line":252,"column":37},"end":{"line":255,"column":11}}},"34":{"name":"(anonymous_34)","decl":{"start":{"line":260,"column":21},"end":{"line":260,"column":22}},"loc":{"start":{"line":260,"column":39},"end":{"line":277,"column":5}}},"35":{"name":"(anonymous_35)","decl":{"start":{"line":267,"column":14},"end":{"line":267,"column":15}},"loc":{"start":{"line":267,"column":18},"end":{"line":276,"column":7}}},"36":{"name":"(anonymous_36)","decl":{"start":{"line":271,"column":33},"end":{"line":271,"column":34}},"loc":{"start":{"line":271,"column":37},"end":{"line":274,"column":11}}},"37":{"name":"(anonymous_37)","decl":{"start":{"line":279,"column":31},"end":{"line":279,"column":null}},"loc":{"start":{"line":279,"column":31},"end":{"line":282,"column":5}}},"38":{"name":"(anonymous_38)","decl":{"start":{"line":281,"column":29},"end":{"line":281,"column":30}},"loc":{"start":{"line":281,"column":34},"end":{"line":281,"column":43}}},"39":{"name":"(anonymous_39)","decl":{"start":{"line":283,"column":24},"end":{"line":283,"column":25}},"loc":{"start":{"line":283,"column":44},"end":{"line":296,"column":5}}},"40":{"name":"(anonymous_40)","decl":{"start":{"line":289,"column":14},"end":{"line":289,"column":15}},"loc":{"start":{"line":289,"column":19},"end":{"line":295,"column":7}}},"41":{"name":"(anonymous_41)","decl":{"start":{"line":297,"column":25},"end":{"line":297,"column":26}},"loc":{"start":{"line":297,"column":47},"end":{"line":310,"column":5}}},"42":{"name":"(anonymous_42)","decl":{"start":{"line":303,"column":14},"end":{"line":303,"column":15}},"loc":{"start":{"line":303,"column":19},"end":{"line":309,"column":7}}},"43":{"name":"(anonymous_43)","decl":{"start":{"line":311,"column":18},"end":{"line":311,"column":null}},"loc":{"start":{"line":311,"column":18},"end":{"line":316,"column":5}}},"44":{"name":"(anonymous_44)","decl":{"start":{"line":315,"column":14},"end":{"line":315,"column":15}},"loc":{"start":{"line":315,"column":19},"end":{"line":315,"column":28}}},"45":{"name":"(anonymous_45)","decl":{"start":{"line":318,"column":34},"end":{"line":318,"column":null}},"loc":{"start":{"line":318,"column":34},"end":{"line":321,"column":5}}},"46":{"name":"(anonymous_46)","decl":{"start":{"line":320,"column":29},"end":{"line":320,"column":30}},"loc":{"start":{"line":320,"column":34},"end":{"line":320,"column":43}}},"47":{"name":"(anonymous_47)","decl":{"start":{"line":322,"column":23},"end":{"line":322,"column":null}},"loc":{"start":{"line":322,"column":23},"end":{"line":333,"column":5}}},"48":{"name":"(anonymous_48)","decl":{"start":{"line":326,"column":14},"end":{"line":326,"column":15}},"loc":{"start":{"line":326,"column":19},"end":{"line":332,"column":7}}},"49":{"name":"(anonymous_49)","decl":{"start":{"line":334,"column":26},"end":{"line":334,"column":27}},"loc":{"start":{"line":334,"column":49},"end":{"line":347,"column":5}}},"50":{"name":"(anonymous_50)","decl":{"start":{"line":340,"column":14},"end":{"line":340,"column":15}},"loc":{"start":{"line":340,"column":19},"end":{"line":346,"column":7}}},"51":{"name":"(anonymous_51)","decl":{"start":{"line":348,"column":42},"end":{"line":348,"column":null}},"loc":{"start":{"line":348,"column":42},"end":{"line":351,"column":5}}},"52":{"name":"(anonymous_52)","decl":{"start":{"line":350,"column":29},"end":{"line":350,"column":30}},"loc":{"start":{"line":350,"column":34},"end":{"line":350,"column":43}}},"53":{"name":"(anonymous_53)","decl":{"start":{"line":352,"column":29},"end":{"line":352,"column":30}},"loc":{"start":{"line":352,"column":60},"end":{"line":365,"column":5}}},"54":{"name":"(anonymous_54)","decl":{"start":{"line":358,"column":14},"end":{"line":358,"column":15}},"loc":{"start":{"line":358,"column":19},"end":{"line":364,"column":7}}},"55":{"name":"(anonymous_55)","decl":{"start":{"line":366,"column":27},"end":{"line":366,"column":null}},"loc":{"start":{"line":366,"column":27},"end":{"line":371,"column":5}}},"56":{"name":"(anonymous_56)","decl":{"start":{"line":370,"column":14},"end":{"line":370,"column":15}},"loc":{"start":{"line":370,"column":19},"end":{"line":370,"column":28}}},"57":{"name":"(anonymous_57)","decl":{"start":{"line":373,"column":18},"end":{"line":373,"column":19}},"loc":{"start":{"line":373,"column":43},"end":{"line":391,"column":5}}},"58":{"name":"(anonymous_58)","decl":{"start":{"line":384,"column":14},"end":{"line":384,"column":15}},"loc":{"start":{"line":384,"column":19},"end":{"line":390,"column":7}}},"59":{"name":"(anonymous_59)","decl":{"start":{"line":393,"column":21},"end":{"line":393,"column":null}},"loc":{"start":{"line":393,"column":21},"end":{"line":398,"column":5}}},"60":{"name":"(anonymous_60)","decl":{"start":{"line":397,"column":14},"end":{"line":397,"column":15}},"loc":{"start":{"line":397,"column":19},"end":{"line":397,"column":28}}},"61":{"name":"(anonymous_61)","decl":{"start":{"line":400,"column":39},"end":{"line":400,"column":null}},"loc":{"start":{"line":400,"column":39},"end":{"line":405,"column":5}}},"62":{"name":"(anonymous_62)","decl":{"start":{"line":404,"column":14},"end":{"line":404,"column":15}},"loc":{"start":{"line":404,"column":19},"end":{"line":404,"column":28}}},"63":{"name":"(anonymous_63)","decl":{"start":{"line":406,"column":27},"end":{"line":406,"column":28}},"loc":{"start":{"line":406,"column":43},"end":{"line":412,"column":5}}},"64":{"name":"(anonymous_64)","decl":{"start":{"line":411,"column":14},"end":{"line":411,"column":15}},"loc":{"start":{"line":411,"column":19},"end":{"line":411,"column":28}}},"65":{"name":"(anonymous_65)","decl":{"start":{"line":413,"column":31},"end":{"line":413,"column":null}},"loc":{"start":{"line":418,"column":20},"end":{"line":435,"column":5}}},"66":{"name":"(anonymous_66)","decl":{"start":{"line":425,"column":14},"end":{"line":425,"column":15}},"loc":{"start":{"line":425,"column":18},"end":{"line":434,"column":7}}},"67":{"name":"(anonymous_67)","decl":{"start":{"line":429,"column":33},"end":{"line":429,"column":34}},"loc":{"start":{"line":429,"column":37},"end":{"line":432,"column":11}}},"68":{"name":"(anonymous_68)","decl":{"start":{"line":436,"column":34},"end":{"line":436,"column":null}},"loc":{"start":{"line":440,"column":20},"end":{"line":457,"column":5}}},"69":{"name":"(anonymous_69)","decl":{"start":{"line":447,"column":14},"end":{"line":447,"column":15}},"loc":{"start":{"line":447,"column":18},"end":{"line":456,"column":7}}},"70":{"name":"(anonymous_70)","decl":{"start":{"line":451,"column":33},"end":{"line":451,"column":34}},"loc":{"start":{"line":451,"column":37},"end":{"line":454,"column":11}}},"71":{"name":"(anonymous_71)","decl":{"start":{"line":458,"column":18},"end":{"line":458,"column":null}},"loc":{"start":{"line":458,"column":18},"end":{"line":463,"column":5}}},"72":{"name":"(anonymous_72)","decl":{"start":{"line":462,"column":14},"end":{"line":462,"column":15}},"loc":{"start":{"line":462,"column":19},"end":{"line":462,"column":28}}},"73":{"name":"(anonymous_73)","decl":{"start":{"line":464,"column":23},"end":{"line":464,"column":null}},"loc":{"start":{"line":464,"column":23},"end":{"line":469,"column":5}}},"74":{"name":"(anonymous_74)","decl":{"start":{"line":468,"column":14},"end":{"line":468,"column":15}},"loc":{"start":{"line":468,"column":19},"end":{"line":468,"column":28}}},"75":{"name":"(anonymous_75)","decl":{"start":{"line":470,"column":23},"end":{"line":470,"column":24}},"loc":{"start":{"line":470,"column":68},"end":{"line":493,"column":5}}},"76":{"name":"(anonymous_76)","decl":{"start":{"line":483,"column":14},"end":{"line":483,"column":15}},"loc":{"start":{"line":483,"column":18},"end":{"line":492,"column":7}}},"77":{"name":"(anonymous_77)","decl":{"start":{"line":487,"column":33},"end":{"line":487,"column":34}},"loc":{"start":{"line":487,"column":37},"end":{"line":490,"column":11}}},"78":{"name":"(anonymous_78)","decl":{"start":{"line":494,"column":25},"end":{"line":494,"column":null}},"loc":{"start":{"line":494,"column":25},"end":{"line":500,"column":5}}},"79":{"name":"(anonymous_79)","decl":{"start":{"line":499,"column":14},"end":{"line":499,"column":15}},"loc":{"start":{"line":499,"column":19},"end":{"line":499,"column":28}}},"80":{"name":"(anonymous_80)","decl":{"start":{"line":501,"column":26},"end":{"line":501,"column":27}},"loc":{"start":{"line":501,"column":74},"end":{"line":513,"column":5}}}},"branchMap":{"0":{"loc":{"start":{"line":142,"column":8},"end":{"line":149,"column":null}},"type":"if","locations":[{"start":{"line":142,"column":8},"end":{"line":149,"column":null}},{"start":{"line":144,"column":15},"end":{"line":149,"column":null}}]},"1":{"loc":{"start":{"line":146,"column":25},"end":{"line":146,"column":64}},"type":"binary-expr","locations":[{"start":{"line":146,"column":25},"end":{"line":146,"column":35}},{"start":{"line":146,"column":39},"end":{"line":146,"column":64}}]},"2":{"loc":{"start":{"line":146,"column":25},"end":{"line":146,"column":35}},"type":"cond-expr","locations":[{"start":{"line":146,"column":28},"end":{"line":146,"column":30}},{"start":{"line":146,"column":25},"end":{"line":146,"column":35}}]},"3":{"loc":{"start":{"line":146,"column":25},"end":{"line":146,"column":30}},"type":"binary-expr","locations":[{"start":{"line":146,"column":25},"end":{"line":146,"column":30}},{"start":{"line":146,"column":25},"end":{"line":146,"column":30}}]},"4":{"loc":{"start":{"line":157,"column":9},"end":{"line":157,"column":55}},"type":"cond-expr","locations":[{"start":{"line":157,"column":27},"end":{"line":157,"column":50}},{"start":{"line":157,"column":53},"end":{"line":157,"column":55}}]},"5":{"loc":{"start":{"line":162,"column":8},"end":{"line":166,"column":null}},"type":"if","locations":[{"start":{"line":162,"column":8},"end":{"line":166,"column":null}},{"start":{"line":164,"column":15},"end":{"line":166,"column":null}}]},"6":{"loc":{"start":{"line":180,"column":8},"end":{"line":184,"column":null}},"type":"if","locations":[{"start":{"line":180,"column":8},"end":{"line":184,"column":null}},{"start":{"line":182,"column":15},"end":{"line":184,"column":null}}]},"7":{"loc":{"start":{"line":202,"column":14},"end":{"line":204,"column":32}},"type":"binary-expr","locations":[{"start":{"line":202,"column":14},"end":{"line":202,"column":44}},{"start":{"line":203,"column":14},"end":{"line":203,"column":43}},{"start":{"line":204,"column":14},"end":{"line":204,"column":32}}]},"8":{"loc":{"start":{"line":231,"column":8},"end":{"line":238,"column":null}},"type":"if","locations":[{"start":{"line":231,"column":8},"end":{"line":238,"column":null}},{"start":{"line":233,"column":15},"end":{"line":238,"column":null}}]},"9":{"loc":{"start":{"line":235,"column":25},"end":{"line":235,"column":71}},"type":"binary-expr","locations":[{"start":{"line":235,"column":25},"end":{"line":235,"column":43}},{"start":{"line":235,"column":47},"end":{"line":235,"column":71}}]},"10":{"loc":{"start":{"line":235,"column":25},"end":{"line":235,"column":43}},"type":"cond-expr","locations":[{"start":{"line":235,"column":28},"end":{"line":235,"column":30}},{"start":{"line":235,"column":25},"end":{"line":235,"column":43}}]},"11":{"loc":{"start":{"line":235,"column":25},"end":{"line":235,"column":30}},"type":"binary-expr","locations":[{"start":{"line":235,"column":25},"end":{"line":235,"column":30}},{"start":{"line":235,"column":25},"end":{"line":235,"column":30}}]},"12":{"loc":{"start":{"line":249,"column":8},"end":{"line":256,"column":null}},"type":"if","locations":[{"start":{"line":249,"column":8},"end":{"line":256,"column":null}},{"start":{"line":251,"column":15},"end":{"line":256,"column":null}}]},"13":{"loc":{"start":{"line":253,"column":25},"end":{"line":253,"column":71}},"type":"binary-expr","locations":[{"start":{"line":253,"column":25},"end":{"line":253,"column":43}},{"start":{"line":253,"column":47},"end":{"line":253,"column":71}}]},"14":{"loc":{"start":{"line":253,"column":25},"end":{"line":253,"column":43}},"type":"cond-expr","locations":[{"start":{"line":253,"column":28},"end":{"line":253,"column":30}},{"start":{"line":253,"column":25},"end":{"line":253,"column":43}}]},"15":{"loc":{"start":{"line":253,"column":25},"end":{"line":253,"column":30}},"type":"binary-expr","locations":[{"start":{"line":253,"column":25},"end":{"line":253,"column":30}},{"start":{"line":253,"column":25},"end":{"line":253,"column":30}}]},"16":{"loc":{"start":{"line":268,"column":8},"end":{"line":275,"column":null}},"type":"if","locations":[{"start":{"line":268,"column":8},"end":{"line":275,"column":null}},{"start":{"line":270,"column":15},"end":{"line":275,"column":null}}]},"17":{"loc":{"start":{"line":272,"column":25},"end":{"line":272,"column":71}},"type":"binary-expr","locations":[{"start":{"line":272,"column":25},"end":{"line":272,"column":43}},{"start":{"line":272,"column":47},"end":{"line":272,"column":71}}]},"18":{"loc":{"start":{"line":272,"column":25},"end":{"line":272,"column":43}},"type":"cond-expr","locations":[{"start":{"line":272,"column":28},"end":{"line":272,"column":30}},{"start":{"line":272,"column":25},"end":{"line":272,"column":43}}]},"19":{"loc":{"start":{"line":272,"column":25},"end":{"line":272,"column":30}},"type":"binary-expr","locations":[{"start":{"line":272,"column":25},"end":{"line":272,"column":30}},{"start":{"line":272,"column":25},"end":{"line":272,"column":30}}]},"20":{"loc":{"start":{"line":290,"column":8},"end":{"line":294,"column":null}},"type":"if","locations":[{"start":{"line":290,"column":8},"end":{"line":294,"column":null}},{"start":{"line":292,"column":15},"end":{"line":294,"column":null}}]},"21":{"loc":{"start":{"line":304,"column":8},"end":{"line":308,"column":null}},"type":"if","locations":[{"start":{"line":304,"column":8},"end":{"line":308,"column":null}},{"start":{"line":306,"column":15},"end":{"line":308,"column":null}}]},"22":{"loc":{"start":{"line":327,"column":8},"end":{"line":331,"column":null}},"type":"if","locations":[{"start":{"line":327,"column":8},"end":{"line":331,"column":null}},{"start":{"line":329,"column":15},"end":{"line":331,"column":null}}]},"23":{"loc":{"start":{"line":341,"column":8},"end":{"line":345,"column":null}},"type":"if","locations":[{"start":{"line":341,"column":8},"end":{"line":345,"column":null}},{"start":{"line":343,"column":15},"end":{"line":345,"column":null}}]},"24":{"loc":{"start":{"line":359,"column":8},"end":{"line":363,"column":null}},"type":"if","locations":[{"start":{"line":359,"column":8},"end":{"line":363,"column":null}},{"start":{"line":361,"column":15},"end":{"line":363,"column":null}}]},"25":{"loc":{"start":{"line":375,"column":16},"end":{"line":375,"column":34}},"type":"binary-expr","locations":[{"start":{"line":375,"column":16},"end":{"line":375,"column":25}},{"start":{"line":375,"column":29},"end":{"line":375,"column":34}}]},"26":{"loc":{"start":{"line":376,"column":15},"end":{"line":376,"column":32}},"type":"binary-expr","locations":[{"start":{"line":376,"column":15},"end":{"line":376,"column":23}},{"start":{"line":376,"column":27},"end":{"line":376,"column":32}}]},"27":{"loc":{"start":{"line":377,"column":18},"end":{"line":377,"column":38}},"type":"binary-expr","locations":[{"start":{"line":377,"column":18},"end":{"line":377,"column":29}},{"start":{"line":377,"column":33},"end":{"line":377,"column":38}}]},"28":{"loc":{"start":{"line":385,"column":8},"end":{"line":389,"column":null}},"type":"if","locations":[{"start":{"line":385,"column":8},"end":{"line":389,"column":null}},{"start":{"line":387,"column":15},"end":{"line":389,"column":null}}]},"29":{"loc":{"start":{"line":426,"column":8},"end":{"line":433,"column":null}},"type":"if","locations":[{"start":{"line":426,"column":8},"end":{"line":433,"column":null}},{"start":{"line":428,"column":15},"end":{"line":433,"column":null}}]},"30":{"loc":{"start":{"line":430,"column":25},"end":{"line":430,"column":61}},"type":"binary-expr","locations":[{"start":{"line":430,"column":25},"end":{"line":430,"column":35}},{"start":{"line":430,"column":39},"end":{"line":430,"column":61}}]},"31":{"loc":{"start":{"line":430,"column":25},"end":{"line":430,"column":35}},"type":"cond-expr","locations":[{"start":{"line":430,"column":28},"end":{"line":430,"column":30}},{"start":{"line":430,"column":25},"end":{"line":430,"column":35}}]},"32":{"loc":{"start":{"line":430,"column":25},"end":{"line":430,"column":30}},"type":"binary-expr","locations":[{"start":{"line":430,"column":25},"end":{"line":430,"column":30}},{"start":{"line":430,"column":25},"end":{"line":430,"column":30}}]},"33":{"loc":{"start":{"line":448,"column":8},"end":{"line":455,"column":null}},"type":"if","locations":[{"start":{"line":448,"column":8},"end":{"line":455,"column":null}},{"start":{"line":450,"column":15},"end":{"line":455,"column":null}}]},"34":{"loc":{"start":{"line":452,"column":25},"end":{"line":452,"column":64}},"type":"binary-expr","locations":[{"start":{"line":452,"column":25},"end":{"line":452,"column":35}},{"start":{"line":452,"column":39},"end":{"line":452,"column":64}}]},"35":{"loc":{"start":{"line":452,"column":25},"end":{"line":452,"column":35}},"type":"cond-expr","locations":[{"start":{"line":452,"column":28},"end":{"line":452,"column":30}},{"start":{"line":452,"column":25},"end":{"line":452,"column":35}}]},"36":{"loc":{"start":{"line":452,"column":25},"end":{"line":452,"column":30}},"type":"binary-expr","locations":[{"start":{"line":452,"column":25},"end":{"line":452,"column":30}},{"start":{"line":452,"column":25},"end":{"line":452,"column":30}}]},"37":{"loc":{"start":{"line":484,"column":8},"end":{"line":491,"column":null}},"type":"if","locations":[{"start":{"line":484,"column":8},"end":{"line":491,"column":null}},{"start":{"line":486,"column":15},"end":{"line":491,"column":null}}]},"38":{"loc":{"start":{"line":488,"column":25},"end":{"line":488,"column":57}},"type":"binary-expr","locations":[{"start":{"line":488,"column":25},"end":{"line":488,"column":35}},{"start":{"line":488,"column":39},"end":{"line":488,"column":57}}]},"39":{"loc":{"start":{"line":488,"column":25},"end":{"line":488,"column":35}},"type":"cond-expr","locations":[{"start":{"line":488,"column":28},"end":{"line":488,"column":30}},{"start":{"line":488,"column":25},"end":{"line":488,"column":35}}]},"40":{"loc":{"start":{"line":488,"column":25},"end":{"line":488,"column":30}},"type":"binary-expr","locations":[{"start":{"line":488,"column":25},"end":{"line":488,"column":30}},{"start":{"line":488,"column":25},"end":{"line":488,"column":30}}]}},"s":{"0":6,"1":6,"2":0,"3":0,"4":0,"5":0,"6":0,"7":0,"8":0,"9":0,"10":0,"11":0,"12":0,"13":0,"14":0,"15":0,"16":0,"17":0,"18":0,"19":0,"20":0,"21":0,"22":0,"23":0,"24":0,"25":0,"26":0,"27":0,"28":0,"29":0,"30":0,"31":0,"32":0,"33":0,"34":0,"35":0,"36":0,"37":0,"38":0,"39":0,"40":0,"41":0,"42":0,"43":0,"44":0,"45":0,"46":0,"47":0,"48":0,"49":0,"50":0,"51":0,"52":0,"53":0,"54":0,"55":0,"56":0,"57":0,"58":0,"59":0,"60":0,"61":0,"62":0,"63":0,"64":0,"65":0,"66":0,"67":0,"68":0,"69":0,"70":0,"71":0,"72":0,"73":0,"74":0,"75":0,"76":0,"77":0,"78":0,"79":0,"80":0,"81":0,"82":0,"83":0,"84":0,"85":0,"86":0,"87":0,"88":0,"89":0,"90":0,"91":0,"92":0,"93":0,"94":0,"95":0,"96":0,"97":0,"98":0,"99":0,"100":0,"101":0,"102":0,"103":0,"104":0,"105":0,"106":0,"107":0,"108":0,"109":0,"110":0,"111":0,"112":0,"113":0,"114":0,"115":0,"116":0,"117":0,"118":0,"119":0,"120":0,"121":0,"122":0,"123":0,"124":0,"125":0,"126":0,"127":0,"128":0,"129":0,"130":0,"131":0,"132":0,"133":0,"134":0,"135":0,"136":0,"137":0,"138":0,"139":0,"140":0,"141":0,"142":0,"143":0,"144":0,"145":0,"146":0,"147":0,"148":0,"149":0,"150":0,"151":0,"152":0,"153":0,"154":0,"155":0,"156":0,"157":0,"158":5},"f":{"0":6,"1":0,"2":0,"3":0,"4":0,"5":0,"6":0,"7":0,"8":0,"9":0,"10":0,"11":0,"12":0,"13":0,"14":0,"15":0,"16":0,"17":0,"18":0,"19":0,"20":0,"21":0,"22":0,"23":0,"24":0,"25":0,"26":0,"27":0,"28":0,"29":0,"30":0,"31":0,"32":0,"33":0,"34":0,"35":0,"36":0,"37":0,"38":0,"39":0,"40":0,"41":0,"42":0,"43":0,"44":0,"45":0,"46":0,"47":0,"48":0,"49":0,"50":0,"51":0,"52":0,"53":0,"54":0,"55":0,"56":0,"57":0,"58":0,"59":0,"60":0,"61":0,"62":0,"63":0,"64":0,"65":0,"66":0,"67":0,"68":0,"69":0,"70":0,"71":0,"72":0,"73":0,"74":0,"75":0,"76":0,"77":0,"78":0,"79":0,"80":0},"b":{"0":[0,0],"1":[0,0],"2":[0,0],"3":[0,0],"4":[0,0],"5":[0,0],"6":[0,0],"7":[0,0,0],"8":[0,0],"9":[0,0],"10":[0,0],"11":[0,0],"12":[0,0],"13":[0,0],"14":[0,0],"15":[0,0],"16":[0,0],"17":[0,0],"18":[0,0],"19":[0,0],"20":[0,0],"21":[0,0],"22":[0,0],"23":[0,0],"24":[0,0],"25":[0,0],"26":[0,0],"27":[0,0],"28":[0,0],"29":[0,0],"30":[0,0],"31":[0,0],"32":[0,0],"33":[0,0],"34":[0,0],"35":[0,0],"36":[0,0],"37":[0,0],"38":[0,0],"39":[0,0],"40":[0,0]}}
,"/Users/rachelchen/snuba/snuba/admin/static/collapse.tsx": {"path":"/Users/rachelchen/snuba/snuba/admin/static/collapse.tsx","statementMap":{"0":{"start":{"line":1,"column":0},"end":{"line":1,"column":40}},"1":{"start":{"line":2,"column":0},"end":{"line":2,"column":42}},"2":{"start":{"line":5,"column":36},"end":{"line":5,"column":51}},"3":{"start":{"line":5,"column":18},"end":{"line":5,"column":20}},"4":{"start":{"line":5,"column":32},"end":{"line":5,"column":36}},"5":{"start":{"line":6,"column":29},"end":{"line":6,"column":35}},"6":{"start":{"line":7,"column":2},"end":{"line":20,"column":4}},"7":{"start":{"line":13,"column":27},"end":{"line":13,"column":null}},"8":{"start":{"line":13,"column":50},"end":{"line":13,"column":56}},"9":{"start":{"line":60,"column":9},"end":{"line":60,"column":17}},"10":{"start":{"line":23,"column":15},"end":{"line":28,"column":2}},"11":{"start":{"line":30,"column":27},"end":{"line":32,"column":2}},"12":{"start":{"line":34,"column":28},"end":{"line":36,"column":2}},"13":{"start":{"line":38,"column":14},"end":{"line":44,"column":2}},"14":{"start":{"line":46,"column":16},"end":{"line":48,"column":null}},"15":{"start":{"line":51,"column":15},"end":{"line":53,"column":null}},"16":{"start":{"line":56,"column":15},"end":{"line":58,"column":2}}},"fnMap":{"0":{"name":"Collapse","decl":{"start":{"line":4,"column":9},"end":{"line":4,"column":17}},"loc":{"start":{"line":4,"column":68},"end":{"line":21,"column":1}}},"1":{"name":"(anonymous_9)","decl":{"start":{"line":13,"column":21},"end":{"line":13,"column":27}},"loc":{"start":{"line":13,"column":21},"end":{"line":13,"column":39}}},"2":{"name":"(anonymous_10)","decl":{"start":{"line":13,"column":40},"end":{"line":13,"column":41}},"loc":{"start":{"line":13,"column":45},"end":{"line":13,"column":51}}}},"branchMap":{"0":{"loc":{"start":{"line":10,"column":21},"end":{"line":10,"column":73}},"type":"cond-expr","locations":[{"start":{"line":10,"column":33},"end":{"line":10,"column":51}},{"start":{"line":10,"column":54},"end":{"line":10,"column":73}}]},"1":{"loc":{"start":{"line":12,"column":19},"end":{"line":12,"column":53}},"type":"cond-expr","locations":[{"start":{"line":12,"column":31},"end":{"line":12,"column":40}},{"start":{"line":12,"column":43},"end":{"line":12,"column":53}}]},"2":{"loc":{"start":{"line":18,"column":7},"end":{"line":18,"column":56}},"type":"binary-expr","locations":[{"start":{"line":18,"column":7},"end":{"line":18,"column":16}},{"start":{"line":18,"column":20},"end":{"line":18,"column":56}}]}},"s":{"0":1,"1":1,"2":0,"3":0,"4":0,"5":0,"6":0,"7":0,"8":0,"9":1,"10":1,"11":1,"12":1,"13":1,"14":1,"15":1,"16":1},"f":{"0":0,"1":0,"2":0},"b":{"0":[0,0],"1":[0,0],"2":[0,0]}}
,"/Users/rachelchen/snuba/snuba/admin/static/data.tsx": {"path":"/Users/rachelchen/snuba/snuba/admin/static/data.tsx","statementMap":{"0":{"start":{"line":1,"column":0},"end":{"line":1,"column":54}},"1":{"start":{"line":2,"column":0},"end":{"line":2,"column":90}},"2":{"start":{"line":3,"column":0},"end":{"line":3,"column":58}},"3":{"start":{"line":4,"column":0},"end":{"line":4,"column":68}},"4":{"start":{"line":5,"column":0},"end":{"line":5,"column":62}},"5":{"start":{"line":6,"column":0},"end":{"line":6,"column":48}},"6":{"start":{"line":7,"column":0},"end":{"line":7,"column":47}},"7":{"start":{"line":8,"column":0},"end":{"line":8,"column":37}},"8":{"start":{"line":9,"column":0},"end":{"line":9,"column":50}},"9":{"start":{"line":10,"column":0},"end":{"line":10,"column":64}},"10":{"start":{"line":11,"column":0},"end":{"line":11,"column":59}},"11":{"start":{"line":12,"column":0},"end":{"line":12,"column":66}},"12":{"start":{"line":13,"column":0},"end":{"line":13,"column":62}},"13":{"start":{"line":14,"column":0},"end":{"line":14,"column":48}},"14":{"start":{"line":15,"column":0},"end":{"line":15,"column":52}},"15":{"start":{"line":16,"column":0},"end":{"line":16,"column":41}},"16":{"start":{"line":17,"column":0},"end":{"line":17,"column":48}},"17":{"start":{"line":19,"column":18},"end":{"line":97,"column":2}},"18":{"start":{"line":99,"column":9},"end":{"line":99,"column":18}}},"fnMap":{},"branchMap":{},"s":{"0":1,"1":1,"2":1,"3":1,"4":1,"5":1,"6":1,"7":1,"8":1,"9":1,"10":1,"11":1,"12":1,"13":1,"14":1,"15":1,"16":1,"17":1,"18":1},"f":{},"b":{}}
,"/Users/rachelchen/snuba/snuba/admin/static/nav.tsx": {"path":"/Users/rachelchen/snuba/snuba/admin/static/nav.tsx","statementMap":{"0":{"start":{"line":1,"column":0},"end":{"line":1,"column":40}},"1":{"start":{"line":2,"column":0},"end":{"line":2,"column":42}},"2":{"start":{"line":3,"column":0},"end":{"line":3,"column":44}},"3":{"start":{"line":13,"column":36},"end":{"line":13,"column":42}},"4":{"start":{"line":15,"column":42},"end":{"line":15,"column":73}},"5":{"start":{"line":15,"column":21},"end":{"line":15,"column":23}},"6":{"start":{"line":15,"column":38},"end":{"line":15,"column":42}},"7":{"start":{"line":18,"column":2},"end":{"line":20,"column":null}},"8":{"start":{"line":19,"column":4},"end":{"line":19,"column":16}},"9":{"start":{"line":23,"column":4},"end":{"line":25,"column":7}},"10":{"start":{"line":24,"column":6},"end":{"line":24,"column":33}},"11":{"start":{"line":28,"column":2},"end":{"line":56,"column":4}},"12":{"start":{"line":32,"column":10},"end":{"line":52,"column":null}},"13":{"start":{"line":44,"column":33},"end":{"line":44,"column":null}},"14":{"start":{"line":59,"column":17},"end":{"line":62,"column":2}},"15":{"start":{"line":64,"column":16},"end":{"line":68,"column":2}},"16":{"start":{"line":70,"column":18},"end":{"line":74,"column":2}},"17":{"start":{"line":76,"column":0},"end":{"line":76,"column":19}}},"fnMap":{"0":{"name":"Nav","decl":{"start":{"line":12,"column":9},"end":{"line":12,"column":12}},"loc":{"start":{"line":12,"column":28},"end":{"line":57,"column":1}}},"1":{"name":"fetchData","decl":{"start":{"line":22,"column":11},"end":{"line":22,"column":20}},"loc":{"start":{"line":22,"column":20},"end":{"line":26,"column":3}}},"2":{"name":"(anonymous_8)","decl":{"start":{"line":23,"column":31},"end":{"line":23,"column":32}},"loc":{"start":{"line":23,"column":35},"end":{"line":25,"column":5}}},"3":{"name":"(anonymous_9)","decl":{"start":{"line":31,"column":23},"end":{"line":31,"column":24}},"loc":{"start":{"line":31,"column":28},"end":{"line":32,"column":22}}},"4":{"name":"(anonymous_10)","decl":{"start":{"line":44,"column":27},"end":{"line":44,"column":33}},"loc":{"start":{"line":44,"column":27},"end":{"line":44,"column":41}}}},"branchMap":{"0":{"loc":{"start":{"line":18,"column":2},"end":{"line":20,"column":null}},"type":"if","locations":[{"start":{"line":18,"column":2},"end":{"line":20,"column":null}}]},"1":{"loc":{"start":{"line":32,"column":10},"end":{"line":51,"column":null}},"type":"cond-expr","locations":[{"start":{"line":33,"column":12},"end":{"line":48,"column":null}},{"start":{"line":51,"column":12},"end":{"line":51,"column":33}}]},"2":{"loc":{"start":{"line":32,"column":10},"end":{"line":32,"column":75}},"type":"binary-expr","locations":[{"start":{"line":32,"column":10},"end":{"line":32,"column":41}},{"start":{"line":32,"column":45},"end":{"line":32,"column":74}}]},"3":{"loc":{"start":{"line":32,"column":10},"end":{"line":32,"column":41}},"type":"cond-expr","locations":[{"start":{"line":32,"column":22},"end":{"line":32,"column":24}},{"start":{"line":32,"column":10},"end":{"line":32,"column":41}}]},"4":{"loc":{"start":{"line":32,"column":10},"end":{"line":32,"column":24}},"type":"binary-expr","locations":[{"start":{"line":32,"column":10},"end":{"line":32,"column":24}},{"start":{"line":32,"column":10},"end":{"line":32,"column":24}}]},"5":{"loc":{"start":{"line":32,"column":45},"end":{"line":32,"column":74}},"type":"cond-expr","locations":[{"start":{"line":32,"column":57},"end":{"line":32,"column":59}},{"start":{"line":32,"column":45},"end":{"line":32,"column":74}}]},"6":{"loc":{"start":{"line":32,"column":45},"end":{"line":32,"column":59}},"type":"binary-expr","locations":[{"start":{"line":32,"column":45},"end":{"line":32,"column":59}},{"start":{"line":32,"column":45},"end":{"line":32,"column":59}}]},"7":{"loc":{"start":{"line":33,"column":12},"end":{"line":48,"column":null}},"type":"cond-expr","locations":[{"start":{"line":34,"column":14},"end":{"line":37,"column":null}},{"start":{"line":40,"column":14},"end":{"line":47,"column":null}}]}},"s":{"0":1,"1":1,"2":1,"3":12,"4":4,"5":4,"6":4,"7":4,"8":2,"9":2,"10":2,"11":4,"12":68,"13":0,"14":1,"15":1,"16":1,"17":1},"f":{"0":4,"1":2,"2":2,"3":68,"4":0},"b":{"0":[2],"1":[18,50],"2":[68,66],"3":[34,34],"4":[68,34],"5":[34,32],"6":[66,32],"7":[0,18]}}
,"/Users/rachelchen/snuba/snuba/admin/static/query_editor.tsx": {"path":"/Users/rachelchen/snuba/snuba/admin/static/query_editor.tsx","statementMap":{"0":{"start":{"line":1,"column":0},"end":{"line":1,"column":65}},"1":{"start":{"line":3,"column":0},"end":{"line":3,"column":36}},"2":{"start":{"line":4,"column":0},"end":{"line":4,"column":68}},"3":{"start":{"line":5,"column":0},"end":{"line":5,"column":49}},"4":{"start":{"line":6,"column":0},"end":{"line":6,"column":49}},"5":{"start":{"line":23,"column":14},"end":{"line":23,"column":27}},"6":{"start":{"line":24,"column":2},"end":{"line":28,"column":5}},"7":{"start":{"line":25,"column":4},"end":{"line":27,"column":null}},"8":{"start":{"line":26,"column":6},"end":{"line":26,"column":63}},"9":{"start":{"line":29,"column":2},"end":{"line":29,"column":15}},"10":{"start":{"line":19,"column":0},"end":{"line":19,"column":16}},"11":{"start":{"line":37,"column":2},"end":{"line":44,"column":4}},"12":{"start":{"line":38,"column":22},"end":{"line":42,"column":null}},"13":{"start":{"line":33,"column":0},"end":{"line":33,"column":16}},"14":{"start":{"line":51,"column":28},"end":{"line":51,"column":48}},"15":{"start":{"line":51,"column":14},"end":{"line":51,"column":16}},"16":{"start":{"line":51,"column":24},"end":{"line":51,"column":28}},"17":{"start":{"line":52,"column":15},"end":{"line":52,"column":35}},"18":{"start":{"line":55,"column":44},"end":{"line":58,"column":4}},"19":{"start":{"line":55,"column":22},"end":{"line":55,"column":24}},"20":{"start":{"line":55,"column":40},"end":{"line":55,"column":44}},"21":{"start":{"line":60,"column":50},"end":{"line":61,"column":null}},"22":{"start":{"line":60,"column":25},"end":{"line":60,"column":27}},"23":{"start":{"line":60,"column":46},"end":{"line":60,"column":50}},"24":{"start":{"line":63,"column":64},"end":{"line":65,"column":14}},"25":{"start":{"line":63,"column":32},"end":{"line":63,"column":34}},"26":{"start":{"line":63,"column":60},"end":{"line":63,"column":64}},"27":{"start":{"line":67,"column":24},"end":{"line":67,"column":45}},"28":{"start":{"line":69,"column":2},"end":{"line":78,"column":22}},"29":{"start":{"line":70,"column":27},"end":{"line":73,"column":null}},"30":{"start":{"line":75,"column":4},"end":{"line":77,"column":6}},"31":{"start":{"line":76,"column":6},"end":{"line":76,"column":null}},"32":{"start":{"line":80,"column":2},"end":{"line":84,"column":40}},"33":{"start":{"line":81,"column":21},"end":{"line":81,"column":67}},"34":{"start":{"line":82,"column":4},"end":{"line":82,"column":23}},"35":{"start":{"line":83,"column":4},"end":{"line":83,"column":34}},"36":{"start":{"line":87,"column":4},"end":{"line":87,"column":78}},"37":{"start":{"line":87,"column":41},"end":{"line":87,"column":77}},"38":{"start":{"line":91,"column":4},"end":{"line":115,"column":6}},"39":{"start":{"line":98,"column":44},"end":{"line":99,"column":null}},"40":{"start":{"line":99,"column":37},"end":{"line":99,"column":null}},"41":{"start":{"line":101,"column":14},"end":{"line":101,"column":66}},"42":{"start":{"line":102,"column":14},"end":{"line":102,"column":67}},"43":{"start":{"line":108,"column":41},"end":{"line":108,"column":null}},"44":{"start":{"line":119,"column":39},"end":{"line":119,"column":41}},"45":{"start":{"line":120,"column":4},"end":{"line":139,"column":7}},"46":{"start":{"line":121,"column":6},"end":{"line":138,"column":8}},"47":{"start":{"line":130,"column":18},"end":{"line":130,"column":68}},"48":{"start":{"line":140,"column":4},"end":{"line":140,"column":19}},"49":{"start":{"line":143,"column":2},"end":{"line":163,"column":4}},"50":{"start":{"line":155,"column":12},"end":{"line":155,"column":50}},"51":{"start":{"line":156,"column":12},"end":{"line":156,"column":39}},"52":{"start":{"line":166,"column":29},"end":{"line":168,"column":2}},"53":{"start":{"line":170,"column":0},"end":{"line":170,"column":27}}},"fnMap":{"0":{"name":"generateQuery","decl":{"start":{"line":19,"column":16},"end":{"line":19,"column":29}},"loc":{"start":{"line":21,"column":36},"end":{"line":30,"column":1}}},"1":{"name":"(anonymous_9)","decl":{"start":{"line":24,"column":40},"end":{"line":24,"column":41}},"loc":{"start":{"line":24,"column":46},"end":{"line":28,"column":3}}},"2":{"name":"mergeQueryParamValues","decl":{"start":{"line":33,"column":16},"end":{"line":33,"column":37}},"loc":{"start":{"line":35,"column":39},"end":{"line":45,"column":1}}},"3":{"name":"(anonymous_11)","decl":{"start":{"line":38,"column":4},"end":{"line":38,"column":5}},"loc":{"start":{"line":38,"column":17},"end":{"line":38,"column":null}}},"4":{"name":"QueryEditor","decl":{"start":{"line":47,"column":9},"end":{"line":47,"column":20}},"loc":{"start":{"line":50,"column":1},"end":{"line":164,"column":1}}},"5":{"name":"(anonymous_13)","decl":{"start":{"line":69,"column":12},"end":{"line":69,"column":null}},"loc":{"start":{"line":69,"column":12},"end":{"line":78,"column":3}}},"6":{"name":"(anonymous_14)","decl":{"start":{"line":75,"column":24},"end":{"line":75,"column":25}},"loc":{"start":{"line":75,"column":44},"end":{"line":76,"column":27}}},"7":{"name":"(anonymous_15)","decl":{"start":{"line":80,"column":12},"end":{"line":80,"column":null}},"loc":{"start":{"line":80,"column":12},"end":{"line":84,"column":3}}},"8":{"name":"updateQueryParameter","decl":{"start":{"line":86,"column":11},"end":{"line":86,"column":31}},"loc":{"start":{"line":86,"column":59},"end":{"line":88,"column":3}}},"9":{"name":"(anonymous_17)","decl":{"start":{"line":87,"column":24},"end":{"line":87,"column":25}},"loc":{"start":{"line":87,"column":36},"end":{"line":87,"column":47}}},"10":{"name":"renderPredefinedQueriesSelectors","decl":{"start":{"line":90,"column":11},"end":{"line":90,"column":43}},"loc":{"start":{"line":90,"column":43},"end":{"line":116,"column":3}}},"11":{"name":"(anonymous_19)","decl":{"start":{"line":97,"column":22},"end":{"line":97,"column":23}},"loc":{"start":{"line":97,"column":28},"end":{"line":103,"column":13}}},"12":{"name":"(anonymous_20)","decl":{"start":{"line":99,"column":16},"end":{"line":99,"column":17}},"loc":{"start":{"line":99,"column":32},"end":{"line":99,"column":52}}},"13":{"name":"(anonymous_21)","decl":{"start":{"line":108,"column":20},"end":{"line":108,"column":21}},"loc":{"start":{"line":108,"column":36},"end":{"line":108,"column":56}}},"14":{"name":"renderParameterSetters","decl":{"start":{"line":118,"column":11},"end":{"line":118,"column":33}},"loc":{"start":{"line":118,"column":33},"end":{"line":141,"column":3}}},"15":{"name":"(anonymous_23)","decl":{"start":{"line":120,"column":42},"end":{"line":120,"column":43}},"loc":{"start":{"line":120,"column":52},"end":{"line":139,"column":5}}},"16":{"name":"(anonymous_24)","decl":{"start":{"line":129,"column":26},"end":{"line":129,"column":27}},"loc":{"start":{"line":129,"column":30},"end":{"line":131,"column":17}}},"17":{"name":"(anonymous_25)","decl":{"start":{"line":154,"column":20},"end":{"line":154,"column":21}},"loc":{"start":{"line":154,"column":29},"end":{"line":157,"column":11}}}},"branchMap":{"0":{"loc":{"start":{"line":25,"column":4},"end":{"line":27,"column":null}},"type":"if","locations":[{"start":{"line":25,"column":4},"end":{"line":27,"column":null}}]},"1":{"loc":{"start":{"line":41,"column":8},"end":{"line":41,"column":78}},"type":"cond-expr","locations":[{"start":{"line":41,"column":43},"end":{"line":41,"column":73}},{"start":{"line":41,"column":76},"end":{"line":41,"column":78}}]},"2":{"loc":{"start":{"line":96,"column":19},"end":{"line":96,"column":63}},"type":"cond-expr","locations":[{"start":{"line":96,"column":48},"end":{"line":96,"column":52}},{"start":{"line":96,"column":52},"end":{"line":96,"column":63}}]},"3":{"loc":{"start":{"line":96,"column":19},"end":{"line":96,"column":52}},"type":"binary-expr","locations":[{"start":{"line":96,"column":19},"end":{"line":96,"column":52}},{"start":{"line":96,"column":48},"end":{"line":96,"column":52}}]},"4":{"loc":{"start":{"line":96,"column":19},"end":{"line":96,"column":48}},"type":"cond-expr","locations":[{"start":{"line":96,"column":42},"end":{"line":96,"column":44}},{"start":{"line":96,"column":19},"end":{"line":96,"column":48}}]},"5":{"loc":{"start":{"line":96,"column":19},"end":{"line":96,"column":44}},"type":"binary-expr","locations":[{"start":{"line":96,"column":19},"end":{"line":96,"column":44}},{"start":{"line":96,"column":19},"end":{"line":96,"column":44}}]},"6":{"loc":{"start":{"line":98,"column":44},"end":{"line":99,"column":null}},"type":"cond-expr","locations":[{"start":{"line":98,"column":73},"end":{"line":98,"column":75}},{"start":{"line":98,"column":73},"end":{"line":99,"column":null}}]},"7":{"loc":{"start":{"line":98,"column":44},"end":{"line":98,"column":75}},"type":"binary-expr","locations":[{"start":{"line":98,"column":44},"end":{"line":98,"column":75}},{"start":{"line":98,"column":73},"end":{"line":98,"column":75}}]},"8":{"loc":{"start":{"line":98,"column":44},"end":{"line":98,"column":73}},"type":"cond-expr","locations":[{"start":{"line":98,"column":49},"end":{"line":98,"column":51}},{"start":{"line":98,"column":44},"end":{"line":98,"column":73}}]},"9":{"loc":{"start":{"line":98,"column":44},"end":{"line":98,"column":51}},"type":"binary-expr","locations":[{"start":{"line":98,"column":44},"end":{"line":98,"column":51}},{"start":{"line":98,"column":44},"end":{"line":98,"column":51}}]},"10":{"loc":{"start":{"line":102,"column":31},"end":{"line":102,"column":65}},"type":"cond-expr","locations":[{"start":{"line":102,"column":59},"end":{"line":102,"column":63}},{"start":{"line":102,"column":63},"end":{"line":102,"column":65}}]},"11":{"loc":{"start":{"line":102,"column":31},"end":{"line":102,"column":63}},"type":"binary-expr","locations":[{"start":{"line":102,"column":31},"end":{"line":102,"column":63}},{"start":{"line":102,"column":59},"end":{"line":102,"column":63}}]},"12":{"loc":{"start":{"line":102,"column":31},"end":{"line":102,"column":59}},"type":"cond-expr","locations":[{"start":{"line":102,"column":54},"end":{"line":102,"column":56}},{"start":{"line":102,"column":31},"end":{"line":102,"column":59}}]},"13":{"loc":{"start":{"line":102,"column":31},"end":{"line":102,"column":56}},"type":"binary-expr","locations":[{"start":{"line":102,"column":31},"end":{"line":102,"column":56}},{"start":{"line":102,"column":31},"end":{"line":102,"column":56}}]},"14":{"loc":{"start":{"line":106,"column":14},"end":{"line":110,"column":20}},"type":"cond-expr","locations":[{"start":{"line":107,"column":18},"end":{"line":108,"column":null}},{"start":{"line":110,"column":18},"end":{"line":110,"column":20}}]},"15":{"loc":{"start":{"line":125,"column":15},"end":{"line":125,"column":50}},"type":"cond-expr","locations":[{"start":{"line":125,"column":45},"end":{"line":125,"column":48}},{"start":{"line":125,"column":48},"end":{"line":125,"column":50}}]},"16":{"loc":{"start":{"line":125,"column":15},"end":{"line":125,"column":48}},"type":"binary-expr","locations":[{"start":{"line":125,"column":15},"end":{"line":125,"column":48}},{"start":{"line":125,"column":45},"end":{"line":125,"column":48}}]},"17":{"loc":{"start":{"line":145,"column":7},"end":{"line":146,"column":42}},"type":"binary-expr","locations":[{"start":{"line":145,"column":7},"end":{"line":145,"column":43}},{"start":{"line":146,"column":8},"end":{"line":146,"column":42}}]},"18":{"loc":{"start":{"line":147,"column":7},"end":{"line":149,"column":14}},"type":"cond-expr","locations":[{"start":{"line":148,"column":8},"end":{"line":148,"column":53}},{"start":{"line":149,"column":10},"end":{"line":149,"column":14}}]},"19":{"loc":{"start":{"line":147,"column":7},"end":{"line":147,"column":43}},"type":"cond-expr","locations":[{"start":{"line":147,"column":30},"end":{"line":147,"column":32}},{"start":{"line":147,"column":7},"end":{"line":147,"column":43}}]},"20":{"loc":{"start":{"line":147,"column":7},"end":{"line":147,"column":32}},"type":"binary-expr","locations":[{"start":{"line":147,"column":7},"end":{"line":147,"column":32}},{"start":{"line":147,"column":7},"end":{"line":147,"column":32}}]},"21":{"loc":{"start":{"line":148,"column":12},"end":{"line":148,"column":48}},"type":"cond-expr","locations":[{"start":{"line":148,"column":35},"end":{"line":148,"column":37}},{"start":{"line":148,"column":12},"end":{"line":148,"column":48}}]},"22":{"loc":{"start":{"line":148,"column":12},"end":{"line":148,"column":37}},"type":"binary-expr","locations":[{"start":{"line":148,"column":12},"end":{"line":148,"column":37}},{"start":{"line":148,"column":12},"end":{"line":148,"column":37}}]}},"s":{"0":3,"1":3,"2":3,"3":3,"4":3,"5":28,"6":28,"7":14,"8":3,"9":28,"10":3,"11":16,"12":9,"13":3,"14":38,"15":38,"16":38,"17":38,"18":38,"19":38,"20":38,"21":38,"22":38,"23":38,"24":38,"25":38,"26":38,"27":38,"28":38,"29":15,"30":15,"31":15,"32":38,"33":26,"34":26,"35":26,"36":0,"37":0,"38":21,"39":4,"40":6,"41":4,"42":4,"43":42,"44":38,"45":38,"46":16,"47":0,"48":38,"49":38,"50":6,"51":6,"52":3,"53":3},"f":{"0":28,"1":14,"2":16,"3":9,"4":38,"5":15,"6":15,"7":26,"8":0,"9":0,"10":21,"11":4,"12":6,"13":42,"14":38,"15":16,"16":0,"17":6},"b":{"0":[3],"1":[4,5],"2":[12,9],"3":[21,21],"4":[9,12],"5":[21,21],"6":[0,4],"7":[4,4],"8":[0,4],"9":[4,4],"10":[4,0],"11":[4,4],"12":[0,4],"13":[4,4],"14":[21,0],"15":[0,16],"16":[16,16],"17":[38,21],"18":[12,26],"19":[26,12],"20":[38,38],"21":[0,12],"22":[12,12]}}
,"/Users/rachelchen/snuba/snuba/admin/static/query_history.tsx": {"path":"/Users/rachelchen/snuba/snuba/admin/static/query_history.tsx","statementMap":{"0":{"start":{"line":2,"column":21},"end":{"line":2,"column":22}},"1":{"start":{"line":5,"column":21},"end":{"line":5,"column":37}},"2":{"start":{"line":6,"column":2},"end":{"line":25,"column":null}},"3":{"start":{"line":7,"column":4},"end":{"line":9,"column":null}},"4":{"start":{"line":8,"column":6},"end":{"line":8,"column":13}},"5":{"start":{"line":10,"column":26},"end":{"line":10,"column":58}},"6":{"start":{"line":11,"column":25},"end":{"line":11,"column":27}},"7":{"start":{"line":12,"column":4},"end":{"line":14,"column":null}},"8":{"start":{"line":13,"column":6},"end":{"line":13,"column":42}},"9":{"start":{"line":15,"column":4},"end":{"line":17,"column":null}},"10":{"start":{"line":16,"column":6},"end":{"line":16,"column":29}},"11":{"start":{"line":18,"column":4},"end":{"line":20,"column":null}},"12":{"start":{"line":19,"column":6},"end":{"line":19,"column":20}},"13":{"start":{"line":21,"column":4},"end":{"line":21,"column":62}},"14":{"start":{"line":24,"column":4},"end":{"line":24,"column":40}},"15":{"start":{"line":4,"column":0},"end":{"line":4,"column":16}},"16":{"start":{"line":29,"column":21},"end":{"line":29,"column":37}},"17":{"start":{"line":30,"column":24},"end":{"line":30,"column":56}},"18":{"start":{"line":31,"column":2},"end":{"line":39,"column":null}},"19":{"start":{"line":32,"column":4},"end":{"line":36,"column":null}},"20":{"start":{"line":33,"column":6},"end":{"line":33,"column":39}},"21":{"start":{"line":35,"column":6},"end":{"line":35,"column":16}},"22":{"start":{"line":38,"column":4},"end":{"line":38,"column":14}},"23":{"start":{"line":28,"column":0},"end":{"line":28,"column":16}}},"fnMap":{"0":{"name":"setRecentHistory","decl":{"start":{"line":4,"column":16},"end":{"line":4,"column":32}},"loc":{"start":{"line":4,"column":56},"end":{"line":26,"column":1}}},"1":{"name":"getRecentHistory","decl":{"start":{"line":28,"column":16},"end":{"line":28,"column":32}},"loc":{"start":{"line":28,"column":44},"end":{"line":40,"column":1}}}},"branchMap":{"0":{"loc":{"start":{"line":7,"column":4},"end":{"line":9,"column":null}},"type":"if","locations":[{"start":{"line":7,"column":4},"end":{"line":9,"column":null}}]},"1":{"loc":{"start":{"line":12,"column":4},"end":{"line":14,"column":null}},"type":"if","locations":[{"start":{"line":12,"column":4},"end":{"line":14,"column":null}}]},"2":{"loc":{"start":{"line":15,"column":4},"end":{"line":17,"column":null}},"type":"if","locations":[{"start":{"line":15,"column":4},"end":{"line":17,"column":null}}]},"3":{"loc":{"start":{"line":18,"column":4},"end":{"line":20,"column":null}},"type":"if","locations":[{"start":{"line":18,"column":4},"end":{"line":20,"column":null}}]},"4":{"loc":{"start":{"line":31,"column":2},"end":{"line":39,"column":null}},"type":"if","locations":[{"start":{"line":31,"column":2},"end":{"line":39,"column":null}},{"start":{"line":37,"column":9},"end":{"line":39,"column":null}}]}},"s":{"0":3,"1":10,"2":10,"3":10,"4":0,"5":10,"6":10,"7":10,"8":6,"9":10,"10":10,"11":10,"12":1,"13":10,"14":0,"15":3,"16":10,"17":10,"18":10,"19":3,"20":3,"21":0,"22":7,"23":3},"f":{"0":10,"1":10},"b":{"0":[0],"1":[6],"2":[10],"3":[1],"4":[3,7]}}
,"/Users/rachelchen/snuba/snuba/admin/static/select.tsx": {"path":"/Users/rachelchen/snuba/snuba/admin/static/select.tsx","statementMap":{"0":{"start":{"line":1,"column":0},"end":{"line":1,"column":42}},"1":{"start":{"line":2,"column":0},"end":{"line":2,"column":64}},"2":{"start":{"line":18,"column":15},"end":{"line":18,"column":52}},"3":{"start":{"line":19,"column":2},"end":{"line":19,"column":27}},"4":{"start":{"line":17,"column":0},"end":{"line":17,"column":16}},"5":{"start":{"line":22,"column":19},"end":{"line":31,"column":null}},"6":{"start":{"line":23,"column":10},"end":{"line":23,"column":12}},"7":{"start":{"line":23,"column":17},"end":{"line":23,"column":22}},"8":{"start":{"line":23,"column":28},"end":{"line":23,"column":41}},"9":{"start":{"line":23,"column":51},"end":{"line":31,"column":null}},"10":{"start":{"line":35,"column":53},"end":{"line":35,"column":59}},"11":{"start":{"line":37,"column":4},"end":{"line":39,"column":null}},"12":{"start":{"line":38,"column":6},"end":{"line":38,"column":52}},"13":{"start":{"line":40,"column":4},"end":{"line":40,"column":20}},"14":{"start":{"line":42,"column":2},"end":{"line":42,"column":17}},"15":{"start":{"line":43,"column":2},"end":{"line":56,"column":4}},"16":{"start":{"line":34,"column":0},"end":{"line":34,"column":16}}},"fnMap":{"0":{"name":"getParamFromStorage","decl":{"start":{"line":17,"column":16},"end":{"line":17,"column":35}},"loc":{"start":{"line":17,"column":47},"end":{"line":20,"column":1}}},"1":{"name":"(anonymous_10)","decl":{"start":{"line":23,"column":2},"end":{"line":23,"column":3}},"loc":{"start":{"line":23,"column":46},"end":{"line":31,"column":null}}},"2":{"name":"CustomSelect","decl":{"start":{"line":34,"column":16},"end":{"line":34,"column":28}},"loc":{"start":{"line":34,"column":47},"end":{"line":57,"column":1}}},"3":{"name":"updateStorage","decl":{"start":{"line":36,"column":11},"end":{"line":36,"column":24}},"loc":{"start":{"line":36,"column":38},"end":{"line":41,"column":3}}}},"branchMap":{"0":{"loc":{"start":{"line":19,"column":9},"end":{"line":19,"column":26}},"type":"cond-expr","locations":[{"start":{"line":19,"column":9},"end":{"line":19,"column":13}},{"start":{"line":19,"column":17},"end":{"line":19,"column":26}}]},"1":{"loc":{"start":{"line":19,"column":9},"end":{"line":19,"column":17}},"type":"binary-expr","locations":[{"start":{"line":19,"column":9},"end":{"line":19,"column":17}},{"start":{"line":19,"column":9},"end":{"line":19,"column":17}}]},"2":{"loc":{"start":{"line":37,"column":4},"end":{"line":39,"column":null}},"type":"if","locations":[{"start":{"line":37,"column":4},"end":{"line":39,"column":null}}]}},"s":{"0":4,"1":4,"2":7,"3":7,"4":4,"5":4,"6":12,"7":12,"8":12,"9":12,"10":121,"11":5,"12":5,"13":5,"14":24,"15":24,"16":4},"f":{"0":7,"1":12,"2":25,"3":5},"b":{"0":[0,7],"1":[7,0],"2":[5]}}
,"/Users/rachelchen/snuba/snuba/admin/static/table.tsx": {"path":"/Users/rachelchen/snuba/snuba/admin/static/table.tsx","statementMap":{"0":{"start":{"line":1,"column":0},"end":{"line":1,"column":56}},"1":{"start":{"line":3,"column":0},"end":{"line":3,"column":42}},"2":{"start":{"line":12,"column":28},"end":{"line":17,"column":2}},"3":{"start":{"line":20,"column":2},"end":{"line":20,"column":null}},"4":{"start":{"line":22,"column":2},"end":{"line":22,"column":47}},"5":{"start":{"line":150,"column":35},"end":{"line":150,"column":58}},"6":{"start":{"line":33,"column":48},"end":{"line":33,"column":54}},"7":{"start":{"line":35,"column":27},"end":{"line":35,"column":59}},"8":{"start":{"line":36,"column":31},"end":{"line":36,"column":63}},"9":{"start":{"line":37,"column":26},"end":{"line":37,"column":77}},"10":{"start":{"line":37,"column":66},"end":{"line":37,"column":75}},"11":{"start":{"line":38,"column":23},"end":{"line":40,"column":25}},"12":{"start":{"line":41,"column":22},"end":{"line":43,"column":null}},"13":{"start":{"line":45,"column":23},"end":{"line":47,"column":null}},"14":{"start":{"line":49,"column":19},"end":{"line":51,"column":null}},"15":{"start":{"line":53,"column":19},"end":{"line":55,"column":null}},"16":{"start":{"line":58,"column":2},"end":{"line":89,"column":4}},"17":{"start":{"line":62,"column":40},"end":{"line":74,"column":12}},"18":{"start":{"line":78,"column":38},"end":{"line":86,"column":10}},"19":{"start":{"line":80,"column":38},"end":{"line":84,"column":14}},"20":{"start":{"line":150,"column":9},"end":{"line":150,"column":14}},"21":{"start":{"line":92,"column":15},"end":{"line":94,"column":2}},"22":{"start":{"line":96,"column":16},"end":{"line":101,"column":null}},"23":{"start":{"line":104,"column":20},"end":{"line":107,"column":2}},"24":{"start":{"line":109,"column":13},"end":{"line":113,"column":null}},"25":{"start":{"line":116,"column":13},"end":{"line":121,"column":null}},"26":{"start":{"line":128,"column":30},"end":{"line":128,"column":36}},"27":{"start":{"line":130,"column":2},"end":{"line":137,"column":4}},"28":{"start":{"line":133,"column":25},"end":{"line":133,"column":null}},"29":{"start":{"line":150,"column":16},"end":{"line":150,"column":33}},"30":{"start":{"line":140,"column":22},"end":{"line":148,"column":2}}},"fnMap":{"0":{"name":"createCustomTableStyles","decl":{"start":{"line":19,"column":9},"end":{"line":19,"column":32}},"loc":{"start":{"line":20,"column":58},"end":{"line":23,"column":1}}},"1":{"name":"Table","decl":{"start":{"line":32,"column":9},"end":{"line":32,"column":14}},"loc":{"start":{"line":32,"column":32},"end":{"line":90,"column":1}}},"2":{"name":"(anonymous_5)","decl":{"start":{"line":37,"column":54},"end":{"line":37,"column":55}},"loc":{"start":{"line":37,"column":61},"end":{"line":37,"column":69}}},"3":{"name":"(anonymous_6)","decl":{"start":{"line":62,"column":26},"end":{"line":62,"column":27}},"loc":{"start":{"line":62,"column":35},"end":{"line":62,"column":null}}},"4":{"name":"(anonymous_7)","decl":{"start":{"line":78,"column":21},"end":{"line":78,"column":22}},"loc":{"start":{"line":78,"column":33},"end":{"line":78,"column":null}}},"5":{"name":"(anonymous_8)","decl":{"start":{"line":80,"column":21},"end":{"line":80,"column":22}},"loc":{"start":{"line":80,"column":33},"end":{"line":80,"column":null}}},"6":{"name":"EditableTableCell","decl":{"start":{"line":124,"column":9},"end":{"line":124,"column":26}},"loc":{"start":{"line":127,"column":1},"end":{"line":138,"column":1}}},"7":{"name":"(anonymous_10)","decl":{"start":{"line":133,"column":16},"end":{"line":133,"column":17}},"loc":{"start":{"line":133,"column":20},"end":{"line":133,"column":33}}}},"branchMap":{"0":{"loc":{"start":{"line":20,"column":2},"end":{"line":20,"column":null}},"type":"if","locations":[{"start":{"line":20,"column":2},"end":{"line":20,"column":null}}]},"1":{"loc":{"start":{"line":36,"column":31},"end":{"line":36,"column":63}},"type":"cond-expr","locations":[{"start":{"line":36,"column":31},"end":{"line":36,"column":43}},{"start":{"line":36,"column":47},"end":{"line":36,"column":63}}]},"2":{"loc":{"start":{"line":36,"column":31},"end":{"line":36,"column":47}},"type":"binary-expr","locations":[{"start":{"line":36,"column":31},"end":{"line":36,"column":47}},{"start":{"line":36,"column":31},"end":{"line":36,"column":47}}]},"3":{"loc":{"start":{"line":38,"column":23},"end":{"line":40,"column":25}},"type":"cond-expr","locations":[{"start":{"line":39,"column":6},"end":{"line":39,"column":24}},{"start":{"line":40,"column":6},"end":{"line":40,"column":25}}]}},"s":{"0":5,"1":5,"2":5,"3":14,"4":14,"5":5,"6":62,"7":20,"8":20,"9":20,"10":89,"11":20,"12":20,"13":20,"14":20,"15":20,"16":20,"17":83,"18":6,"19":33,"20":5,"21":5,"22":5,"23":5,"24":5,"25":5,"26":0,"27":0,"28":0,"29":5,"30":5},"f":{"0":14,"1":22,"2":89,"3":83,"4":6,"5":33,"6":0,"7":0},"b":{"0":[0],"1":[20,0],"2":[20,20],"3":[14,6]}}
,"/Users/rachelchen/snuba/snuba/admin/static/theme.tsx": {"path":"/Users/rachelchen/snuba/snuba/admin/static/theme.tsx","statementMap":{"0":{"start":{"line":1,"column":15},"end":{"line":12,"column":2}},"1":{"start":{"line":14,"column":9},"end":{"line":14,"column":15}}},"fnMap":{},"branchMap":{},"s":{"0":5,"1":5},"f":{},"b":{}}
,"/Users/rachelchen/snuba/snuba/admin/static/auto_replacements_bypass_projects/index.tsx": {"path":"/Users/rachelchen/snuba/snuba/admin/static/auto_replacements_bypass_projects/index.tsx","statementMap":{"0":{"start":{"line":1,"column":0},"end":{"line":1,"column":51}},"1":{"start":{"line":5,"column":0},"end":{"line":5,"column":33}},"2":{"start":{"line":8,"column":26},"end":{"line":9,"column":null}},"3":{"start":{"line":8,"column":13},"end":{"line":8,"column":15}},"4":{"start":{"line":8,"column":22},"end":{"line":8,"column":26}},"5":{"start":{"line":12,"column":2},"end":{"line":16,"column":9}},"6":{"start":{"line":13,"column":4},"end":{"line":15,"column":7}},"7":{"start":{"line":14,"column":6},"end":{"line":14,"column":19}},"8":{"start":{"line":18,"column":2},"end":{"line":20,"column":null}},"9":{"start":{"line":19,"column":4},"end":{"line":19,"column":16}},"10":{"start":{"line":22,"column":18},"end":{"line":24,"column":4}},"11":{"start":{"line":22,"column":39},"end":{"line":22,"column":41}},"12":{"start":{"line":22,"column":47},"end":{"line":22,"column":49}},"13":{"start":{"line":23,"column":4},"end":{"line":23,"column":31}},"14":{"start":{"line":26,"column":2},"end":{"line":35,"column":4}},"15":{"start":{"line":38,"column":0},"end":{"line":38,"column":46}}},"fnMap":{"0":{"name":"AutoReplacementsBypassProjects","decl":{"start":{"line":7,"column":9},"end":{"line":7,"column":39}},"loc":{"start":{"line":7,"column":62},"end":{"line":36,"column":1}}},"1":{"name":"(anonymous_7)","decl":{"start":{"line":12,"column":12},"end":{"line":12,"column":null}},"loc":{"start":{"line":12,"column":12},"end":{"line":16,"column":3}}},"2":{"name":"(anonymous_8)","decl":{"start":{"line":13,"column":55},"end":{"line":13,"column":56}},"loc":{"start":{"line":13,"column":59},"end":{"line":15,"column":5}}},"3":{"name":"(anonymous_9)","decl":{"start":{"line":22,"column":27},"end":{"line":22,"column":28}},"loc":{"start":{"line":22,"column":49},"end":{"line":24,"column":3}}}},"branchMap":{"0":{"loc":{"start":{"line":18,"column":2},"end":{"line":20,"column":null}},"type":"if","locations":[{"start":{"line":18,"column":2},"end":{"line":20,"column":null}}]}},"s":{"0":1,"1":1,"2":0,"3":0,"4":0,"5":0,"6":0,"7":0,"8":0,"9":0,"10":0,"11":0,"12":0,"13":0,"14":0,"15":1},"f":{"0":0,"1":0,"2":0,"3":0},"b":{"0":[0]}}
,"/Users/rachelchen/snuba/snuba/admin/static/capacity_management/add_config_modal.tsx": {"path":"/Users/rachelchen/snuba/snuba/admin/static/capacity_management/add_config_modal.tsx","statementMap":{"0":{"start":{"line":1,"column":0},"end":{"line":1,"column":40}},"1":{"start":{"line":2,"column":0},"end":{"line":2,"column":44}},"2":{"start":{"line":3,"column":0},"end":{"line":3,"column":40}},"3":{"start":{"line":4,"column":0},"end":{"line":4,"column":42}},"4":{"start":{"line":9,"column":0},"end":{"line":9,"column":50}},"5":{"start":{"line":22,"column":6},"end":{"line":22,"column":12}},"6":{"start":{"line":25,"column":4},"end":{"line":25,"column":56}},"7":{"start":{"line":24,"column":27},"end":{"line":24,"column":29}},"8":{"start":{"line":24,"column":45},"end":{"line":24,"column":null}},"9":{"start":{"line":27,"column":32},"end":{"line":33,"column":4}},"10":{"start":{"line":27,"column":15},"end":{"line":27,"column":17}},"11":{"start":{"line":27,"column":28},"end":{"line":27,"column":32}},"12":{"start":{"line":36,"column":4},"end":{"line":47,"column":7}},"13":{"start":{"line":37,"column":6},"end":{"line":46,"column":null}},"14":{"start":{"line":38,"column":8},"end":{"line":38,"column":37}},"15":{"start":{"line":39,"column":8},"end":{"line":45,"column":11}},"16":{"start":{"line":51,"column":4},"end":{"line":51,"column":30}},"17":{"start":{"line":52,"column":4},"end":{"line":52,"column":32}},"18":{"start":{"line":53,"column":4},"end":{"line":53,"column":23}},"19":{"start":{"line":57,"column":4},"end":{"line":59,"column":7}},"20":{"start":{"line":58,"column":6},"end":{"line":58,"column":68}},"21":{"start":{"line":63,"column":4},"end":{"line":65,"column":7}},"22":{"start":{"line":64,"column":6},"end":{"line":64,"column":39}},"23":{"start":{"line":69,"column":4},"end":{"line":69,"column":32}},"24":{"start":{"line":70,"column":4},"end":{"line":70,"column":30}},"25":{"start":{"line":74,"column":4},"end":{"line":74,"column":64}},"26":{"start":{"line":77,"column":2},"end":{"line":152,"column":4}},"27":{"start":{"line":87,"column":29},"end":{"line":87,"column":null}},"28":{"start":{"line":92,"column":59},"end":{"line":94,"column":14}},"29":{"start":{"line":106,"column":56},"end":{"line":117,"column":16}},"30":{"start":{"line":114,"column":37},"end":{"line":114,"column":null}},"31":{"start":{"line":125,"column":33},"end":{"line":125,"column":null}},"32":{"start":{"line":155,"column":0},"end":{"line":155,"column":30}}},"fnMap":{"0":{"name":"AddConfigModal","decl":{"start":{"line":11,"column":9},"end":{"line":11,"column":23}},"loc":{"start":{"line":16,"column":1},"end":{"line":153,"column":1}}},"1":{"name":"selectConfigDefinition","decl":{"start":{"line":35,"column":11},"end":{"line":35,"column":33}},"loc":{"start":{"line":35,"column":46},"end":{"line":48,"column":3}}},"2":{"name":"(anonymous_11)","decl":{"start":{"line":36,"column":34},"end":{"line":36,"column":35}},"loc":{"start":{"line":36,"column":45},"end":{"line":47,"column":5}}},"3":{"name":"saveChanges","decl":{"start":{"line":50,"column":11},"end":{"line":50,"column":22}},"loc":{"start":{"line":50,"column":22},"end":{"line":54,"column":3}}},"4":{"name":"updateParam","decl":{"start":{"line":56,"column":11},"end":{"line":56,"column":22}},"loc":{"start":{"line":56,"column":50},"end":{"line":60,"column":3}}},"5":{"name":"(anonymous_14)","decl":{"start":{"line":57,"column":16},"end":{"line":57,"column":17}},"loc":{"start":{"line":57,"column":21},"end":{"line":59,"column":5}}},"6":{"name":"setValue","decl":{"start":{"line":62,"column":11},"end":{"line":62,"column":19}},"loc":{"start":{"line":62,"column":33},"end":{"line":66,"column":3}}},"7":{"name":"(anonymous_16)","decl":{"start":{"line":63,"column":16},"end":{"line":63,"column":17}},"loc":{"start":{"line":63,"column":21},"end":{"line":65,"column":5}}},"8":{"name":"cancelAdding","decl":{"start":{"line":68,"column":11},"end":{"line":68,"column":23}},"loc":{"start":{"line":68,"column":23},"end":{"line":71,"column":3}}},"9":{"name":"inputType","decl":{"start":{"line":73,"column":11},"end":{"line":73,"column":20}},"loc":{"start":{"line":73,"column":33},"end":{"line":75,"column":3}}},"10":{"name":"(anonymous_19)","decl":{"start":{"line":87,"column":22},"end":{"line":87,"column":23}},"loc":{"start":{"line":87,"column":24},"end":{"line":87,"column":51}}},"11":{"name":"(anonymous_20)","decl":{"start":{"line":92,"column":43},"end":{"line":92,"column":44}},"loc":{"start":{"line":92,"column":54},"end":{"line":92,"column":null}}},"12":{"name":"(anonymous_21)","decl":{"start":{"line":106,"column":45},"end":{"line":106,"column":46}},"loc":{"start":{"line":106,"column":51},"end":{"line":106,"column":null}}},"13":{"name":"(anonymous_22)","decl":{"start":{"line":114,"column":30},"end":{"line":114,"column":31}},"loc":{"start":{"line":114,"column":32},"end":{"line":114,"column":48}}},"14":{"name":"(anonymous_23)","decl":{"start":{"line":125,"column":26},"end":{"line":125,"column":27}},"loc":{"start":{"line":125,"column":28},"end":{"line":125,"column":41}}}},"branchMap":{"0":{"loc":{"start":{"line":37,"column":6},"end":{"line":46,"column":null}},"type":"if","locations":[{"start":{"line":37,"column":6},"end":{"line":46,"column":null}}]},"1":{"loc":{"start":{"line":74,"column":11},"end":{"line":74,"column":63}},"type":"cond-expr","locations":[{"start":{"line":74,"column":46},"end":{"line":74,"column":54}},{"start":{"line":74,"column":57},"end":{"line":74,"column":63}}]},"2":{"loc":{"start":{"line":74,"column":11},"end":{"line":74,"column":43}},"type":"binary-expr","locations":[{"start":{"line":74,"column":11},"end":{"line":74,"column":24}},{"start":{"line":74,"column":28},"end":{"line":74,"column":43}}]},"3":{"loc":{"start":{"line":100,"column":9},"end":{"line":130,"column":16}},"type":"cond-expr","locations":[{"start":{"line":101,"column":10},"end":{"line":128,"column":null}},{"start":{"line":130,"column":12},"end":{"line":130,"column":16}}]},"4":{"loc":{"start":{"line":140,"column":12},"end":{"line":145,"column":36}},"type":"binary-expr","locations":[{"start":{"line":140,"column":12},"end":{"line":140,"column":43}},{"start":{"line":141,"column":13},"end":{"line":141,"column":31}},{"start":{"line":142,"column":15},"end":{"line":143,"column":61}},{"start":{"line":144,"column":16},"end":{"line":144,"column":57}},{"start":{"line":145,"column":16},"end":{"line":145,"column":34}}]}},"s":{"0":5,"1":5,"2":5,"3":5,"4":5,"5":56,"6":14,"7":14,"8":14,"9":14,"10":14,"11":14,"12":1,"13":2,"14":1,"15":1,"16":1,"17":1,"18":1,"19"
[...]
e":289,"column":50}}}},"branchMap":{"0":{"loc":{"start":{"line":28,"column":5},"end":{"line":28,"column":null}},"type":"binary-expr","locations":[{"start":{"line":28,"column":5},"end":{"line":28,"column":20}},{"start":{"line":28,"column":5},"end":{"line":28,"column":null}}]},"1":{"loc":{"start":{"line":44,"column":2},"end":{"line":62,"column":null}},"type":"if","locations":[{"start":{"line":44,"column":2},"end":{"line":62,"column":null}},{"start":{"line":49,"column":9},"end":{"line":62,"column":null}}]},"2":{"loc":{"start":{"line":45,"column":4},"end":{"line":46,"column":39}},"type":"binary-expr","locations":[{"start":{"line":45,"column":4},"end":{"line":45,"column":71}},{"start":{"line":46,"column":4},"end":{"line":46,"column":39}}]},"3":{"loc":{"start":{"line":49,"column":9},"end":{"line":62,"column":null}},"type":"if","locations":[{"start":{"line":49,"column":9},"end":{"line":62,"column":null}},{"start":{"line":51,"column":9},"end":{"line":62,"column":null}}]},"4":{"loc":{"start":{"line":51,"column":9},"end":{"line":62,"column":null}},"type":"if","locations":[{"start":{"line":51,"column":9},"end":{"line":62,"column":null}},{"start":{"line":55,"column":9},"end":{"line":62,"column":null}}]},"5":{"loc":{"start":{"line":55,"column":9},"end":{"line":62,"column":null}},"type":"if","locations":[{"start":{"line":55,"column":9},"end":{"line":62,"column":null}},{"start":{"line":60,"column":9},"end":{"line":62,"column":null}}]},"6":{"loc":{"start":{"line":56,"column":4},"end":{"line":57,"column":76}},"type":"binary-expr","locations":[{"start":{"line":56,"column":4},"end":{"line":56,"column":36}},{"start":{"line":57,"column":5},"end":{"line":57,"column":37}},{"start":{"line":57,"column":41},"end":{"line":57,"column":75}}]},"7":{"loc":{"start":{"line":68,"column":4},"end":{"line":72,"column":null}},"type":"if","locations":[{"start":{"line":68,"column":4},"end":{"line":72,"column":null}},{"start":{"line":70,"column":11},"end":{"line":72,"column":null}}]},"8":{"loc":{"start":{"line":82,"column":10},"end":{"line":114,"column":null}},"type":"if","locations":[{"start":{"line":82,"column":10},"end":{"line":114,"column":null}},{"start":{"line":94,"column":17},"end":{"line":114,"column":null}}]},"9":{"loc":{"start":{"line":94,"column":17},"end":{"line":114,"column":null}},"type":"if","locations":[{"start":{"line":94,"column":17},"end":{"line":114,"column":null}}]},"10":{"loc":{"start":{"line":95,"column":12},"end":{"line":113,"column":null}},"type":"if","locations":[{"start":{"line":95,"column":12},"end":{"line":113,"column":null}},{"start":{"line":104,"column":19},"end":{"line":113,"column":null}}]},"11":{"loc":{"start":{"line":224,"column":20},"end":{"line":225,"column":39}},"type":"cond-expr","locations":[{"start":{"line":225,"column":6},"end":{"line":225,"column":32}},{"start":{"line":225,"column":35},"end":{"line":225,"column":39}}]},"12":{"loc":{"start":{"line":226,"column":17},"end":{"line":226,"column":61}},"type":"cond-expr","locations":[{"start":{"line":226,"column":40},"end":{"line":226,"column":56}},{"start":{"line":226,"column":59},"end":{"line":226,"column":61}}]},"13":{"loc":{"start":{"line":227,"column":28},"end":{"line":229,"column":12}},"type":"cond-expr","locations":[{"start":{"line":228,"column":8},"end":{"line":228,"column":57}},{"start":{"line":229,"column":8},"end":{"line":229,"column":12}}]},"14":{"loc":{"start":{"line":230,"column":29},"end":{"line":232,"column":12}},"type":"cond-expr","locations":[{"start":{"line":231,"column":8},"end":{"line":231,"column":59}},{"start":{"line":232,"column":8},"end":{"line":232,"column":12}}]},"15":{"loc":{"start":{"line":233,"column":29},"end":{"line":235,"column":12}},"type":"cond-expr","locations":[{"start":{"line":234,"column":8},"end":{"line":234,"column":59}},{"start":{"line":235,"column":8},"end":{"line":235,"column":12}}]},"16":{"loc":{"start":{"line":237,"column":6},"end":{"line":237,"column":61}},"type":"binary-expr","locations":[{"start":{"line":237,"column":6},"end":{"line":237,"column":21}},{"start":{"line":237,"column":25},"end":{"line":237,"column":41}},{"start":{"line":237,"column":45},"end":{"line":237,"column":61}}]},"17":{"loc":{"start":{"line":238,"column":34},"end":{"line":240,"column":12}},"type":"cond-expr","locations":[{"start":{"line":239,"column":8},"end":{"line":239,"column":69}},{"start":{"line":240,"column":8},"end":{"line":240,"column":12}}]},"18":{"loc":{"start":{"line":241,"column":30},"end":{"line":243,"column":12}},"type":"cond-expr","locations":[{"start":{"line":242,"column":8},"end":{"line":242,"column":61}},{"start":{"line":243,"column":8},"end":{"line":243,"column":12}}]},"19":{"loc":{"start":{"line":244,"column":29},"end":{"line":244,"column":71}},"type":"binary-expr","locations":[{"start":{"line":244,"column":29},"end":{"line":244,"column":50}},{"start":{"line":244,"column":54},"end":{"line":244,"column":71}}]},"20":{"loc":{"start":{"line":249,"column":39},"end":{"line":249,"column":72}},"type":"cond-expr","locations":[{"start":{"line":249,"column":49},"end":{"line":249,"column":64}},{"start":{"line":249,"column":67},"end":{"line":249,"column":72}}]},"21":{"loc":{"start":{"line":254,"column":13},"end":{"line":254,"column":71}},"type":"cond-expr","locations":[{"start":{"line":254,"column":30},"end":{"line":254,"column":64}},{"start":{"line":254,"column":67},"end":{"line":254,"column":71}}]},"22":{"loc":{"start":{"line":258,"column":13},"end":{"line":258,"column":75}},"type":"cond-expr","locations":[{"start":{"line":258,"column":32},"end":{"line":258,"column":68}},{"start":{"line":258,"column":71},"end":{"line":258,"column":75}}]},"23":{"loc":{"start":{"line":262,"column":13},"end":{"line":262,"column":93}},"type":"binary-expr","locations":[{"start":{"line":262,"column":13},"end":{"line":262,"column":36}},{"start":{"line":262,"column":40},"end":{"line":262,"column":93}}]},"24":{"loc":{"start":{"line":275,"column":6},"end":{"line":279,"column":null}},"type":"if","locations":[{"start":{"line":275,"column":6},"end":{"line":279,"column":null}},{"start":{"line":277,"column":13},"end":{"line":279,"column":null}}]}},"s":{"0":2,"1":2,"2":2,"3":2,"4":2,"5":2,"6":2,"7":2,"8":2,"9":2,"10":0,"11":0,"12":0,"13":0,"14":0,"15":0,"16":0,"17":0,"18":0,"19":0,"20":0,"21":0,"22":0,"23":0,"24":0,"25":0,"26":0,"27":0,"28":0,"29":0,"30":0,"31":0,"32":0,"33":0,"34":0,"35":0,"36":0,"37":0,"38":0,"39":0,"40":0,"41":0,"42":0,"43":0,"44":0,"45":0,"46":0,"47":0,"48":0,"49":0,"50":0,"51":0,"52":0,"53":0,"54":0,"55":0,"56":0,"57":0,"58":0,"59":0,"60":0,"61":0,"62":0,"63":0,"64":0,"65":0,"66":0,"67":0,"68":0,"69":0,"70":0,"71":0,"72":0,"73":0,"74":0,"75":0,"76":0,"77":0,"78":0,"79":0,"80":0,"81":0,"82":0,"83":0,"84":0,"85":6,"86":2},"f":{"0":2,"1":0,"2":6,"3":0,"4":0,"5":0,"6":0,"7":0,"8":0,"9":0,"10":0,"11":0,"12":0,"13":0,"14":0,"15":0,"16":0,"17":0,"18":0,"19":0,"20":0,"21":0,"22":0,"23":0,"24":0},"b":{"0":[2,2],"1":[0,0],"2":[0,0],"3":[0,0],"4":[0,0],"5":[0,0],"6":[0,0,0],"7":[0,0],"8":[0,0],"9":[0],"10":[0,0],"11":[0,0],"12":[0,0],"13":[0,0],"14":[0,0],"15":[0,0],"16":[0,0,0],"17":[0,0],"18":[0,0],"19":[0,0],"20":[0,0],"21":[0,0],"22":[0,0],"23":[0,0],"24":[0,0]}}
,"/Users/rachelchen/snuba/snuba/admin/static/tracing/query_display.tsx": {"path":"/Users/rachelchen/snuba/snuba/admin/static/tracing/query_display.tsx","statementMap":{"0":{"start":{"line":1,"column":0},"end":{"line":1,"column":51}},"1":{"start":{"line":2,"column":0},"end":{"line":2,"column":null}},"2":{"start":{"line":12,"column":0},"end":{"line":12,"column":50}},"3":{"start":{"line":13,"column":0},"end":{"line":13,"column":41}},"4":{"start":{"line":14,"column":0},"end":{"line":14,"column":60}},"5":{"start":{"line":15,"column":0},"end":{"line":15,"column":78}},"6":{"start":{"line":16,"column":0},"end":{"line":16,"column":70}},"7":{"start":{"line":21,"column":20},"end":{"line":21,"column":37}},"8":{"start":{"line":30,"column":34},"end":{"line":30,"column":56}},"9":{"start":{"line":30,"column":17},"end":{"line":30,"column":19}},"10":{"start":{"line":30,"column":30},"end":{"line":30,"column":34}},"11":{"start":{"line":31,"column":28},"end":{"line":33,"column":4}},"12":{"start":{"line":31,"column":14},"end":{"line":31,"column":16}},"13":{"start":{"line":31,"column":24},"end":{"line":31,"column":28}},"14":{"start":{"line":34,"column":54},"end":{"line":35,"column":null}},"15":{"start":{"line":34,"column":27},"end":{"line":34,"column":29}},"16":{"start":{"line":34,"column":50},"end":{"line":34,"column":54}},"17":{"start":{"line":37,"column":44},"end":{"line":37,"column":67}},"18":{"start":{"line":37,"column":22},"end":{"line":37,"column":24}},"19":{"start":{"line":37,"column":40},"end":{"line":37,"column":44}},"20":{"start":{"line":39,"column":2},"end":{"line":43,"column":9}},"21":{"start":{"line":40,"column":4},"end":{"line":42,"column":7}},"22":{"start":{"line":41,"column":6},"end":{"line":41,"column":50}},"23":{"start":{"line":41,"column":33},"end":{"line":41,"column":48}},"24":{"start":{"line":46,"column":4},"end":{"line":51,"column":7}},"25":{"start":{"line":47,"column":6},"end":{"line":49,"column":null}},"26":{"start":{"line":55,"column":4},"end":{"line":75,"column":9}},"27":{"start":{"line":58,"column":31},"end":{"line":69,"column":10}},"28":{"start":{"line":70,"column":8},"end":{"line":70,"column":54}},"29":{"start":{"line":71,"column":8},"end":{"line":74,"column":11}},"30":{"start":{"line":71,"column":47},"end":{"line":73,"column":null}},"31":{"start":{"line":79,"column":4},"end":{"line":84,"column":7}},"32":{"start":{"line":80,"column":6},"end":{"line":82,"column":null}},"33":{"start":{"line":85,"column":4},"end":{"line":85,"column":23}},"34":{"start":{"line":89,"column":4},"end":{"line":89,"column":47}},"35":{"start":{"line":92,"column":2},"end":{"line":158,"column":4}},"36":{"start":{"line":97,"column":10},"end":{"line":97,"column":30}},"37":{"start":{"line":119,"column":12},"end":{"line":119,"column":null}},"38":{"start":{"line":128,"column":59},"end":{"line":153,"column":12}},"39":{"start":{"line":132,"column":33},"end":{"line":132,"column":null}},"40":{"start":{"line":136,"column":39},"end":{"line":136,"column":null}},"41":{"start":{"line":161,"column":28},"end":{"line":165,"column":2}},"42":{"start":{"line":167,"column":20},"end":{"line":170,"column":2}},"43":{"start":{"line":171,"column":0},"end":{"line":171,"column":28}}},"fnMap":{"0":{"name":"QueryDisplay","decl":{"start":{"line":22,"column":9},"end":{"line":22,"column":21}},"loc":{"start":{"line":29,"column":1},"end":{"line":159,"column":1}}},"1":{"name":"(anonymous_11)","decl":{"start":{"line":39,"column":12},"end":{"line":39,"column":null}},"loc":{"start":{"line":39,"column":12},"end":{"line":43,"column":3}}},"2":{"name":"(anonymous_12)","decl":{"start":{"line":40,"column":40},"end":{"line":40,"column":41}},"loc":{"start":{"line":40,"column":44},"end":{"line":42,"column":5}}},"3":{"name":"(anonymous_13)","decl":{"start":{"line":41,"column":26},"end":{"line":41,"column":27}},"loc":{"start":{"line":41,"column":28},"end":{"line":41,"column":34}}},"4":{"name":"updateQuerySql","decl":{"start":{"line":45,"column":11},"end":{"line":45,"column":25}},"loc":{"start":{"line":45,"column":37},"end":{"line":52,"column":3}}},"5":{"name":"(anonymous_15)","decl":{"start":{"line":46,"column":13},"end":{"line":46,"column":14}},"loc":{"start":{"line":46,"column":23},"end":{"line":51,"column":5}}},"6":{"name":"executeQuery","decl":{"start":{"line":54,"column":11},"end":{"line":54,"column":23}},"loc":{"start":{"line":54,"column":23},"end":{"line":76,"column":3}}},"7":{"name":"(anonymous_17)","decl":{"start":{"line":57,"column":12},"end":{"line":57,"column":13}},"loc":{"start":{"line":57,"column":19},"end":{"line":75,"column":7}}},"8":{"name":"(anonymous_18)","decl":{"start":{"line":71,"column":30},"end":{"line":71,"column":31}},"loc":{"start":{"line":71,"column":42},"end":{"line":71,"column":null}}},"9":{"name":"selectStorage","decl":{"start":{"line":78,"column":11},"end":{"line":78,"column":24}},"loc":{"start":{"line":78,"column":40},"end":{"line":86,"column":3}}},"10":{"name":"(anonymous_20)","decl":{"start":{"line":79,"column":13},"end":{"line":79,"column":14}},"loc":{"start":{"line":79,"column":23},"end":{"line":84,"column":5}}},"11":{"name":"copyText","decl":{"start":{"line":88,"column":11},"end":{"line":88,"column":19}},"loc":{"start":{"line":88,"column":32},"end":{"line":90,"column":3}}},"12":{"name":"(anonymous_22)","decl":{"start":{"line":96,"column":23},"end":{"line":96,"column":24}},"loc":{"start":{"line":96,"column":27},"end":{"line":98,"column":9}}},"13":{"name":"(anonymous_23)","decl":{"start":{"line":118,"column":20},"end":{"line":118,"column":21}},"loc":{"start":{"line":118,"column":61},"end":{"line":119,"column":28}}},"14":{"name":"(anonymous_24)","decl":{"start":{"line":128,"column":42},"end":{"line":128,"column":43}},"loc":{"start":{"line":128,"column":54},"end":{"line":128,"column":null}}},"15":{"name":"(anonymous_25)","decl":{"start":{"line":132,"column":27},"end":{"line":132,"column":33}},"loc":{"start":{"line":132,"column":27},"end":{"line":132,"column":41}}},"16":{"name":"(anonymous_26)","decl":{"start":{"line":136,"column":33},"end":{"line":136,"column":39}},"loc":{"start":{"line":136,"column":33},"end":{"line":136,"column":47}}}},"branchMap":{"0":{"loc":{"start":{"line":103,"column":19},"end":{"line":103,"column":38}},"type":"binary-expr","locations":[{"start":{"line":103,"column":19},"end":{"line":103,"column":32}},{"start":{"line":103,"column":36},"end":{"line":103,"column":38}}]},"1":{"loc":{"start":{"line":111,"column":20},"end":{"line":111,"column":48}},"type":"binary-expr","locations":[{"start":{"line":111,"column":20},"end":{"line":111,"column":34}},{"start":{"line":111,"column":38},"end":{"line":111,"column":48}}]},"2":{"loc":{"start":{"line":132,"column":42},"end":{"line":132,"column":72}},"type":"binary-expr","locations":[{"start":{"line":132,"column":42},"end":{"line":132,"column":66}},{"start":{"line":132,"column":70},"end":{"line":132,"column":72}}]}},"s":{"0":2,"1":2,"2":2,"3":2,"4":2,"5":2,"6":2,"7":2,"8":6,"9":6,"10":6,"11":6,"12":6,"13":6,"14":6,"15":6,"16":6,"17":6,"18":6,"19":6,"20":6,"21":1,"22":1,"23":1,"24":4,"25":4,"26":0,"27":0,"28":0,"29":0,"30":0,"31":0,"32":0,"33":0,"34":0,"35":6,"36":4,"37":0,"38":0,"39":0,"40":0,"41":2,"42":2,"43":2},"f":{"0":6,"1":1,"2":1,"3":1,"4":4,"5":4,"6":0,"7":0,"8":0,"9":0,"10":0,"11":0,"12":4,"13":0,"14":0,"15":0,"16":0},"b":{"0":[6,6],"1":[6,0],"2":[0,0]}}
,"/Users/rachelchen/snuba/snuba/admin/static/utils/execute_button.tsx": {"path":"/Users/rachelchen/snuba/snuba/admin/static/utils/execute_button.tsx","statementMap":{"0":{"start":{"line":1,"column":0},"end":{"line":1,"column":40}},"1":{"start":{"line":2,"column":0},"end":{"line":2,"column":39}},"2":{"start":{"line":10,"column":40},"end":{"line":10,"column":64}},"3":{"start":{"line":10,"column":20},"end":{"line":10,"column":22}},"4":{"start":{"line":10,"column":36},"end":{"line":10,"column":40}},"5":{"start":{"line":12,"column":14},"end":{"line":12,"column":44}},"6":{"start":{"line":14,"column":23},"end":{"line":17,"column":3}},"7":{"start":{"line":15,"column":4},"end":{"line":15,"column":30}},"8":{"start":{"line":16,"column":4},"end":{"line":16,"column":46}},"9":{"start":{"line":18,"column":22},"end":{"line":18,"column":51}},"10":{"start":{"line":21,"column":4},"end":{"line":23,"column":null}},"11":{"start":{"line":22,"column":6},"end":{"line":22,"column":49}},"12":{"start":{"line":24,"column":4},"end":{"line":24,"column":25}},"13":{"start":{"line":25,"column":4},"end":{"line":32,"column":9}},"14":{"start":{"line":28,"column":8},"end":{"line":28,"column":27}},"15":{"start":{"line":31,"column":8},"end":{"line":31,"column":30}},"16":{"start":{"line":35,"column":2},"end":{"line":48,"column":4}},"17":{"start":{"line":39,"column":10},"end":{"line":39,"column":31}},"18":{"start":{"line":40,"column":10},"end":{"line":40,"column":25}},"19":{"start":{"line":51,"column":0},"end":{"line":51,"column":29}}},"fnMap":{"0":{"name":"ExecuteButton","decl":{"start":{"line":4,"column":9},"end":{"line":4,"column":22}},"loc":{"start":{"line":9,"column":1},"end":{"line":49,"column":1}}},"1":{"name":"(anonymous_7)","decl":{"start":{"line":14,"column":23},"end":{"line":14,"column":24}},"loc":{"start":{"line":14,"column":32},"end":{"line":17,"column":3}}},"2":{"name":"executeQuery","decl":{"start":{"line":20,"column":11},"end":{"line":20,"column":23}},"loc":{"start":{"line":20,"column":23},"end":{"line":33,"column":3}}},"3":{"name":"(anonymous_9)","decl":{"start":{"line":27,"column":13},"end":{"line":27,"column":14}},"loc":{"start":{"line":27,"column":22},"end":{"line":29,"column":7}}},"4":{"name":"(anonymous_10)","decl":{"start":{"line":30,"column":15},"end":{"line":30,"column":null}},"loc":{"start":{"line":30,"column":15},"end":{"line":32,"column":7}}},"5":{"name":"(anonymous_11)","decl":{"start":{"line":38,"column":17},"end":{"line":38,"column":18}},"loc":{"start":{"line":38,"column":26},"end":{"line":41,"column":9}}}},"branchMap":{"0":{"loc":{"start":{"line":12,"column":14},"end":{"line":12,"column":44}},"type":"binary-expr","locations":[{"start":{"line":12,"column":14},"end":{"line":12,"column":25}},{"start":{"line":12,"column":29},"end":{"line":12,"column":44}}]},"1":{"loc":{"start":{"line":18,"column":22},"end":{"line":18,"column":51}},"type":"binary-expr","locations":[{"start":{"line":18,"column":22},"end":{"line":18,"column":35}},{"start":{"line":18,"column":39},"end":{"line":18,"column":51}}]},"2":{"loc":{"start":{"line":21,"column":4},"end":{"line":23,"column":null}},"type":"if","locations":[{"start":{"line":21,"column":4},"end":{"line":23,"column":null}}]},"3":{"loc":{"start":{"line":43,"column":18},"end":{"line":43,"column":47}},"type":"binary-expr","locations":[{"start":{"line":43,"column":18},"end":{"line":43,"column":29}},{"start":{"line":43,"column":33},"end":{"line":43,"column":47}}]}},"s":{"0":3,"1":3,"2":11,"3":11,"4":11,"5":11,"6":11,"7":0,"8":0,"9":11,"10":2,"11":0,"12":2,"13":2,"14":0,"15":1,"16":11,"17":2,"18":2,"19":3},"f":{"0":11,"1":0,"2":2,"3":0,"4":1,"5":2},"b":{"0":[11,11],"1":[11,11],"2":[0],"3":[11,9]}}
,"/Users/rachelchen/snuba/snuba/admin/static/welcome/index.tsx": {"path":"/Users/rachelchen/snuba/snuba/admin/static/welcome/index.tsx","statementMap":{"0":{"start":{"line":1,"column":0},"end":{"line":1,"column":51}},"1":{"start":{"line":5,"column":42},"end":{"line":5,"column":64}},"2":{"start":{"line":5,"column":21},"end":{"line":5,"column":23}},"3":{"start":{"line":5,"column":38},"end":{"line":5,"column":42}},"4":{"start":{"line":7,"column":2},"end":{"line":11,"column":9}},"5":{"start":{"line":8,"column":4},"end":{"line":10,"column":7}},"6":{"start":{"line":9,"column":6},"end":{"line":9,"column":27}},"7":{"start":{"line":14,"column":4},"end":{"line":35,"column":6}},"8":{"start":{"line":23,"column":40},"end":{"line":32,"column":12}},"9":{"start":{"line":38,"column":2},"end":{"line":38,"column":29}},"10":{"start":{"line":41,"column":0},"end":{"line":41,"column":23}}},"fnMap":{"0":{"name":"Welcome","decl":{"start":{"line":4,"column":9},"end":{"line":4,"column":16}},"loc":{"start":{"line":4,"column":39},"end":{"line":39,"column":1}}},"1":{"name":"(anonymous_7)","decl":{"start":{"line":7,"column":12},"end":{"line":7,"column":null}},"loc":{"start":{"line":7,"column":12},"end":{"line":11,"column":3}}},"2":{"name":"(anonymous_8)","decl":{"start":{"line":8,"column":37},"end":{"line":8,"column":38}},"loc":{"start":{"line":8,"column":41},"end":{"line":10,"column":5}}},"3":{"name":"urls","decl":{"start":{"line":13,"column":11},"end":{"line":13,"column":15}},"loc":{"start":{"line":13,"column":15},"end":{"line":36,"column":3}}},"4":{"name":"(anonymous_10)","decl":{"start":{"line":23,"column":28},"end":{"line":23,"column":29}},"loc":{"start":{"line":23,"column":35},"end":{"line":23,"column":null}}}},"branchMap":{},"s":{"0":1,"1":0,"2":0,"3":0,"4":0,"5":0,"6":0,"7":0,"8":0,"9":0,"10":1},"f":{"0":0,"1":0,"2":0,"3":0,"4":0},"b":{}}
}
