TN:
SF:static/api_client.tsx
FN:111,Client
FN:115,(anonymous_1)
FN:117,(anonymous_2)
FN:119,(anonymous_3)
FN:121,(anonymous_4)
FN:123,(anonymous_5)
FN:127,(anonymous_6)
FN:129,(anonymous_7)
FN:141,(anonymous_8)
FN:145,(anonymous_9)
FN:152,(anonymous_10)
FN:161,(anonymous_11)
FN:169,(anonymous_12)
FN:179,(anonymous_13)
FN:187,(anonymous_14)
FN:189,(anonymous_15)
FN:191,(anonymous_16)
FN:193,(anonymous_17)
FN:195,(anonymous_18)
FN:198,(anonymous_19)
FN:199,(anonymous_20)
FN:201,(anonymous_21)
FN:209,(anonymous_22)
FN:211,(anonymous_23)
FN:214,(anonymous_24)
FN:216,(anonymous_25)
FN:219,(anonymous_26)
FN:221,(anonymous_27)
FN:224,(anonymous_28)
FN:230,(anonymous_29)
FN:234,(anonymous_30)
FN:242,(anonymous_31)
FN:248,(anonymous_32)
FN:252,(anonymous_33)
FN:260,(anonymous_34)
FN:267,(anonymous_35)
FN:271,(anonymous_36)
FN:279,(anonymous_37)
FN:281,(anonymous_38)
FN:283,(anonymous_39)
FN:289,(anonymous_40)
FN:297,(anonymous_41)
FN:303,(anonymous_42)
FN:311,(anonymous_43)
FN:315,(anonymous_44)
FN:318,(anonymous_45)
FN:320,(anonymous_46)
FN:322,(anonymous_47)
FN:326,(anonymous_48)
FN:334,(anonymous_49)
FN:340,(anonymous_50)
FN:348,(anonymous_51)
FN:350,(anonymous_52)
FN:352,(anonymous_53)
FN:358,(anonymous_54)
FN:366,(anonymous_55)
FN:370,(anonymous_56)
FN:373,(anonymous_57)
FN:384,(anonymous_58)
FN:393,(anonymous_59)
FN:397,(anonymous_60)
FN:400,(anonymous_61)
FN:404,(anonymous_62)
FN:406,(anonymous_63)
FN:411,(anonymous_64)
FN:413,(anonymous_65)
FN:425,(anonymous_66)
FN:429,(anonymous_67)
FN:436,(anonymous_68)
FN:447,(anonymous_69)
FN:451,(anonymous_70)
FN:458,(anonymous_71)
FN:462,(anonymous_72)
FN:464,(anonymous_73)
FN:468,(anonymous_74)
FN:470,(anonymous_75)
FN:483,(anonymous_76)
FN:487,(anonymous_77)
FN:494,(anonymous_78)
FN:499,(anonymous_79)
FN:501,(anonymous_80)
FNF:81
FNH:1
FNDA:6,Client
FNDA:0,(anonymous_1)
FNDA:0,(anonymous_2)
FNDA:0,(anonymous_3)
FNDA:0,(anonymous_4)
FNDA:0,(anonymous_5)
FNDA:0,(anonymous_6)
FNDA:0,(anonymous_7)
FNDA:0,(anonymous_8)
FNDA:0,(anonymous_9)
FNDA:0,(anonymous_10)
FNDA:0,(anonymous_11)
FNDA:0,(anonymous_12)
FNDA:0,(anonymous_13)
FNDA:0,(anonymous_14)
FNDA:0,(anonymous_15)
FNDA:0,(anonymous_16)
FNDA:0,(anonymous_17)
FNDA:0,(anonymous_18)
FNDA:0,(anonymous_19)
FNDA:0,(anonymous_20)
FNDA:0,(anonymous_21)
FNDA:0,(anonymous_22)
FNDA:0,(anonymous_23)
FNDA:0,(anonymous_24)
FNDA:0,(anonymous_25)
FNDA:0,(anonymous_26)
FNDA:0,(anonymous_27)
FNDA:0,(anonymous_28)
FNDA:0,(anonymous_29)
FNDA:0,(anonymous_30)
FNDA:0,(anonymous_31)
FNDA:0,(anonymous_32)
FNDA:0,(anonymous_33)
FNDA:0,(anonymous_34)
FNDA:0,(anonymous_35)
FNDA:0,(anonymous_36)
FNDA:0,(anonymous_37)
FNDA:0,(anonymous_38)
FNDA:0,(anonymous_39)
FNDA:0,(anonymous_40)
FNDA:0,(anonymous_41)
FNDA:0,(anonymous_42)
FNDA:0,(anonymous_43)
FNDA:0,(anonymous_44)
FNDA:0,(anonymous_45)
FNDA:0,(anonymous_46)
FNDA:0,(anonymous_47)
FNDA:0,(anonymous_48)
FNDA:0,(anonymous_49)
FNDA:0,(anonymous_50)
FNDA:0,(anonymous_51)
FNDA:0,(anonymous_52)
FNDA:0,(anonymous_53)
FNDA:0,(anonymous_54)
FNDA:0,(anonymous_55)
FNDA:0,(anonymous_56)
FNDA:0,(anonymous_57)
FNDA:0,(anonymous_58)
FNDA:0,(anonymous_59)
FNDA:0,(anonymous_60)
FNDA:0,(anonymous_61)
FNDA:0,(anonymous_62)
FNDA:0,(anonymous_63)
FNDA:0,(anonymous_64)
FNDA:0,(anonymous_65)
FNDA:0,(anonymous_66)
FNDA:0,(anonymous_67)
FNDA:0,(anonymous_68)
FNDA:0,(anonymous_69)
FNDA:0,(anonymous_70)
FNDA:0,(anonymous_71)
FNDA:0,(anonymous_72)
FNDA:0,(anonymous_73)
FNDA:0,(anonymous_74)
FNDA:0,(anonymous_75)
FNDA:0,(anonymous_76)
FNDA:0,(anonymous_77)
FNDA:0,(anonymous_78)
FNDA:0,(anonymous_79)
FNDA:0,(anonymous_80)
DA:112,6
DA:114,6
DA:116,0
DA:117,0
DA:120,0
DA:121,0
DA:124,0
DA:125,0
DA:127,0
DA:134,0
DA:135,0
DA:137,0
DA:142,0
DA:143,0
DA:145,0
DA:146,0
DA:147,0
DA:154,0
DA:158,0
DA:162,0
DA:163,0
DA:165,0
DA:174,0
DA:175,0
DA:180,0
DA:181,0
DA:183,0
DA:188,0
DA:189,0
DA:192,0
DA:193,0
DA:196,0
DA:197,0
DA:198,0
DA:200,0
DA:202,0
DA:210,0
DA:211,0
DA:215,0
DA:216,0
DA:220,0
DA:221,0
DA:225,0
DA:226,0
DA:231,0
DA:232,0
DA:234,0
DA:235,0
DA:236,0
DA:243,0
DA:244,0
DA:249,0
DA:250,0
DA:252,0
DA:253,0
DA:254,0
DA:261,0
DA:262,0
DA:263,0
DA:268,0
DA:269,0
DA:271,0
DA:272,0
DA:273,0
DA:280,0
DA:281,0
DA:284,0
DA:285,0
DA:290,0
DA:291,0
DA:293,0
DA:298,0
DA:299,0
DA:304,0
DA:305,0
DA:307,0
DA:312,0
DA:313,0
DA:315,0
DA:319,0
DA:320,0
DA:323,0
DA:324,0
DA:327,0
DA:328,0
DA:330,0
DA:335,0
DA:336,0
DA:341,0
DA:342,0
DA:344,0
DA:349,0
DA:350,0
DA:353,0
DA:354,0
DA:359,0
DA:360,0
DA:362,0
DA:367,0
DA:368,0
DA:370,0
DA:374,0
DA:379,0
DA:380,0
DA:385,0
DA:386,0
DA:388,0
DA:394,0
DA:395,0
DA:397,0
DA:401,0
DA:402,0
DA:404,0
DA:408,0
DA:409,0
DA:411,0
DA:420,0
DA:421,0
DA:426,0
DA:427,0
DA:429,0
DA:430,0
DA:431,0
DA:442,0
DA:443,0
DA:448,0
DA:449,0
DA:451,0
DA:452,0
DA:453,0
DA:459,0
DA:460,0
DA:462,0
DA:465,0
DA:466,0
DA:468,0
DA:471,0
DA:472,0
DA:484,0
DA:485,0
DA:487,0
DA:488,0
DA:489,0
DA:495,0
DA:496,0
DA:499,0
DA:502,0
DA:503,0
DA:517,5
LF:149
LH:3
BRDA:142,0,0,0
BRDA:142,0,1,0
BRDA:146,1,0,0
BRDA:146,1,1,0
BRDA:146,2,0,0
BRDA:146,2,1,0
BRDA:146,3,0,0
BRDA:146,3,1,0
BRDA:157,4,0,0
BRDA:157,4,1,0
BRDA:162,5,0,0
BRDA:162,5,1,0
BRDA:180,6,0,0
BRDA:180,6,1,0
BRDA:202,7,0,0
BRDA:202,7,1,0
BRDA:202,7,2,0
BRDA:231,8,0,0
BRDA:231,8,1,0
BRDA:235,9,0,0
BRDA:235,9,1,0
BRDA:235,10,0,0
BRDA:235,10,1,0
BRDA:235,11,0,0
BRDA:235,11,1,0
BRDA:249,12,0,0
BRDA:249,12,1,0
BRDA:253,13,0,0
BRDA:253,13,1,0
BRDA:253,14,0,0
BRDA:253,14,1,0
BRDA:253,15,0,0
BRDA:253,15,1,0
BRDA:268,16,0,0
BRDA:268,16,1,0
BRDA:272,17,0,0
BRDA:272,17,1,0
BRDA:272,18,0,0
BRDA:272,18,1,0
BRDA:272,19,0,0
BRDA:272,19,1,0
BRDA:290,20,0,0
BRDA:290,20,1,0
BRDA:304,21,0,0
BRDA:304,21,1,0
BRDA:327,22,0,0
BRDA:327,22,1,0
BRDA:341,23,0,0
BRDA:341,23,1,0
BRDA:359,24,0,0
BRDA:359,24,1,0
BRDA:375,25,0,0
BRDA:375,25,1,0
BRDA:376,26,0,0
BRDA:376,26,1,0
BRDA:377,27,0,0
BRDA:377,27,1,0
BRDA:385,28,0,0
BRDA:385,28,1,0
BRDA:426,29,0,0
BRDA:426,29,1,0
BRDA:430,30,0,0
BRDA:430,30,1,0
BRDA:430,31,0,0
BRDA:430,31,1,0
BRDA:430,32,0,0
BRDA:430,32,1,0
BRDA:448,33,0,0
BRDA:448,33,1,0
BRDA:452,34,0,0
BRDA:452,34,1,0
BRDA:452,35,0,0
BRDA:452,35,1,0
BRDA:452,36,0,0
BRDA:452,36,1,0
BRDA:484,37,0,0
BRDA:484,37,1,0
BRDA:488,38,0,0
BRDA:488,38,1,0
BRDA:488,39,0,0
BRDA:488,39,1,0
BRDA:488,40,0,0
BRDA:488,40,1,0
BRF:83
BRH:0
end_of_record
TN:
SF:static/collapse.tsx
FN:4,Collapse
FN:13,(anonymous_9)
FN:13,(anonymous_10)
FNF:3
FNH:0
FNDA:0,Collapse
FNDA:0,(anonymous_9)
FNDA:0,(anonymous_10)
DA:1,1
DA:2,1
DA:5,0
DA:6,0
DA:7,0
DA:13,0
DA:23,1
DA:30,1
DA:34,1
DA:38,1
DA:46,1
DA:51,1
DA:56,1
DA:60,1
LF:14
LH:10
BRDA:10,0,0,0
BRDA:10,0,1,0
BRDA:12,1,0,0
BRDA:12,1,1,0
BRDA:18,2,0,0
BRDA:18,2,1,0
BRF:6
BRH:0
end_of_record
TN:
SF:static/data.tsx
FNF:0
FNH:0
DA:1,1
DA:2,1
DA:3,1
DA:4,1
DA:5,1
DA:6,1
DA:7,1
DA:8,1
DA:9,1
DA:10,1
DA:11,1
DA:12,1
DA:13,1
DA:14,1
DA:15,1
DA:16,1
DA:17,1
DA:19,1
DA:99,1
LF:19
LH:19
BRF:0
BRH:0
end_of_record
TN:
SF:static/nav.tsx
FN:12,Nav
FN:22,fetchData
FN:23,(anonymous_8)
FN:31,(anonymous_9)
FN:44,(anonymous_10)
FNF:5
FNH:4
FNDA:4,Nav
FNDA:2,fetchData
FNDA:2,(anonymous_8)
FNDA:68,(anonymous_9)
FNDA:0,(anonymous_10)
DA:1,1
DA:2,1
DA:3,1
DA:13,12
DA:15,4
DA:18,4
DA:19,2
DA:23,2
DA:24,2
DA:28,4
DA:32,68
DA:44,0
DA:59,1
DA:64,1
DA:70,1
DA:76,1
LF:16
LH:15
BRDA:18,0,0,2
BRDA:32,1,0,18
BRDA:32,1,1,50
BRDA:32,2,0,68
BRDA:32,2,1,66
BRDA:32,3,0,34
BRDA:32,3,1,34
BRDA:32,4,0,68
BRDA:32,4,1,34
BRDA:32,5,0,34
BRDA:32,5,1,32
BRDA:32,6,0,66
BRDA:32,6,1,32
BRDA:33,7,0,0
BRDA:33,7,1,18
BRF:15
BRH:14
end_of_record
TN:
SF:static/query_editor.tsx
FN:19,generateQuery
FN:24,(anonymous_9)
FN:33,mergeQueryParamValues
FN:38,(anonymous_11)
FN:47,QueryEditor
FN:69,(anonymous_13)
FN:75,(anonymous_14)
FN:80,(anonymous_15)
FN:86,updateQueryParameter
FN:87,(anonymous_17)
FN:90,renderPredefinedQueriesSelectors
FN:97,(anonymous_19)
FN:99,(anonymous_20)
FN:108,(anonymous_21)
FN:118,renderParameterSetters
FN:120,(anonymous_23)
FN:129,(anonymous_24)
FN:154,(anonymous_25)
FNF:18
FNH:15
FNDA:28,generateQuery
FNDA:14,(anonymous_9)
FNDA:16,mergeQueryParamValues
FNDA:9,(anonymous_11)
FNDA:38,QueryEditor
FNDA:15,(anonymous_13)
FNDA:15,(anonymous_14)
FNDA:26,(anonymous_15)
FNDA:0,updateQueryParameter
FNDA:0,(anonymous_17)
FNDA:21,renderPredefinedQueriesSelectors
FNDA:4,(anonymous_19)
FNDA:6,(anonymous_20)
FNDA:42,(anonymous_21)
FNDA:38,renderParameterSetters
FNDA:16,(anonymous_23)
FNDA:0,(anonymous_24)
FNDA:6,(anonymous_25)
DA:1,3
DA:3,3
DA:4,3
DA:5,3
DA:6,3
DA:19,3
DA:23,28
DA:24,28
DA:25,14
DA:26,3
DA:29,28
DA:33,3
DA:37,16
DA:38,9
DA:51,38
DA:52,38
DA:55,38
DA:60,38
DA:63,38
DA:67,38
DA:69,38
DA:70,15
DA:75,15
DA:76,15
DA:80,38
DA:81,26
DA:82,26
DA:83,26
DA:87,0
DA:91,21
DA:98,4
DA:99,6
DA:101,4
DA:102,4
DA:108,42
DA:119,38
DA:120,38
DA:121,16
DA:130,0
DA:140,38
DA:143,38
DA:155,6
DA:156,6
DA:166,3
DA:170,3
LF:45
LH:43
BRDA:25,0,0,3
BRDA:41,1,0,4
BRDA:41,1,1,5
BRDA:96,2,0,12
BRDA:96,2,1,9
BRDA:96,3,0,21
BRDA:96,3,1,21
BRDA:96,4,0,9
BRDA:96,4,1,12
BRDA:96,5,0,21
BRDA:96,5,1,21
BRDA:98,6,0,0
BRDA:98,6,1,4
BRDA:98,7,0,4
BRDA:98,7,1,4
BRDA:98,8,0,0
BRDA:98,8,1,4
BRDA:98,9,0,4
BRDA:98,9,1,4
BRDA:102,10,0,4
BRDA:102,10,1,0
BRDA:102,11,0,4
BRDA:102,11,1,4
BRDA:102,12,0,0
BRDA:102,12,1,4
BRDA:102,13,0,4
BRDA:102,13,1,4
BRDA:106,14,0,21
BRDA:106,14,1,0
BRDA:125,15,0,0
BRDA:125,15,1,16
BRDA:125,16,0,16
BRDA:125,16,1,16
BRDA:145,17,0,38
BRDA:145,17,1,21
BRDA:147,18,0,12
BRDA:147,18,1,26
BRDA:147,19,0,26
BRDA:147,19,1,12
BRDA:147,20,0,38
BRDA:147,20,1,38
BRDA:148,21,0,0
BRDA:148,21,1,12
BRDA:148,22,0,12
BRDA:148,22,1,12
BRF:45
BRH:38
end_of_record
TN:
SF:static/query_history.tsx
FN:4,setRecentHistory
FN:28,getRecentHistory
FNF:2
FNH:2
FNDA:10,setRecentHistory
FNDA:10,getRecentHistory
DA:2,3
DA:4,3
DA:5,10
DA:6,10
DA:7,10
DA:8,0
DA:10,10
DA:11,10
DA:12,10
DA:13,6
DA:15,10
DA:16,10
DA:18,10
DA:19,1
DA:21,10
DA:24,0
DA:28,3
DA:29,10
DA:30,10
DA:31,10
DA:32,3
DA:33,3
DA:35,0
DA:38,7
LF:24
LH:21
BRDA:7,0,0,0
BRDA:12,1,0,6
BRDA:15,2,0,10
BRDA:18,3,0,1
BRDA:31,4,0,3
BRDA:31,4,1,7
BRF:6
BRH:5
end_of_record
TN:
SF:static/select.tsx
FN:17,getParamFromStorage
FN:23,(anonymous_10)
FN:34,CustomSelect
FN:36,updateStorage
FNF:4
FNH:4
FNDA:7,getParamFromStorage
FNDA:12,(anonymous_10)
FNDA:25,CustomSelect
FNDA:5,updateStorage
DA:1,4
DA:2,4
DA:17,4
DA:18,7
DA:19,7
DA:22,4
DA:23,12
DA:34,4
DA:35,121
DA:37,5
DA:38,5
DA:40,5
DA:42,24
DA:43,24
LF:14
LH:14
BRDA:19,0,0,0
BRDA:19,0,1,7
BRDA:19,1,0,7
BRDA:19,1,1,0
BRDA:37,2,0,5
BRF:5
BRH:3
end_of_record
TN:
SF:static/table.tsx
FN:19,createCustomTableStyles
FN:32,Table
FN:37,(anonymous_5)
FN:62,(anonymous_6)
FN:78,(anonymous_7)
FN:80,(anonymous_8)
FN:124,EditableTableCell
FN:133,(anonymous_10)
FNF:8
FNH:6
FNDA:14,createCustomTableStyles
FNDA:22,Table
FNDA:89,(anonymous_5)
FNDA:83,(anonymous_6)
FNDA:6,(anonymous_7)
FNDA:33,(anonymous_8)
FNDA:0,EditableTableCell
FNDA:0,(anonymous_10)
DA:1,5
DA:3,5
DA:12,5
DA:20,14
DA:22,14
DA:33,62
DA:35,20
DA:36,20
DA:37,89
DA:38,20
DA:41,20
DA:45,20
DA:49,20
DA:53,20
DA:58,20
DA:62,83
DA:78,6
DA:80,33
DA:92,5
DA:96,5
DA:104,5
DA:109,5
DA:116,5
DA:128,0
DA:130,0
DA:133,0
DA:140,5
DA:150,5
LF:28
LH:25
BRDA:20,0,0,0
BRDA:36,1,0,20
BRDA:36,1,1,0
BRDA:36,2,0,20
BRDA:36,2,1,20
BRDA:38,3,0,14
BRDA:38,3,1,6
BRF:7
BRH:5
end_of_record
TN:
SF:static/theme.tsx
FNF:0
FNH:0
DA:1,5
DA:14,5
LF:2
LH:2
BRF:0
BRH:0
end_of_record
TN:
SF:static/auto_replacements_bypass_projects/index.tsx
FN:7,AutoReplacementsBypassProjects
FN:12,(anonymous_7)
FN:13,(anonymous_8)
FN:22,(anonymous_9)
FNF:4
FNH:0
FNDA:0,AutoReplacementsBypassProjects
FNDA:0,(anonymous_7)
FNDA:0,(anonymous_8)
FNDA:0,(anonymous_9)
DA:1,1
DA:5,1
DA:8,0
DA:12,0
DA:13,0
DA:14,0
DA:18,0
DA:19,0
DA:22,0
DA:23,0
DA:26,0
DA:38,1
LF:12
LH:3
BRDA:18,0,0,0
BRF:1
BRH:0
end_of_record
TN:
SF:static/capacity_management/add_config_modal.tsx
FN:11,AddConfigModal
FN:35,selectConfigDefinition
FN:36,(anonymous_11)
FN:50,saveChanges
FN:56,updateParam
FN:57,(anonymous_14)
FN:62,setValue
FN:63,(anonymous_16)
FN:68,cancelAdding
FN:73,inputType
FN:87,(anonymous_19)
FN:92,(anonymous_20)
FN:106,(anonymous_21)
FN:114,(anonymous_22)
FN:125,(anonymous_23)
FNF:15
FNH:15
FNDA:14,AddConfigModal
FNDA:1,selectConfigDefinition
FNDA:2,(anonymous_11)
FNDA:1,saveChanges
FNDA:2,updateParam
FNDA:2,(anonymous_14)
FNDA:1,setValue
FNDA:1,(anonymous_16)
FNDA:1,cancelAdding
FNDA:12,inputType
FNDA:1,(anonymous_19)
FNDA:17,(anonymous_20)
FNDA:8,(anonymous_21)
FNDA:2,(anonymous_22)
FNDA:1,(anonymous_23)
DA:1,5
DA:2,5
DA:3,5
DA:4,5
DA:9,5
DA:22,56
DA:24,14
DA:25,14
DA:27,14
DA:36,1
DA:37,2
DA:38,1
DA:39,1
DA:51,1
DA:52,1
DA:53,1
DA:57,2
DA:58,2
DA:63,1
DA:64,1
DA:69,1
DA:70,1
DA:74,12
DA:77,14
DA:87,1
DA:92,17
DA:106,8
DA:114,2
DA:125,1
DA:155,5
LF:30
LH:30
BRDA:37,0,0,1
BRDA:74,1,0,8
BRDA:74,1,1,4
BRDA:74,2,0,12
BRDA:74,2,1,4
BRDA:100,3,0,4
BRDA:100,3,1,10
BRDA:140,4,0,14
BRDA:140,4,1,4
BRDA:140,4,2,4
BRDA:140,4,3,2
BRDA:140,4,4,2
BRF:12
BRH:12
end_of_record
TN:
SF:static/capacity_management/allocation_policy.tsx
FN:12,getTableColor
FN:15,(anonymous_9)
FN:40,AllocationPolicyConfigs
FN:49,(anonymous_11)
FN:64,enterEditMode
FN:69,deleteConfig
FN:77,(anonymous_14)
FN:78,(anonymous_15)
FN:80,(anonymous_16)
FN:84,(anonymous_17)
FN:89,saveConfig
FN:98,(anonymous_19)
FN:103,addConfig
FN:105,(anonymous_21)
FN:135,(anonymous_22)
FN:136,(anonymous_23)
FN:137,(anonymous_24)
FN:139,(anonymous_25)
FN:164,(anonymous_26)
FN:165,(anonymous_27)
FN:166,(anonymous_28)
FN:168,(anonymous_29)
FN:182,(anonymous_30)
FNF:23
FNH:12
FNDA:17,getTableColor
FNDA:32,(anonymous_9)
FNDA:9,AllocationPolicyConfigs
FNDA:3,(anonymous_11)
FNDA:1,enterEditMode
FNDA:0,deleteConfig
FNDA:0,(anonymous_14)
FNDA:0,(anonymous_15)
FNDA:0,(anonymous_16)
FNDA:0,(anonymous_17)
FNDA:0,saveConfig
FNDA:0,(anonymous_19)
FNDA:0,addConfig
FNDA:0,(anonymous_21)
FNDA:6,(anonymous_22)
FNDA:3,(anonymous_23)
FNDA:1,(anonymous_24)
FNDA:3,(anonymous_25)
FNDA:6,(anonymous_26)
FNDA:3,(anonymous_27)
FNDA:0,(anonymous_28)
FNDA:3,(anonymous_29)
FNDA:0,(anonymous_30)
DA:1,4
DA:3,4
DA:4,4
DA:7,4
DA:8,4
DA:9,4
DA:10,4
DA:13,17
DA:14,17
DA:15,17
DA:16,32
DA:17,3
DA:18,2
DA:20,1
DA:23,32
DA:24,3
DA:25,2
DA:27,1
DA:31,17
DA:32,1
DA:33,16
DA:34,1
DA:36,15
DA:45,23
DA:47,7
DA:49,7
DA:50,3
DA:51,3
DA:54,7
DA:55,7
DA:62,7
DA:65,1
DA:66,1
DA:70,0
DA:78,0
DA:79,0
DA:80,0
DA:85,0
DA:90,0
DA:99,0
DA:104,0
DA:105,0
DA:108,7
DA:135,6
DA:137,3
DA:139,3
DA:164,6
DA:166,3
DA:168,3
DA:182,0
DA:192,4
LF:51
LH:41
BRDA:16,0,0,3
BRDA:17,1,0,2
BRDA:17,1,1,1
BRDA:23,2,0,3
BRDA:24,3,0,2
BRDA:24,3,1,1
BRDA:31,4,0,1
BRDA:31,4,1,16
BRDA:31,5,0,17
BRDA:31,5,1,2
BRDA:33,6,0,1
BRDA:33,6,1,15
BRDA:33,7,0,16
BRDA:33,7,1,1
BRDA:79,8,0,0
BRDA:79,8,1,0
BRDA:181,9,0,7
BRDA:181,9,1,7
BRDA:181,9,2,3
BRF:19
BRH:17
end_of_record
TN:
SF:static/capacity_management/edit_config_modal.tsx
FN:7,EditConfigModal
FN:24,saveChanges
FN:30,confirmDeleteConfig
FN:43,deleteOrReset
FN:47,inputType
FN:52,(anonymous_12)
FN:66,(anonymous_13)
FN:72,(anonymous_14)
FNF:8
FNH:7
FNDA:9,EditConfigModal
FNDA:1,saveChanges
FNDA:1,confirmDeleteConfig
FNDA:19,deleteOrReset
FNDA:9,inputType
FNDA:0,(anonymous_12)
FNDA:1,(anonymous_13)
FNDA:1,(anonymous_14)
DA:1,5
DA:2,5
DA:3,5
DA:4,5
DA:20,45
DA:22,9
DA:25,1
DA:26,1
DA:27,1
DA:31,1
DA:38,1
DA:40,1
DA:44,19
DA:48,9
DA:51,9
DA:52,0
DA:66,1
DA:72,1
DA:89,5
LF:19
LH:18
BRDA:31,0,0,1
BRDA:44,1,0,0
BRDA:44,1,1,19
BRDA:48,2,0,3
BRDA:48,2,1,6
BRDA:48,3,0,9
BRDA:48,3,1,6
BRDA:76,4,0,9
BRDA:76,4,1,0
BRF:9
BRH:7
end_of_record
TN:
SF:static/capacity_management/index.tsx
FN:7,CapacityManagement
FN:16,(anonymous_7)
FN:17,(anonymous_8)
FN:26,selectStorage
FN:31,loadAllocationPolicies
FN:34,(anonymous_11)
FN:37,(anonymous_12)
FN:55,(anonymous_13)
FNF:8
FNH:7
FNDA:5,CapacityManagement
FNDA:1,(anonymous_7)
FNDA:1,(anonymous_8)
FNDA:1,selectStorage
FNDA:1,loadAllocationPolicies
FNDA:1,(anonymous_11)
FNDA:0,(anonymous_12)
FNDA:2,(anonymous_13)
DA:1,2
DA:3,2
DA:5,2
DA:8,5
DA:10,4
DA:11,4
DA:12,4
DA:16,4
DA:17,1
DA:18,1
DA:19,1
DA:20,1
DA:21,0
DA:27,1
DA:28,1
DA:32,1
DA:35,1
DA:38,0
DA:42,4
DA:55,2
DA:70,2
LF:21
LH:19
BRDA:20,0,0,0
BRDA:47,1,0,4
BRDA:47,1,1,2
BRDA:54,2,0,2
BRDA:54,2,1,2
BRDA:54,3,0,4
BRDA:54,3,1,2
BRF:7
BRH:6
end_of_record
TN:
SF:static/capacity_management/row_data.tsx
FN:5,getReadonlyRow
FN:42,(anonymous_2)
FNF:2
FNH:2
FNDA:6,getReadonlyRow
FNDA:1,(anonymous_2)
DA:1,4
DA:3,4
DA:9,6
DA:42,1
DA:51,4
LF:5
LH:5
BRDA:17,0,0,3
BRDA:17,0,1,3
BRF:2
BRH:2
end_of_record
TN:
SF:static/capacity_management/styles.tsx
FNF:0
FNH:0
DA:1,4
DA:3,4
DA:9,4
DA:14,4
DA:21,4
DA:26,4
LF:6
LH:6
BRF:0
BRH:0
end_of_record
TN:
SF:static/cardinality_analyzer/CSV.ts
FN:1,(anonymous_0)
FN:2,(anonymous_2)
FN:6,(anonymous_3)
FN:10,(anonymous_4)
FNF:4
FNH:4
FNDA:2,(anonymous_0)
FNDA:4,(anonymous_2)
FNDA:8,(anonymous_3)
FNDA:16,(anonymous_4)
DA:1,2
DA:2,2
DA:3,4
DA:6,2
DA:7,8
DA:10,2
DA:11,16
DA:13,16
DA:14,15
DA:15,15
DA:17,15
DA:18,2
DA:21,13
DA:24,1
DA:26,2
LF:15
LH:15
BRDA:11,0,0,0
BRDA:13,1,0,15
BRDA:17,2,0,2
BRF:3
BRH:2
end_of_record
TN:
SF:static/cardinality_analyzer/index.tsx
FN:7,CardinalityQueries
FN:12,(anonymous_8)
FN:13,(anonymous_9)
FN:15,(anonymous_10)
FN:21,tablePopulator
FN:31,formatSQL
FN:34,(anonymous_13)
FNF:7
FNH:0
FNDA:0,CardinalityQueries
FNDA:0,(anonymous_8)
FNDA:0,(anonymous_9)
FNDA:0,(anonymous_10)
FNDA:0,tablePopulator
FNDA:0,formatSQL
FNDA:0,(anonymous_13)
DA:1,1
DA:3,1
DA:4,1
DA:8,0
DA:12,0
DA:13,0
DA:14,0
DA:15,0
DA:17,0
DA:22,0
DA:32,0
DA:34,0
DA:36,0
DA:39,0
DA:50,1
DA:55,1
DA:60,1
LF:17
LH:6
BRF:0
BRH:0
end_of_record
TN:
SF:static/cardinality_analyzer/query_display.tsx
FN:15,(anonymous_10)
FN:22,QueryDisplay
FN:32,updateQuerySql
FN:33,(anonymous_13)
FN:41,convertResultsToCSV
FN:45,copyText
FN:49,(anonymous_16)
FN:63,executeQuery
FN:66,(anonymous_18)
FN:69,(anonymous_19)
FN:80,(anonymous_20)
FN:90,(anonymous_21)
FN:98,(anonymous_22)
FN:106,(anonymous_23)
FN:120,(anonymous_24)
FN:126,(anonymous_25)
FNF:16
FNH:1
FNDA:1,(anonymous_10)
FNDA:0,QueryDisplay
FNDA:0,updateQuerySql
FNDA:0,(anonymous_13)
FNDA:0,convertResultsToCSV
FNDA:0,copyText
FNDA:0,(anonymous_16)
FNDA:0,executeQuery
FNDA:0,(anonymous_18)
FNDA:0,(anonymous_19)
FNDA:0,(anonymous_20)
FNDA:0,(anonymous_21)
FNDA:0,(anonymous_22)
FNDA:0,(anonymous_23)
FNDA:0,(anonymous_24)
FNDA:0,(anonymous_25)
DA:1,1
DA:3,1
DA:4,1
DA:5,1
DA:6,1
DA:7,1
DA:15,1
DA:16,1
DA:17,1
DA:21,1
DA:27,0
DA:28,0
DA:33,0
DA:34,0
DA:42,0
DA:49,0
DA:50,0
DA:52,0
DA:53,0
DA:56,0
DA:57,0
DA:60,0
DA:64,0
DA:67,0
DA:68,0
DA:69,0
DA:76,0
DA:81,0
DA:91,0
DA:92,0
DA:98,0
DA:106,0
DA:116,0
DA:120,0
DA:126,0
DA:139,1
DA:145,1
DA:152,1
LF:38
LH:13
BRDA:15,0,0,1
BRDA:15,0,1,1
BRDA:52,1,0,0
BRDA:56,2,0,0
BRDA:67,3,0,0
BRDA:67,3,1,0
BRDA:91,4,0,0
BRF:7
BRH:2
end_of_record
TN:
SF:static/clickhouse_migrations/index.tsx
FN:13,ClickhouseMigrations
FN:29,(anonymous_7)
FN:30,(anonymous_8)
FN:33,(anonymous_9)
FN:39,clearBtnState
FN:40,(anonymous_11)
FN:41,(anonymous_12)
FN:42,(anonymous_13)
FN:45,selectGroup
FN:47,(anonymous_15)
FN:49,(anonymous_16)
FN:50,(anonymous_17)
FN:54,selectMigration
FN:55,(anonymous_19)
FN:57,(anonymous_20)
FN:60,selectForwards
FN:61,(anonymous_22)
FN:62,(anonymous_23)
FN:65,selectBackwards
FN:66,(anonymous_25)
FN:67,(anonymous_26)
FN:70,execute
FN:73,(anonymous_28)
FN:103,executeRun
FN:114,(anonymous_30)
FN:122,(anonymous_31)
FN:127,(anonymous_32)
FN:129,(anonymous_33)
FN:136,executeDryRun
FN:138,(anonymous_35)
FN:140,(anonymous_36)
FN:143,executeRealRun
FN:146,(anonymous_38)
FN:147,(anonymous_39)
FN:165,refreshStatus
FN:166,(anonymous_41)
FN:169,(anonymous_42)
FN:176,rowData
FN:179,(anonymous_44)
FN:191,renderMigrationIds
FN:200,(anonymous_46)
FN:210,renderActions
FN:215,(anonymous_48)
FN:227,(anonymous_49)
FN:237,(anonymous_50)
FN:271,(anonymous_51)
FN:281,(anonymous_52)
FN:288,(anonymous_53)
FNF:48
FNH:0
FNDA:0,ClickhouseMigrations
FNDA:0,(anonymous_7)
FNDA:0,(anonymous_8)
FNDA:0,(anonymous_9)
FNDA:0,clearBtnState
FNDA:0,(anonymous_11)
FNDA:0,(anonymous_12)
FNDA:0,(anonymous_13)
FNDA:0,selectGroup
FNDA:0,(anonymous_15)
FNDA:0,(anonymous_16)
FNDA:0,(anonymous_17)
FNDA:0,selectMigration
FNDA:0,(anonymous_19)
FNDA:0,(anonymous_20)
FNDA:0,selectForwards
FNDA:0,(anonymous_22)
FNDA:0,(anonymous_23)
FNDA:0,selectBackwards
FNDA:0,(anonymous_25)
FNDA:0,(anonymous_26)
FNDA:0,execute
FNDA:0,(anonymous_28)
FNDA:0,executeRun
FNDA:0,(anonymous_30)
FNDA:0,(anonymous_31)
FNDA:0,(anonymous_32)
FNDA:0,(anonymous_33)
FNDA:0,executeDryRun
FNDA:0,(anonymous_35)
FNDA:0,(anonymous_36)
FNDA:0,executeRealRun
FNDA:0,(anonymous_38)
FNDA:0,(anonymous_39)
FNDA:0,refreshStatus
FNDA:0,(anonymous_41)
FNDA:0,(anonymous_42)
FNDA:0,rowData
FNDA:0,(anonymous_44)
FNDA:0,renderMigrationIds
FNDA:0,(anonymous_46)
FNDA:0,renderActions
FNDA:0,(anonymous_48)
FNDA:0,(anonymous_49)
FNDA:0,(anonymous_50)
FNDA:0,(anonymous_51)
FNDA:0,(anonymous_52)
FNDA:0,(anonymous_53)
DA:1,1
DA:3,1
DA:4,1
DA:11,1
DA:14,0
DA:15,0
DA:16,0
DA:17,0
DA:18,0
DA:20,0
DA:21,0
DA:23,0
DA:24,0
DA:26,0
DA:27,0
DA:29,0
DA:30,0
DA:31,0
DA:32,0
DA:33,0
DA:35,0
DA:40,0
DA:41,0
DA:42,0
DA:46,0
DA:47,0
DA:48,0
DA:49,0
DA:50,0
DA:51,0
DA:55,0
DA:56,0
DA:57,0
DA:61,0
DA:62,0
DA:66,0
DA:67,0
DA:71,0
DA:72,0
DA:73,0
DA:75,0
DA:76,0
DA:78,0
DA:80,0
DA:82,0
DA:83,0
DA:88,0
DA:91,0
DA:92,0
DA:97,0
DA:100,0
DA:105,0
DA:112,0
DA:115,0
DA:116,0
DA:117,0
DA:119,0
DA:120,0
DA:122,0
DA:123,0
DA:124,0
DA:128,0
DA:129,0
DA:130,0
DA:131,0
DA:137,0
DA:138,0
DA:139,0
DA:140,0
DA:144,0
DA:145,0
DA:146,0
DA:147,0
DA:148,0
DA:149,0
DA:151,0
DA:154,0
DA:155,0
DA:159,0
DA:160,0
DA:166,0
DA:167,0
DA:168,0
DA:169,0
DA:171,0
DA:172,0
DA:177,0
DA:178,0
DA:179,0
DA:180,0
DA:186,0
DA:188,0
DA:192,0
DA:200,0
DA:211,0
DA:212,0
DA:214,0
DA:215,0
DA:218,0
DA:227,0
DA:237,0
DA:258,0
DA:271,0
DA:281,0
DA:288,0
DA:323,1
DA:325,1
DA:330,1
DA:334,1
DA:340,1
DA:345,1
DA:351,1
DA:355,1
DA:361,1
LF:114
LH:13
BRDA:72,0,0,0
BRDA:72,0,1,0
BRDA:72,1,0,0
BRDA:72,1,1,0
BRDA:75,2,0,0
BRDA:75,3,0,0
BRDA:75,3,1,0
BRDA:78,4,0,0
BRDA:78,5,0,0
BRDA:78,5,1,0
BRDA:82,6,0,0
BRDA:82,7,0,0
BRDA:82,7,1,0
BRDA:82,8,0,0
BRDA:82,8,1,0
BRDA:83,9,0,0
BRDA:91,10,0,0
BRDA:91,11,0,0
BRDA:91,11,1,0
BRDA:91,12,0,0
BRDA:91,12,1,0
BRDA:91,13,0,0
BRDA:91,13,1,0
BRDA:92,14,0,0
BRDA:94,15,0,0
BRDA:94,15,1,0
BRDA:94,16,0,0
BRDA:94,16,1,0
BRDA:108,17,0,0
BRDA:108,17,1,0
BRDA:108,18,0,0
BRDA:108,18,1,0
BRDA:116,19,0,0
BRDA:116,20,0,0
BRDA:116,20,1,0
BRDA:119,21,0,0
BRDA:119,22,0,0
BRDA:119,22,1,0
BRDA:123,23,0,0
BRDA:130,24,0,0
BRDA:148,25,0,0
BRDA:148,25,1,0
BRDA:152,26,0,0
BRDA:152,26,1,0
BRDA:154,27,0,0
BRDA:159,28,0,0
BRDA:177,29,0,0
BRDA:195,30,0,0
BRDA:195,30,1,0
BRDA:199,31,0,0
BRDA:199,31,1,0
BRDA:211,32,0,0
BRDA:211,33,0,0
BRDA:211,33,1,0
BRDA:211,34,0,0
BRDA:211,34,1,0
BRDA:214,35,0,0
BRDA:214,35,1,0
BRDA:214,36,0,0
BRDA:214,36,1,0
BRDA:220,37,0,0
BRDA:220,37,1,0
BRDA:223,38,0,0
BRDA:223,38,1,0
BRDA:223,39,0,0
BRDA:223,39,1,0
BRDA:224,40,0,0
BRDA:224,40,1,0
BRDA:224,41,0,0
BRDA:224,41,1,0
BRDA:224,42,0,0
BRDA:224,42,1,0
BRDA:224,43,0,0
BRDA:224,43,1,0
BRDA:224,44,0,0
BRDA:224,44,1,0
BRDA:230,45,0,0
BRDA:230,45,1,0
BRDA:233,46,0,0
BRDA:233,46,1,0
BRDA:233,47,0,0
BRDA:233,47,1,0
BRDA:234,48,0,0
BRDA:234,48,1,0
BRDA:234,49,0,0
BRDA:234,49,1,0
BRDA:234,50,0,0
BRDA:234,50,1,0
BRDA:234,51,0,0
BRDA:234,51,1,0
BRDA:234,52,0,0
BRDA:234,52,1,0
BRDA:241,53,0,0
BRDA:241,53,1,0
BRDA:241,53,2,0
BRDA:241,53,3,0
BRDA:241,54,0,0
BRDA:241,54,1,0
BRDA:241,55,0,0
BRDA:241,55,1,0
BRDA:241,56,0,0
BRDA:241,56,1,0
BRDA:241,57,0,0
BRDA:241,57,1,0
BRDA:244,58,0,0
BRDA:244,58,1,0
BRDA:244,59,0,0
BRDA:244,59,1,0
BRDA:247,60,0,0
BRDA:247,60,1,0
BRDA:247,60,2,0
BRDA:247,60,3,0
BRDA:247,61,0,0
BRDA:247,61,1,0
BRDA:247,62,0,0
BRDA:247,62,1,0
BRDA:247,63,0,0
BRDA:247,63,1,0
BRDA:247,64,0,0
BRDA:247,64,1,0
BRDA:250,65,0,0
BRDA:250,65,1,0
BRDA:250,66,0,0
BRDA:250,66,1,0
BRDA:268,67,0,0
BRDA:268,67,1,0
BRDA:268,68,0,0
BRDA:268,68,1,0
BRDA:268,69,0,0
BRDA:268,69,1,0
BRDA:277,70,0,0
BRDA:277,70,1,0
BRDA:277,70,2,0
BRDA:282,71,0,0
BRDA:282,71,1,0
BRDA:289,72,0,0
BRDA:289,72,1,0
BRDA:300,73,0,0
BRDA:300,73,1,0
BRDA:300,73,2,0
BRDA:300,73,3,0
BRDA:311,74,0,0
BRDA:311,74,1,0
BRF:143
BRH:0
end_of_record
TN:
SF:static/clickhouse_migrations/types.tsx
FN:20,(anonymous_0)
FNF:1
FNH:1
FNDA:1,(anonymous_0)
DA:20,1
DA:21,1
DA:22,1
LF:3
LH:3
BRDA:20,0,0,1
BRDA:20,0,1,1
BRF:2
BRH:2
end_of_record
TN:
SF:static/clickhouse_queries/index.tsx
FN:7,ClickhouseQueries
FN:12,(anonymous_8)
FN:13,(anonymous_9)
FN:15,(anonymous_10)
FN:21,tablePopulator
FN:32,formatSQL
FN:35,(anonymous_13)
FNF:7
FNH:0
FNDA:0,ClickhouseQueries
FNDA:0,(anonymous_8)
FNDA:0,(anonymous_9)
FNDA:0,(anonymous_10)
FNDA:0,tablePopulator
FNDA:0,formatSQL
FNDA:0,(anonymous_13)
DA:1,1
DA:3,1
DA:4,1
DA:8,0
DA:12,0
DA:13,0
DA:14,0
DA:15,0
DA:17,0
DA:22,0
DA:33,0
DA:35,0
DA:37,0
DA:40,0
DA:51,1
DA:56,1
DA:61,1
LF:17
LH:6
BRF:0
BRH:0
end_of_record
TN:
SF:static/clickhouse_queries/query_display.tsx
FN:27,QueryDisplay
FN:40,(anonymous_11)
FN:41,(anonymous_12)
FN:46,selectStorage
FN:47,(anonymous_14)
FN:59,setSudo
FN:60,(anonymous_16)
FN:68,selectHost
FN:71,(anonymous_18)
FN:80,updateQuerySql
FN:81,(anonymous_20)
FN:89,executeQuery
FN:92,(anonymous_22)
FN:95,(anonymous_23)
FN:99,copyText
FN:103,getHosts
FN:104,(anonymous_26)
FN:107,(anonymous_27)
FN:112,(anonymous_28)
FN:113,(anonymous_29)
FN:137,(anonymous_30)
FN:146,(anonymous_31)
FN:157,(anonymous_32)
FN:181,(anonymous_33)
FN:189,(anonymous_34)
FN:203,(anonymous_35)
FN:239,TextArea
FN:251,(anonymous_37)
FN:253,(anonymous_38)
FN:259,(anonymous_39)
FNF:30
FNH:0
FNDA:0,QueryDisplay
FNDA:0,(anonymous_11)
FNDA:0,(anonymous_12)
FNDA:0,selectStorage
FNDA:0,(anonymous_14)
FNDA:0,setSudo
FNDA:0,(anonymous_16)
FNDA:0,selectHost
FNDA:0,(anonymous_18)
FNDA:0,updateQuerySql
FNDA:0,(anonymous_20)
FNDA:0,executeQuery
FNDA:0,(anonymous_22)
FNDA:0,(anonymous_23)
FNDA:0,copyText
FNDA:0,getHosts
FNDA:0,(anonymous_26)
FNDA:0,(anonymous_27)
FNDA:0,(anonymous_28)
FNDA:0,(anonymous_29)
FNDA:0,(anonymous_30)
FNDA:0,(anonymous_31)
FNDA:0,(anonymous_32)
FNDA:0,(anonymous_33)
FNDA:0,(anonymous_34)
FNDA:0,(anonymous_35)
FNDA:0,TextArea
FNDA:0,(anonymous_37)
FNDA:0,(anonymous_38)
FNDA:0,(anonymous_39)
DA:1,1
DA:3,1
DA:4,1
DA:5,1
DA:7,1
DA:8,1
DA:9,1
DA:10,1
DA:11,1
DA:12,1
DA:13,1
DA:14,1
DA:15,1
DA:26,1
DA:32,0
DA:33,0
DA:36,0
DA:40,0
DA:41,0
DA:42,0
DA:47,0
DA:49,0
DA:50,0
DA:52,0
DA:60,0
DA:61,0
DA:69,0
DA:71,0
DA:72,0
DA:81,0
DA:82,0
DA:90,0
DA:93,0
DA:94,0
DA:95,0
DA:100,0
DA:104,0
DA:106,0
DA:107,0
DA:111,0
DA:112,0
DA:113,0
DA:117,0
DA:118,0
DA:119,0
DA:120,0
DA:125,0
DA:127,0
DA:130,0
DA:138,0
DA:147,0
DA:157,0
DA:182,0
DA:183,0
DA:189,0
DA:199,0
DA:203,0
DA:216,1
DA:220,1
DA:222,1
DA:228,1
DA:234,1
DA:243,0
DA:244,0
DA:251,0
DA:252,0
DA:253,0
DA:259,0
DA:260,0
DA:263,0
DA:275,1
DA:282,1
LF:72
LH:21
BRDA:106,0,0,0
BRDA:119,1,0,0
BRDA:132,2,0,0
BRDA:132,2,1,0
BRDA:154,3,0,0
BRDA:154,3,1,0
BRDA:162,4,0,0
BRDA:162,4,1,0
BRDA:162,5,0,0
BRDA:162,5,1,0
BRDA:173,6,0,0
BRDA:173,6,1,0
BRDA:173,6,2,0
BRDA:173,6,3,0
BRDA:182,7,0,0
BRDA:269,8,0,0
BRDA:269,8,1,0
BRF:17
BRH:0
end_of_record
TN:
SF:static/common/components/sql_editor.tsx
FN:14,SQLEditor
FN:18,(anonymous_7)
FN:19,(anonymous_8)
FN:26,(anonymous_9)
FN:40,(anonymous_10)
FN:53,(anonymous_11)
FNF:6
FNH:0
FNDA:0,SQLEditor
FNDA:0,(anonymous_7)
FNDA:0,(anonymous_8)
FNDA:0,(anonymous_9)
FNDA:0,(anonymous_10)
FNDA:0,(anonymous_11)
DA:1,1
DA:2,1
DA:3,1
DA:4,1
DA:6,1
DA:7,1
DA:14,1
DA:15,0
DA:16,0
DA:18,0
DA:19,0
DA:20,0
DA:21,0
DA:26,0
DA:27,0
DA:30,0
DA:40,0
DA:41,0
DA:43,0
DA:47,0
DA:53,0
DA:54,0
DA:56,0
DA:58,0
DA:59,0
DA:68,0
LF:26
LH:7
BRDA:20,0,0,0
BRDA:41,1,0,0
BRDA:54,2,0,0
BRDA:58,3,0,0
BRF:4
BRH:0
end_of_record
TN:
SF:static/common/components/theme.tsx
FNF:0
FNH:0
DA:1,1
DA:2,1
DA:3,1
DA:5,1
DA:11,1
LF:5
LH:5
BRF:0
BRH:0
end_of_record
TN:
SF:static/dead_letter_queue/index.tsx
FN:6,DeadLetterQueue
FN:17,(anonymous_9)
FN:18,(anonymous_10)
FN:21,(anonymous_11)
FN:26,clearInstruction
FN:27,(anonymous_13)
FN:32,replayDlq
FN:42,(anonymous_15)
FN:67,(anonymous_16)
FN:97,(anonymous_17)
FN:111,(anonymous_18)
FN:127,(anonymous_19)
FN:152,(anonymous_20)
FN:175,(anonymous_21)
FNF:14
FNH:0
FNDA:0,DeadLetterQueue
FNDA:0,(anonymous_9)
FNDA:0,(anonymous_10)
FNDA:0,(anonymous_11)
FNDA:0,clearInstruction
FNDA:0,(anonymous_13)
FNDA:0,replayDlq
FNDA:0,(anonymous_15)
FNDA:0,(anonymous_16)
FNDA:0,(anonymous_17)
FNDA:0,(anonymous_18)
FNDA:0,(anonymous_19)
FNDA:0,(anonymous_20)
FNDA:0,(anonymous_21)
DA:1,1
DA:3,1
DA:8,0
DA:11,0
DA:12,0
DA:13,0
DA:14,0
DA:15,0
DA:17,0
DA:18,0
DA:19,0
DA:21,0
DA:22,0
DA:27,0
DA:28,0
DA:33,0
DA:34,0
DA:37,0
DA:42,0
DA:43,0
DA:44,0
DA:45,0
DA:46,0
DA:47,0
DA:51,0
DA:52,0
DA:55,0
DA:68,0
DA:98,0
DA:99,0
DA:100,0
DA:101,0
DA:105,0
DA:111,0
DA:128,0
DA:129,0
DA:153,0
DA:154,0
DA:155,0
DA:176,0
DA:188,1
DA:195,1
DA:200,1
DA:206,1
DA:210,1
DA:215,1
DA:222,1
DA:226,1
LF:48
LH:10
BRDA:33,0,0,0
BRDA:33,1,0,0
BRDA:33,1,1,0
BRDA:51,2,0,0
BRDA:60,3,0,0
BRDA:60,3,1,0
BRDA:63,4,0,0
BRDA:63,4,1,0
BRDA:75,5,0,0
BRDA:75,5,1,0
BRDA:78,6,0,0
BRDA:78,6,1,0
BRDA:86,7,0,0
BRDA:86,7,1,0
BRDA:95,8,0,0
BRDA:95,8,1,0
BRDA:99,9,0,0
BRDA:128,10,0,0
BRDA:128,10,1,0
BRDA:154,11,0,0
BRDA:154,12,0,0
BRDA:154,12,1,0
BRDA:165,13,0,0
BRDA:165,13,1,0
BRF:24
BRH:0
end_of_record
TN:
SF:static/delete_tool/index.tsx
FN:4,DeleteTool
FN:11,getHelpMessage
FN:30,submitRequest
FN:39,(anonymous_9)
FN:42,(anonymous_10)
FN:46,(anonymous_11)
FN:49,(anonymous_12)
FN:50,(anonymous_13)
FN:50,(anonymous_14)
FN:65,(anonymous_15)
FN:68,(anonymous_16)
FN:69,(anonymous_17)
FN:70,(anonymous_18)
FNF:13
FNH:0
FNDA:0,DeleteTool
FNDA:0,getHelpMessage
FNDA:0,submitRequest
FNDA:0,(anonymous_9)
FNDA:0,(anonymous_10)
FNDA:0,(anonymous_11)
FNDA:0,(anonymous_12)
FNDA:0,(anonymous_13)
FNDA:0,(anonymous_14)
FNDA:0,(anonymous_15)
FNDA:0,(anonymous_16)
FNDA:0,(anonymous_17)
FNDA:0,(anonymous_18)
DA:2,1
DA:5,0
DA:6,0
DA:7,0
DA:8,0
DA:9,0
DA:12,0
DA:13,0
DA:26,0
DA:32,0
DA:33,0
DA:35,0
DA:36,0
DA:38,0
DA:39,0
DA:40,0
DA:41,0
DA:42,0
DA:44,0
DA:46,0
DA:49,0
DA:50,0
DA:51,0
DA:52,0
DA:54,0
DA:58,0
DA:59,0
DA:62,0
DA:65,0
DA:68,0
DA:69,0
DA:70,0
DA:77,1
LF:33
LH:2
BRDA:12,0,0,0
BRDA:12,0,1,0
BRDA:41,1,0,0
BRDA:41,1,1,0
BRDA:51,2,0,0
BRDA:51,3,0,0
BRDA:51,3,1,0
BRDA:58,4,0,0
BRF:8
BRH:0
end_of_record
TN:
SF:static/kafka/index.tsx
FN:6,TopicData
FN:9,(anonymous_7)
FN:10,(anonymous_8)
FNF:3
FNH:3
FNDA:2,TopicData
FNDA:1,(anonymous_7)
FNDA:1,(anonymous_8)
DA:1,2
DA:7,2
DA:9,2
DA:10,1
DA:11,1
DA:15,2
DA:18,2
LF:7
LH:7
BRF:0
BRH:0
end_of_record
TN:
SF:static/mql_queries/index.tsx
FN:53,MQLQueries
FN:62,(anonymous_12)
FN:63,(anonymous_13)
FN:68,updateMQLQuery
FN:69,(anonymous_15)
FN:77,executeQuery
FN:89,(anonymous_17)
FN:91,(anonymous_18)
FN:97,(anonymous_19)
FN:99,(anonymous_20)
FN:105,(anonymous_21)
FN:120,(anonymous_22)
FN:131,(anonymous_23)
FN:164,(anonymous_24)
FN:174,(anonymous_25)
FN:200,(anonymous_26)
FN:223,ProjectsList
FN:241,MQLExample
FN:260,renderThrottleStatus
FN:267,(anonymous_30)
FN:280,renderPolicyDetails
FN:284,(anonymous_32)
FN:299,QueryResultQuotaAllowance
FN:303,(anonymous_34)
FN:309,(anonymous_35)
FN:335,QueryResultHistoryItem
FN:345,(anonymous_37)
FN:355,(anonymous_38)
FNF:28
FNH:0
FNDA:0,MQLQueries
FNDA:0,(anonymous_12)
FNDA:0,(anonymous_13)
FNDA:0,updateMQLQuery
FNDA:0,(anonymous_15)
FNDA:0,executeQuery
FNDA:0,(anonymous_17)
FNDA:0,(anonymous_18)
FNDA:0,(anonymous_19)
FNDA:0,(anonymous_20)
FNDA:0,(anonymous_21)
FNDA:0,(anonymous_22)
FNDA:0,(anonymous_23)
FNDA:0,(anonymous_24)
FNDA:0,(anonymous_25)
FNDA:0,(anonymous_26)
FNDA:0,ProjectsList
FNDA:0,MQLExample
FNDA:0,renderThrottleStatus
FNDA:0,(anonymous_30)
FNDA:0,renderPolicyDetails
FNDA:0,(anonymous_32)
FNDA:0,QueryResultQuotaAllowance
FNDA:0,(anonymous_34)
FNDA:0,(anonymous_35)
FNDA:0,QueryResultHistoryItem
FNDA:0,(anonymous_37)
FNDA:0,(anonymous_38)
DA:1,1
DA:3,1
DA:4,1
DA:10,1
DA:11,1
DA:24,1
DA:25,1
DA:27,1
DA:29,1
DA:54,0
DA:55,0
DA:56,0
DA:59,0
DA:60,0
DA:62,0
DA:63,0
DA:64,0
DA:69,0
DA:70,0
DA:78,0
DA:79,0
DA:80,0
DA:81,0
DA:83,0
DA:84,0
DA:85,0
DA:89,0
DA:90,0
DA:91,0
DA:93,0
DA:98,0
DA:99,0
DA:105,0
DA:109,0
DA:120,0
DA:131,0
DA:165,0
DA:175,0
DA:201,0
DA:224,0
DA:226,0
DA:242,0
DA:244,0
DA:261,0
DA:267,0
DA:281,0
DA:285,0
DA:286,0
DA:287,0
DA:288,0
DA:301,0
DA:303,0
DA:306,0
DA:307,0
DA:308,0
DA:310,0
DA:311,0
DA:312,0
DA:323,0
DA:336,0
DA:346,0
DA:356,0
DA:373,1
LF:63
LH:10
BRDA:83,0,0,0
BRDA:119,1,0,0
BRDA:119,1,1,0
BRDA:130,2,0,0
BRDA:130,2,1,0
BRDA:144,3,0,0
BRDA:144,3,1,0
BRDA:151,4,0,0
BRDA:151,4,1,0
BRDA:196,5,0,0
BRDA:196,5,1,0
BRDA:230,6,0,0
BRDA:230,6,1,0
BRDA:247,7,0,0
BRDA:247,7,1,0
BRDA:261,8,0,0
BRDA:261,8,1,0
BRDA:283,9,0,0
BRDA:283,9,1,0
BRDA:301,10,0,0
BRDA:301,10,1,0
BRDA:301,10,2,0
BRDA:307,11,0,0
BRDA:308,12,0,0
BRDA:308,12,1,0
BRDA:311,13,0,0
BRDA:311,14,0,0
BRDA:311,14,1,0
BRF:28
BRH:0
end_of_record
TN:
SF:static/mql_queries/styles.tsx
FNF:0
FNH:0
DA:1,1
DA:7,1
DA:11,1
DA:17,1
DA:22,1
DA:25,1
DA:26,1
DA:27,1
DA:28,1
DA:29,1
LF:10
LH:10
BRF:0
BRH:0
end_of_record
TN:
SF:static/production_queries/index.tsx
FN:27,ProductionQueries
FN:37,(anonymous_12)
FN:38,(anonymous_13)
FN:43,(anonymous_14)
FN:44,(anonymous_15)
FN:49,selectDataset
FN:50,(anonymous_17)
FN:58,updateQuerySql
FN:59,(anonymous_19)
FN:67,executeQuery
FN:70,(anonymous_21)
FN:72,(anonymous_22)
FN:77,(anonymous_23)
FN:79,(anonymous_24)
FN:86,(anonymous_25)
FN:98,(anonymous_26)
FN:139,(anonymous_27)
FN:149,(anonymous_28)
FN:175,(anonymous_29)
FN:197,ProjectsList
FN:215,renderThrottleStatus
FN:222,(anonymous_32)
FN:235,renderPolicyDetails
FN:239,(anonymous_34)
FN:254,QueryResultQuotaAllowance
FN:258,(anonymous_36)
FN:264,(anonymous_37)
FN:290,QueryResultHistoryItem
FN:300,(anonymous_39)
FN:310,(anonymous_40)
FNF:30
FNH:0
FNDA:0,ProductionQueries
FNDA:0,(anonymous_12)
FNDA:0,(anonymous_13)
FNDA:0,(anonymous_14)
FNDA:0,(anonymous_15)
FNDA:0,selectDataset
FNDA:0,(anonymous_17)
FNDA:0,updateQuerySql
FNDA:0,(anonymous_19)
FNDA:0,executeQuery
FNDA:0,(anonymous_21)
FNDA:0,(anonymous_22)
FNDA:0,(anonymous_23)
FNDA:0,(anonymous_24)
FNDA:0,(anonymous_25)
FNDA:0,(anonymous_26)
FNDA:0,(anonymous_27)
FNDA:0,(anonymous_28)
FNDA:0,(anonymous_29)
FNDA:0,ProjectsList
FNDA:0,renderThrottleStatus
FNDA:0,(anonymous_32)
FNDA:0,renderPolicyDetails
FNDA:0,(anonymous_34)
FNDA:0,QueryResultQuotaAllowance
FNDA:0,(anonymous_36)
FNDA:0,(anonymous_37)
FNDA:0,QueryResultHistoryItem
FNDA:0,(anonymous_39)
FNDA:0,(anonymous_40)
DA:1,1
DA:3,1
DA:9,1
DA:10,1
DA:11,1
DA:21,1
DA:22,1
DA:23,1
DA:24,1
DA:26,1
DA:28,0
DA:29,0
DA:30,0
DA:33,0
DA:37,0
DA:38,0
DA:39,0
DA:43,0
DA:44,0
DA:45,0
DA:50,0
DA:51,0
DA:59,0
DA:60,0
DA:68,0
DA:71,0
DA:72,0
DA:74,0
DA:78,0
DA:79,0
DA:85,0
DA:86,0
DA:90,0
DA:98,0
DA:140,0
DA:150,0
DA:176,0
DA:198,0
DA:200,0
DA:216,0
DA:222,0
DA:236,0
DA:240,0
DA:241,0
DA:242,0
DA:243,0
DA:256,0
DA:258,0
DA:261,0
DA:262,0
DA:263,0
DA:265,0
DA:266,0
DA:267,0
DA:278,0
DA:291,0
DA:301,0
DA:311,0
DA:328,1
LF:59
LH:11
BRDA:97,0,0,0
BRDA:97,0,1,0
BRDA:109,1,0,0
BRDA:109,1,1,0
BRDA:119,2,0,0
BRDA:119,2,1,0
BRDA:126,3,0,0
BRDA:126,3,1,0
BRDA:171,4,0,0
BRDA:171,4,1,0
BRDA:204,5,0,0
BRDA:204,5,1,0
BRDA:216,6,0,0
BRDA:216,6,1,0
BRDA:238,7,0,0
BRDA:238,7,1,0
BRDA:256,8,0,0
BRDA:256,8,1,0
BRDA:256,8,2,0
BRDA:262,9,0,0
BRDA:263,10,0,0
BRDA:263,10,1,0
BRDA:266,11,0,0
BRDA:266,12,0,0
BRDA:266,12,1,0
BRF:25
BRH:0
end_of_record
TN:
SF:static/production_queries/styles.tsx
FNF:0
FNH:0
DA:1,1
DA:7,1
DA:13,1
DA:18,1
DA:21,1
DA:22,1
DA:23,1
DA:24,1
LF:8
LH:8
BRF:0
BRH:0
end_of_record
TN:
SF:static/querylog/index.tsx
FN:7,QuerylogQueries
FN:12,(anonymous_8)
FN:13,(anonymous_9)
FN:15,(anonymous_10)
FN:21,tablePopulator
FN:32,formatSQL
FN:35,(anonymous_13)
FNF:7
FNH:0
FNDA:0,QuerylogQueries
FNDA:0,(anonymous_8)
FNDA:0,(anonymous_9)
FNDA:0,(anonymous_10)
FNDA:0,tablePopulator
FNDA:0,formatSQL
FNDA:0,(anonymous_13)
DA:1,1
DA:3,1
DA:4,1
DA:8,0
DA:12,0
DA:13,0
DA:14,0
DA:15,0
DA:17,0
DA:22,0
DA:33,0
DA:35,0
DA:37,0
DA:40,0
DA:51,1
DA:56,1
DA:61,1
LF:17
LH:6
BRF:0
BRH:0
end_of_record
TN:
SF:static/querylog/query_display.tsx
FN:14,QueryDisplay
FN:24,updateQuerySql
FN:25,(anonymous_12)
FN:33,executeQuery
FN:36,(anonymous_14)
FN:39,(anonymous_15)
FN:43,getQuerylogSchema
FN:46,(anonymous_17)
FN:48,(anonymous_18)
FN:50,(anonymous_19)
FN:56,convertResultsToCSV
FN:59,(anonymous_21)
FN:67,copyText
FN:76,(anonymous_23)
FN:85,(anonymous_24)
FN:96,(anonymous_25)
FN:104,(anonymous_26)
FN:112,(anonymous_27)
FN:126,(anonymous_28)
FN:132,(anonymous_29)
FN:163,TextArea
FN:172,(anonymous_31)
FNF:22
FNH:0
FNDA:0,QueryDisplay
FNDA:0,updateQuerySql
FNDA:0,(anonymous_12)
FNDA:0,executeQuery
FNDA:0,(anonymous_14)
FNDA:0,(anonymous_15)
FNDA:0,getQuerylogSchema
FNDA:0,(anonymous_17)
FNDA:0,(anonymous_18)
FNDA:0,(anonymous_19)
FNDA:0,convertResultsToCSV
FNDA:0,(anonymous_21)
FNDA:0,copyText
FNDA:0,(anonymous_23)
FNDA:0,(anonymous_24)
FNDA:0,(anonymous_25)
FNDA:0,(anonymous_26)
FNDA:0,(anonymous_27)
FNDA:0,(anonymous_28)
FNDA:0,(anonymous_29)
FNDA:0,TextArea
FNDA:0,(anonymous_31)
DA:1,1
DA:2,1
DA:4,1
DA:5,1
DA:6,1
DA:9,1
DA:12,1
DA:19,0
DA:20,0
DA:25,0
DA:26,0
DA:34,0
DA:37,0
DA:38,0
DA:39,0
DA:44,0
DA:47,0
DA:48,0
DA:51,0
DA:52,0
DA:57,0
DA:58,0
DA:59,0
DA:60,0
DA:62,0
DA:64,0
DA:68,0
DA:69,0
DA:72,0
DA:77,0
DA:86,0
DA:87,0
DA:97,0
DA:98,0
DA:104,0
DA:112,0
DA:122,0
DA:126,0
DA:132,0
DA:145,1
DA:151,1
DA:158,1
DA:167,0
DA:168,0
DA:172,0
DA:179,1
DA:185,1
LF:47
LH:12
BRDA:37,0,0,0
BRDA:37,0,1,0
BRDA:60,1,0,0
BRDA:60,1,1,0
BRDA:60,2,0,0
BRDA:60,2,1,0
BRDA:68,3,0,0
BRDA:68,3,1,0
BRDA:97,4,0,0
BRF:9
BRH:0
end_of_record
TN:
SF:static/runtime_config/auditlog.tsx
FN:8,AuditLog
FN:12,fetchData
FN:13,(anonymous_8)
FN:27,(anonymous_9)
FN:67,getFormattedValue
FN:86,getActionDetail
FNF:6
FNH:0
FNDA:0,AuditLog
FNDA:0,fetchData
FNDA:0,(anonymous_8)
FNDA:0,(anonymous_9)
FNDA:0,getFormattedValue
FNDA:0,getActionDetail
DA:1,1
DA:4,1
DA:5,1
DA:9,0
DA:10,0
DA:13,0
DA:14,0
DA:18,0
DA:19,0
DA:22,0
DA:23,0
DA:26,0
DA:27,0
DA:28,0
DA:41,0
DA:50,0
DA:52,0
DA:71,0
DA:72,0
DA:75,0
DA:76,0
DA:79,0
DA:80,0
DA:83,0
DA:92,0
DA:93,0
DA:95,0
DA:96,0
DA:98,0
DA:101,0
DA:108,0
DA:110,0
DA:117,0
DA:127,1
LF:34
LH:4
BRDA:18,0,0,0
BRDA:22,1,0,0
BRDA:71,2,0,0
BRDA:71,3,0,0
BRDA:71,3,1,0
BRDA:75,4,0,0
BRDA:79,5,0,0
BRDA:79,6,0,0
BRDA:79,6,1,0
BRDA:79,6,2,0
BRDA:95,7,0,0
BRDA:95,7,1,0
BRDA:95,8,0,0
BRDA:95,8,1,0
BRDA:96,9,0,0
BRDA:96,9,1,0
BRDA:108,10,0,0
BRDA:108,10,1,0
BRF:18
BRH:0
end_of_record
TN:
SF:static/runtime_config/index.tsx
FN:16,RuntimeConfig
FN:49,resetCurrentRowData
FN:58,fetchData
FN:59,(anonymous_12)
FN:64,fetchDescriptions
FN:65,(anonymous_14)
FN:70,addNewConfig
FN:77,resetForm
FN:83,enterEditMode
FN:93,updateDescription
FN:94,(anonymous_19)
FN:100,(anonymous_20)
FN:110,(anonymous_21)
FN:111,(anonymous_22)
FN:116,(anonymous_23)
FN:128,(anonymous_24)
FN:129,(anonymous_25)
FN:132,(anonymous_26)
FN:144,(anonymous_27)
FN:149,(anonymous_28)
FN:160,(anonymous_29)
FN:161,(anonymous_30)
FN:163,(anonymous_31)
FN:172,(anonymous_32)
FN:174,(anonymous_33)
FN:185,(anonymous_34)
FN:186,(anonymous_35)
FN:193,(anonymous_36)
FN:194,(anonymous_37)
FN:199,(anonymous_38)
FN:206,(anonymous_39)
FN:207,(anonymous_40)
FN:216,(anonymous_41)
FNF:33
FNH:0
FNDA:0,RuntimeConfig
FNDA:0,resetCurrentRowData
FNDA:0,fetchData
FNDA:0,(anonymous_12)
FNDA:0,fetchDescriptions
FNDA:0,(anonymous_14)
FNDA:0,addNewConfig
FNDA:0,resetForm
FNDA:0,enterEditMode
FNDA:0,updateDescription
FNDA:0,(anonymous_19)
FNDA:0,(anonymous_20)
FNDA:0,(anonymous_21)
FNDA:0,(anonymous_22)
FNDA:0,(anonymous_23)
FNDA:0,(anonymous_24)
FNDA:0,(anonymous_25)
FNDA:0,(anonymous_26)
FNDA:0,(anonymous_27)
FNDA:0,(anonymous_28)
FNDA:0,(anonymous_29)
FNDA:0,(anonymous_30)
FNDA:0,(anonymous_31)
FNDA:0,(anonymous_32)
FNDA:0,(anonymous_33)
FNDA:0,(anonymous_34)
FNDA:0,(anonymous_35)
FNDA:0,(anonymous_36)
FNDA:0,(anonymous_37)
FNDA:0,(anonymous_38)
FNDA:0,(anonymous_39)
FNDA:0,(anonymous_40)
FNDA:0,(anonymous_41)
DA:1,1
DA:3,1
DA:13,1
DA:14,1
DA:17,0
DA:20,0
DA:31,0
DA:34,0
DA:39,0
DA:42,0
DA:50,0
DA:54,0
DA:55,0
DA:59,0
DA:60,0
DA:65,0
DA:66,0
DA:71,0
DA:72,0
DA:73,0
DA:74,0
DA:78,0
DA:79,0
DA:80,0
DA:89,0
DA:90,0
DA:94,0
DA:95,0
DA:99,0
DA:100,0
DA:101,0
DA:102,0
DA:103,0
DA:104,0
DA:111,0
DA:112,0
DA:117,0
DA:122,0
DA:129,0
DA:130,0
DA:131,0
DA:132,0
DA:134,0
DA:135,0
DA:137,0
DA:138,0
DA:140,0
DA:142,0
DA:145,0
DA:150,0
DA:151,0
DA:161,0
DA:162,0
DA:163,0
DA:166,0
DA:168,0
DA:172,0
DA:175,0
DA:179,0
DA:180,0
DA:186,0
DA:187,0
DA:189,0
DA:190,0
DA:194,0
DA:195,0
DA:200,0
DA:207,0
DA:208,0
DA:209,0
DA:211,0
DA:214,0
DA:217,0
DA:224,0
DA:225,0
DA:228,0
DA:244,0
DA:248,1
LF:78
LH:5
BRDA:54,0,0,0
BRDA:99,1,0,0
BRDA:99,1,1,0
BRDA:103,2,0,0
BRDA:103,2,1,0
BRDA:104,3,0,0
BRDA:104,3,1,0
BRDA:117,4,0,0
BRDA:130,5,0,0
BRDA:134,6,0,0
BRDA:150,7,0,0
BRDA:162,8,0,0
BRDA:179,9,0,0
BRDA:189,10,0,0
BRDA:208,11,0,0
BRDA:208,11,1,0
BRDA:224,12,0,0
BRDA:236,13,0,0
BRDA:236,13,1,0
BRDA:236,13,2,0
BRF:20
BRH:0
end_of_record
TN:
SF:static/runtime_config/row_data.tsx
FN:15,Space
FN:20,getReadonlyRow
FN:34,(anonymous_5)
FN:41,getEditableRow
FN:58,(anonymous_7)
FN:67,(anonymous_8)
FN:71,(anonymous_9)
FN:78,getNewRow
FN:98,(anonymous_11)
FNF:9
FNH:0
FNDA:0,Space
FNDA:0,getReadonlyRow
FNDA:0,(anonymous_5)
FNDA:0,getEditableRow
FNDA:0,(anonymous_7)
FNDA:0,(anonymous_8)
FNDA:0,(anonymous_9)
FNDA:0,getNewRow
FNDA:0,(anonymous_11)
DA:1,1
DA:3,1
DA:4,1
DA:13,1
DA:16,0
DA:17,0
DA:28,0
DA:34,0
DA:52,0
DA:58,0
DA:67,0
DA:71,0
DA:88,0
DA:98,0
DA:105,1
LF:15
LH:5
BRDA:16,0,0,0
BRDA:16,0,1,0
BRDA:33,1,0,0
BRDA:33,1,1,0
BRF:4
BRH:0
end_of_record
TN:
SF:static/runtime_config/styles.tsx
FNF:0
FNH:0
DA:1,1
DA:3,1
DA:8,1
DA:15,1
DA:20,1
LF:5
LH:5
BRF:0
BRH:0
end_of_record
TN:
SF:static/snql_to_sql/index.tsx
FN:18,SnQLToSQL
FN:25,(anonymous_11)
FN:26,(anonymous_12)
FN:31,selectDataset
FN:32,(anonymous_14)
FN:40,updateQuerySql
FN:41,(anonymous_16)
FN:49,convertQuery
FN:52,(anonymous_18)
FN:58,(anonymous_19)
FN:93,(anonymous_20)
FNF:11
FNH:0
FNDA:0,SnQLToSQL
FNDA:0,(anonymous_11)
FNDA:0,(anonymous_12)
FNDA:0,selectDataset
FNDA:0,(anonymous_14)
FNDA:0,updateQuerySql
FNDA:0,(anonymous_16)
FNDA:0,convertQuery
FNDA:0,(anonymous_18)
FNDA:0,(anonymous_19)
FNDA:0,(anonymous_20)
DA:1,1
DA:3,1
DA:5,1
DA:6,1
DA:7,1
DA:8,1
DA:9,1
DA:17,1
DA:19,0
DA:20,0
DA:21,0
DA:25,0
DA:26,0
DA:27,0
DA:32,0
DA:33,0
DA:41,0
DA:42,0
DA:50,0
DA:53,0
DA:57,0
DA:58,0
DA:62,0
DA:93,0
DA:104,1
LF:25
LH:9
BRDA:67,0,0,0
BRDA:67,0,1,0
BRDA:72,1,0,0
BRDA:72,1,1,0
BRDA:82,2,0,0
BRDA:82,2,1,0
BRF:6
BRH:0
end_of_record
TN:
SF:static/snql_to_sql/styles.tsx
FNF:0
FNH:0
DA:1,1
DA:7,1
DA:13,1
DA:18,1
DA:21,1
DA:22,1
DA:23,1
DA:24,1
LF:8
LH:8
BRF:0
BRH:0
end_of_record
TN:
SF:static/snql_to_sql/utils.tsx
FN:3,TextArea
FN:12,(anonymous_2)
FN:19,copyText
FNF:3
FNH:0
FNDA:0,TextArea
FNDA:0,(anonymous_2)
FNDA:0,copyText
DA:1,1
DA:7,0
DA:8,0
DA:12,0
DA:20,0
DA:23,1
LF:6
LH:2
BRF:0
BRH:0
end_of_record
TN:
SF:static/snuba_explain/index.tsx
FN:24,SnubaExplain
FN:31,(anonymous_11)
FN:32,(anonymous_12)
FN:37,selectDataset
FN:38,(anonymous_14)
FN:46,updateQuerySnQL
FN:47,(anonymous_16)
FN:55,explainQuery
FN:58,(anonymous_18)
FN:65,(anonymous_19)
FN:76,(anonymous_20)
FN:95,(anonymous_21)
FN:128,(anonymous_22)
FN:131,(anonymous_23)
FNF:14
FNH:0
FNDA:0,SnubaExplain
FNDA:0,(anonymous_11)
FNDA:0,(anonymous_12)
FNDA:0,selectDataset
FNDA:0,(anonymous_14)
FNDA:0,updateQuerySnQL
FNDA:0,(anonymous_16)
FNDA:0,explainQuery
FNDA:0,(anonymous_18)
FNDA:0,(anonymous_19)
FNDA:0,(anonymous_20)
FNDA:0,(anonymous_21)
FNDA:0,(anonymous_22)
FNDA:0,(anonymous_23)
DA:1,1
DA:2,1
DA:5,1
DA:6,1
DA:13,1
DA:14,1
DA:15,1
DA:16,1
DA:17,1
DA:23,1
DA:25,0
DA:26,0
DA:27,0
DA:31,0
DA:32,0
DA:33,0
DA:38,0
DA:39,0
DA:47,0
DA:48,0
DA:56,0
DA:59,0
DA:64,0
DA:65,0
DA:70,0
DA:71,0
DA:72,0
DA:73,0
DA:75,0
DA:77,0
DA:78,0
DA:79,0
DA:80,0
DA:82,0
DA:84,0
DA:91,0
DA:96,0
DA:128,0
DA:131,0
DA:151,1
LF:40
LH:11
BRDA:70,0,0,0
BRDA:73,1,0,0
BRDA:77,2,0,0
BRDA:77,2,1,0
BRDA:79,3,0,0
BRDA:79,3,1,0
BRDA:102,4,0,0
BRDA:102,4,1,0
BRDA:113,5,0,0
BRDA:113,5,1,0
BRDA:120,6,0,0
BRDA:120,6,1,0
BRDA:120,6,2,0
BRDA:120,6,3,0
BRF:14
BRH:0
end_of_record
TN:
SF:static/snuba_explain/step_render.tsx
FN:13,QueryTransformStep
FN:32,Step
FNF:2
FNH:0
FNDA:0,QueryTransformStep
FNDA:0,Step
DA:1,1
DA:3,1
DA:5,1
DA:7,1
DA:14,0
DA:15,0
DA:16,0
DA:17,0
DA:23,0
DA:25,0
DA:33,0
DA:34,0
DA:35,0
DA:37,0
DA:41,1
LF:15
LH:5
BRDA:16,0,0,0
BRDA:34,1,0,0
BRDA:34,1,1,0
BRF:3
BRH:0
end_of_record
TN:
SF:static/snuba_explain/styles.tsx
FNF:0
FNH:0
DA:1,1
DA:7,1
DA:13,1
DA:18,1
DA:20,1
DA:28,1
DA:29,1
DA:30,1
DA:31,1
DA:32,1
LF:10
LH:10
BRF:0
BRH:0
end_of_record
TN:
SF:static/tests/tracing/fixture.tsx
FNF:0
FNH:0
DA:1,1
DA:9,1
LF:2
LH:2
BRF:0
BRH:0
end_of_record
TN:
SF:static/tracing/index.tsx
FN:28,(anonymous_1)
FN:42,getMessageCategory
FN:65,TracingQueries
FN:66,tablePopulator
FN:76,tracingOutput
FN:81,(anonymous_6)
FN:120,rawTraceDisplay
FN:131,(anonymous_8)
FN:142,(anonymous_9)
FN:153,indexSummary
FN:165,selectSummary
FN:187,streamSummary
FN:196,aggregationSummary
FN:205,sortingSummary
FN:214,executeSummary
FN:223,querySummary
FN:228,(anonymous_17)
FN:231,(anonymous_18)
FN:234,(anonymous_19)
FN:239,(anonymous_20)
FN:242,(anonymous_21)
FN:262,(anonymous_22)
FN:269,summarizedTraceDisplay
FN:288,(anonymous_24)
FN:289,(anonymous_25)
FNF:25
FNH:2
FNDA:2,(anonymous_1)
FNDA:0,getMessageCategory
FNDA:6,TracingQueries
FNDA:0,tablePopulator
FNDA:0,tracingOutput
FNDA:0,(anonymous_6)
FNDA:0,rawTraceDisplay
FNDA:0,(anonymous_8)
FNDA:0,(anonymous_9)
FNDA:0,indexSummary
FNDA:0,selectSummary
FNDA:0,streamSummary
FNDA:0,aggregationSummary
FNDA:0,sortingSummary
FNDA:0,executeSummary
FNDA:0,querySummary
FNDA:0,(anonymous_17)
FNDA:0,(anonymous_18)
FNDA:0,(anonymous_19)
FNDA:0,(anonymous_20)
FNDA:0,(anonymous_21)
FNDA:0,(anonymous_22)
FNDA:0,summarizedTraceDisplay
FNDA:0,(anonymous_24)
FNDA:0,(anonymous_25)
DA:1,2
DA:2,2
DA:5,2
DA:28,2
DA:29,2
DA:30,2
DA:31,2
DA:32,2
DA:33,2
DA:36,2
DA:43,0
DA:44,0
DA:48,0
DA:49,0
DA:50,0
DA:51,0
DA:54,0
DA:55,0
DA:59,0
DA:61,0
DA:67,0
DA:68,0
DA:69,0
DA:71,0
DA:73,0
DA:77,0
DA:81,0
DA:82,0
DA:83,0
DA:94,0
DA:95,0
DA:96,0
DA:105,0
DA:121,0
DA:123,0
DA:124,0
DA:125,0
DA:128,0
DA:132,0
DA:133,0
DA:134,0
DA:143,0
DA:154,0
DA:166,0
DA:188,0
DA:197,0
DA:206,0
DA:215,0
DA:224,0
DA:226,0
DA:227,0
DA:228,0
DA:230,0
DA:231,0
DA:233,0
DA:234,0
DA:237,0
DA:238,0
DA:239,0
DA:241,0
DA:242,0
DA:244,0
DA:245,0
DA:262,0
DA:273,0
DA:274,0
DA:275,0
DA:276,0
DA:278,0
DA:281,0
DA:288,0
DA:289,0
DA:295,6
DA:306,2
LF:74
LH:12
BRDA:28,0,0,2
BRDA:28,0,1,2
BRDA:44,1,0,0
BRDA:44,1,1,0
BRDA:45,2,0,0
BRDA:45,2,1,0
BRDA:49,3,0,0
BRDA:49,3,1,0
BRDA:51,4,0,0
BRDA:51,4,1,0
BRDA:55,5,0,0
BRDA:55,5,1,0
BRDA:56,6,0,0
BRDA:56,6,1,0
BRDA:56,6,2,0
BRDA:68,7,0,0
BRDA:68,7,1,0
BRDA:82,8,0,0
BRDA:82,8,1,0
BRDA:94,9,0,0
BRDA:95,10,0,0
BRDA:95,10,1,0
BRDA:224,11,0,0
BRDA:224,11,1,0
BRDA:226,12,0,0
BRDA:226,12,1,0
BRDA:227,13,0,0
BRDA:227,13,1,0
BRDA:230,14,0,0
BRDA:230,14,1,0
BRDA:233,15,0,0
BRDA:233,15,1,0
BRDA:237,16,0,0
BRDA:237,16,1,0
BRDA:237,16,2,0
BRDA:238,17,0,0
BRDA:238,17,1,0
BRDA:241,18,0,0
BRDA:241,18,1,0
BRDA:244,19,0,0
BRDA:244,19,1,0
BRDA:249,20,0,0
BRDA:249,20,1,0
BRDA:254,21,0,0
BRDA:254,21,1,0
BRDA:258,22,0,0
BRDA:258,22,1,0
BRDA:262,23,0,0
BRDA:262,23,1,0
BRDA:275,24,0,0
BRDA:275,24,1,0
BRF:51
BRH:2
end_of_record
TN:
SF:static/tracing/query_display.tsx
FN:22,QueryDisplay
FN:39,(anonymous_11)
FN:40,(anonymous_12)
FN:41,(anonymous_13)
FN:45,updateQuerySql
FN:46,(anonymous_15)
FN:54,executeQuery
FN:57,(anonymous_17)
FN:71,(anonymous_18)
FN:78,selectStorage
FN:79,(anonymous_20)
FN:88,copyText
FN:96,(anonymous_22)
FN:118,(anonymous_23)
FN:128,(anonymous_24)
FN:132,(anonymous_25)
FN:136,(anonymous_26)
FNF:17
FNH:7
FNDA:6,QueryDisplay
FNDA:1,(anonymous_11)
FNDA:1,(anonymous_12)
FNDA:1,(anonymous_13)
FNDA:4,updateQuerySql
FNDA:4,(anonymous_15)
FNDA:0,executeQuery
FNDA:0,(anonymous_17)
FNDA:0,(anonymous_18)
FNDA:0,selectStorage
FNDA:0,(anonymous_20)
FNDA:0,copyText
FNDA:4,(anonymous_22)
FNDA:0,(anonymous_23)
FNDA:0,(anonymous_24)
FNDA:0,(anonymous_25)
FNDA:0,(anonymous_26)
DA:1,2
DA:2,2
DA:12,2
DA:13,2
DA:14,2
DA:15,2
DA:16,2
DA:21,2
DA:30,6
DA:31,6
DA:34,6
DA:37,6
DA:39,6
DA:40,1
DA:41,1
DA:46,4
DA:47,4
DA:55,0
DA:58,0
DA:70,0
DA:71,0
DA:79,0
DA:80,0
DA:85,0
DA:89,0
DA:92,6
DA:97,4
DA:119,0
DA:128,0
DA:132,0
DA:136,0
DA:161,2
DA:167,2
DA:171,2
LF:34
LH:22
BRDA:103,0,0,6
BRDA:103,0,1,6
BRDA:111,1,0,6
BRDA:111,1,1,0
BRDA:132,2,0,0
BRDA:132,2,1,0
BRF:6
BRH:3
end_of_record
TN:
SF:static/utils/execute_button.tsx
FN:4,ExecuteButton
FN:14,(anonymous_7)
FN:20,executeQuery
FN:27,(anonymous_9)
FN:30,(anonymous_10)
FN:38,(anonymous_11)
FNF:6
FNH:4
FNDA:11,ExecuteButton
FNDA:0,(anonymous_7)
FNDA:2,executeQuery
FNDA:0,(anonymous_9)
FNDA:1,(anonymous_10)
FNDA:2,(anonymous_11)
DA:1,3
DA:2,3
DA:10,11
DA:12,11
DA:14,11
DA:15,0
DA:16,0
DA:18,11
DA:21,2
DA:22,0
DA:24,2
DA:25,2
DA:28,0
DA:31,1
DA:35,11
DA:39,2
DA:40,2
DA:51,3
LF:18
LH:14
BRDA:12,0,0,11
BRDA:12,0,1,11
BRDA:18,1,0,11
BRDA:18,1,1,11
BRDA:21,2,0,0
BRDA:43,3,0,11
BRDA:43,3,1,9
BRF:7
BRH:6
end_of_record
TN:
SF:static/welcome/index.tsx
FN:4,Welcome
FN:7,(anonymous_7)
FN:8,(anonymous_8)
FN:13,urls
FN:23,(anonymous_10)
FNF:5
FNH:0
FNDA:0,Welcome
FNDA:0,(anonymous_7)
FNDA:0,(anonymous_8)
FNDA:0,urls
FNDA:0,(anonymous_10)
DA:1,1
DA:5,0
DA:7,0
DA:8,0
DA:9,0
DA:14,0
DA:23,0
DA:38,0
DA:41,1
LF:9
LH:2
BRF:0
BRH:0
end_of_record
